<?xml version="1.0" encoding="UTF-8"?>
<testsuite xmlns:xsi="http://www.w3.org/2001/XMLSchema-instance" xsi:noNamespaceSchemaLocation="https://maven.apache.org/surefire/maven-surefire-plugin/xsd/surefire-test-report.xsd" version="3.0.2" name="org.account.ExampleResourceTest" time="1.801" tests="1" errors="1" skipped="0" failures="0">
  <properties>
[...]
</properties>
  <testcase name="testHelloEndpoint" classname="org.account.ExampleResourceTest" time="0.007">
    <error message="java.lang.RuntimeException: io.quarkus.builder.BuildException: Build failure: Build failed due to errors&#10;	[error]: Build step io.quarkus.arc.deployment.ArcProcessor#validate threw an exception: jakarta.enterprise.inject.spi.DeploymentException: jakarta.enterprise.inject.UnsatisfiedResolutionException: Unsatisfied dependency for type org.account.service.Session and qualifiers [@Default]&#10;	- injection target: parameter &apos;session&apos; of org.account.rest.UsersResource constructor&#10;	- declared on CLASS bean [types=[java.lang.Object, org.account.rest.UsersResource], qualifiers=[@Default, @Any], target=org.account.rest.UsersResource]&#10;	at io.quarkus.arc.processor.BeanDeployment.processErrors(BeanDeployment.java:1551)&#10;	at io.quarkus.arc.processor.BeanDeployment.init(BeanDeployment.java:338)&#10;	at io.quarkus.arc.processor.BeanProcessor.initialize(BeanProcessor.java:167)&#10;	at io.quarkus.arc.deployment.ArcProcessor.validate(ArcProcessor.java:490)&#10;	at java.base/java.lang.invoke.MethodHandle.invokeWithArguments(MethodHandle.java:732)&#10;	at io.quarkus.deployment.ExtensionLoader$3.execute(ExtensionLoader.java:856)&#10;	at io.quarkus.builder.BuildContext.run(BuildContext.java:256)&#10;	at org.jboss.threads.ContextHandler$1.runWith(ContextHandler.java:18)&#10;	at org.jboss.threads.EnhancedQueueExecutor$Task.doRunWith(EnhancedQueueExecutor.java:2516)&#10;	at org.jboss.threads.EnhancedQueueExecutor$Task.run(EnhancedQueueExecutor.java:2495)&#10;	at org.jboss.threads.EnhancedQueueExecutor$ThreadBody.run(EnhancedQueueExecutor.java:1521)&#10;	at java.base/java.lang.Thread.run(Thread.java:840)&#10;	at org.jboss.threads.JBossThread.run(JBossThread.java:483)&#10;Caused by: jakarta.enterprise.inject.UnsatisfiedResolutionException: Unsatisfied dependency for type org.account.service.Session and qualifiers [@Default]&#10;	- injection target: parameter &apos;session&apos; of org.account.rest.UsersResource constructor&#10;	- declared on CLASS bean [types=[java.lang.Object, org.account.rest.UsersResource], qualifiers=[@Default, @Any], target=org.account.rest.UsersResource]&#10;	at io.quarkus.arc.processor.Beans.resolveInjectionPoint(Beans.java:545)&#10;	at io.quarkus.arc.processor.BeanInfo.init(BeanInfo.java:667)&#10;	at io.quarkus.arc.processor.BeanDeployment.init(BeanDeployment.java:323)&#10;	... 11 more&#10;" type="java.lang.RuntimeException"><![CDATA[java.lang.RuntimeException: 
java.lang.RuntimeException: io.quarkus.builder.BuildException: Build failure: Build failed due to errors
	[error]: Build step io.quarkus.arc.deployment.ArcProcessor#validate threw an exception: jakarta.enterprise.inject.spi.DeploymentException: jakarta.enterprise.inject.UnsatisfiedResolutionException: Unsatisfied dependency for type org.account.service.Session and qualifiers [@Default]
	- injection target: parameter 'session' of org.account.rest.UsersResource constructor
	- declared on CLASS bean [types=[java.lang.Object, org.account.rest.UsersResource], qualifiers=[@Default, @Any], target=org.account.rest.UsersResource]
	at io.quarkus.arc.processor.BeanDeployment.processErrors(BeanDeployment.java:1551)
	at io.quarkus.arc.processor.BeanDeployment.init(BeanDeployment.java:338)
	at io.quarkus.arc.processor.BeanProcessor.initialize(BeanProcessor.java:167)
	at io.quarkus.arc.deployment.ArcProcessor.validate(ArcProcessor.java:490)
	at java.base/java.lang.invoke.MethodHandle.invokeWithArguments(MethodHandle.java:732)
	at io.quarkus.deployment.ExtensionLoader$3.execute(ExtensionLoader.java:856)
	at io.quarkus.builder.BuildContext.run(BuildContext.java:256)
	at org.jboss.threads.ContextHandler$1.runWith(ContextHandler.java:18)
	at org.jboss.threads.EnhancedQueueExecutor$Task.doRunWith(EnhancedQueueExecutor.java:2516)
	at org.jboss.threads.EnhancedQueueExecutor$Task.run(EnhancedQueueExecutor.java:2495)
	at org.jboss.threads.EnhancedQueueExecutor$ThreadBody.run(EnhancedQueueExecutor.java:1521)
	at java.base/java.lang.Thread.run(Thread.java:840)
	at org.jboss.threads.JBossThread.run(JBossThread.java:483)
Caused by: jakarta.enterprise.inject.UnsatisfiedResolutionException: Unsatisfied dependency for type org.account.service.Session and qualifiers [@Default]
	- injection target: parameter 'session' of org.account.rest.UsersResource constructor
	- declared on CLASS bean [types=[java.lang.Object, org.account.rest.UsersResource], qualifiers=[@Default, @Any], target=org.account.rest.UsersResource]
	at io.quarkus.arc.processor.Beans.resolveInjectionPoint(Beans.java:545)
	at io.quarkus.arc.processor.BeanInfo.init(BeanInfo.java:667)
	at io.quarkus.arc.processor.BeanDeployment.init(BeanDeployment.java:323)
	... 11 more

	at io.quarkus.test.junit.QuarkusTestExtension.throwBootFailureException(QuarkusTestExtension.java:634)
	at io.quarkus.test.junit.QuarkusTestExtension.interceptTestClassConstructor(QuarkusTestExtension.java:718)
	at java.base/java.util.Optional.orElseGet(Optional.java:364)
	at java.base/java.util.ArrayList.forEach(ArrayList.java:1511)
	at java.base/java.util.ArrayList.forEach(ArrayList.java:1511)
Caused by: java.lang.RuntimeException: io.quarkus.builder.BuildException: Build failure: Build failed due to errors
	[error]: Build step io.quarkus.arc.deployment.ArcProcessor#validate threw an exception: jakarta.enterprise.inject.spi.DeploymentException: jakarta.enterprise.inject.UnsatisfiedResolutionException: Unsatisfied dependency for type org.account.service.Session and qualifiers [@Default]
	- injection target: parameter 'session' of org.account.rest.UsersResource constructor
	- declared on CLASS bean [types=[java.lang.Object, org.account.rest.UsersResource], qualifiers=[@Default, @Any], target=org.account.rest.UsersResource]
	at io.quarkus.arc.processor.BeanDeployment.processErrors(BeanDeployment.java:1551)
	at io.quarkus.arc.processor.BeanDeployment.init(BeanDeployment.java:338)
	at io.quarkus.arc.processor.BeanProcessor.initialize(BeanProcessor.java:167)
	at io.quarkus.arc.deployment.ArcProcessor.validate(ArcProcessor.java:490)
	at java.base/java.lang.invoke.MethodHandle.invokeWithArguments(MethodHandle.java:732)
	at io.quarkus.deployment.ExtensionLoader$3.execute(ExtensionLoader.java:856)
	at io.quarkus.builder.BuildContext.run(BuildContext.java:256)
	at org.jboss.threads.ContextHandler$1.runWith(ContextHandler.java:18)
	at org.jboss.threads.EnhancedQueueExecutor$Task.doRunWith(EnhancedQueueExecutor.java:2516)
	at org.jboss.threads.EnhancedQueueExecutor$Task.run(EnhancedQueueExecutor.java:2495)
	at org.jboss.threads.EnhancedQueueExecutor$ThreadBody.run(EnhancedQueueExecutor.java:1521)
	at java.base/java.lang.Thread.run(Thread.java:840)
	at org.jboss.threads.JBossThread.run(JBossThread.java:483)
Caused by: jakarta.enterprise.inject.UnsatisfiedResolutionException: Unsatisfied dependency for type org.account.service.Session and qualifiers [@Default]
	- injection target: parameter 'session' of org.account.rest.UsersResource constructor
	- declared on CLASS bean [types=[java.lang.Object, org.account.rest.UsersResource], qualifiers=[@Default, @Any], target=org.account.rest.UsersResource]
	at io.quarkus.arc.processor.Beans.resolveInjectionPoint(Beans.java:545)
	at io.quarkus.arc.processor.BeanInfo.init(BeanInfo.java:667)
	at io.quarkus.arc.processor.BeanDeployment.init(BeanDeployment.java:323)
	... 11 more

	at io.quarkus.runner.bootstrap.AugmentActionImpl.runAugment(AugmentActionImpl.java:354)
	at io.quarkus.runner.bootstrap.AugmentActionImpl.createInitialRuntimeApplication(AugmentActionImpl.java:272)
	at io.quarkus.runner.bootstrap.AugmentActionImpl.createInitialRuntimeApplication(AugmentActionImpl.java:62)
	at io.quarkus.test.junit.QuarkusTestExtension.doJavaStart(QuarkusTestExtension.java:219)
	at io.quarkus.test.junit.QuarkusTestExtension.ensureStarted(QuarkusTestExtension.java:601)
	at io.quarkus.test.junit.QuarkusTestExtension.beforeAll(QuarkusTestExtension.java:651)
	... 1 more
Caused by: io.quarkus.builder.BuildException: Build failure: Build failed due to errors
	[error]: Build step io.quarkus.arc.deployment.ArcProcessor#validate threw an exception: jakarta.enterprise.inject.spi.DeploymentException: jakarta.enterprise.inject.UnsatisfiedResolutionException: Unsatisfied dependency for type org.account.service.Session and qualifiers [@Default]
	- injection target: parameter 'session' of org.account.rest.UsersResource constructor
	- declared on CLASS bean [types=[java.lang.Object, org.account.rest.UsersResource], qualifiers=[@Default, @Any], target=org.account.rest.UsersResource]
	at io.quarkus.arc.processor.BeanDeployment.processErrors(BeanDeployment.java:1551)
	at io.quarkus.arc.processor.BeanDeployment.init(BeanDeployment.java:338)
	at io.quarkus.arc.processor.BeanProcessor.initialize(BeanProcessor.java:167)
	at io.quarkus.arc.deployment.ArcProcessor.validate(ArcProcessor.java:490)
	at java.base/java.lang.invoke.MethodHandle.invokeWithArguments(MethodHandle.java:732)
	at io.quarkus.deployment.ExtensionLoader$3.execute(ExtensionLoader.java:856)
	at io.quarkus.builder.BuildContext.run(BuildContext.java:256)
	at org.jboss.threads.ContextHandler$1.runWith(ContextHandler.java:18)
	at org.jboss.threads.EnhancedQueueExecutor$Task.doRunWith(EnhancedQueueExecutor.java:2516)
	at org.jboss.threads.EnhancedQueueExecutor$Task.run(EnhancedQueueExecutor.java:2495)
	at org.jboss.threads.EnhancedQueueExecutor$ThreadBody.run(EnhancedQueueExecutor.java:1521)
	at java.base/java.lang.Thread.run(Thread.java:840)
	at org.jboss.threads.JBossThread.run(JBossThread.java:483)
Caused by: jakarta.enterprise.inject.UnsatisfiedResolutionException: Unsatisfied dependency for type org.account.service.Session and qualifiers [@Default]
	- injection target: parameter 'session' of org.account.rest.UsersResource constructor
	- declared on CLASS bean [types=[java.lang.Object, org.account.rest.UsersResource], qualifiers=[@Default, @Any], target=org.account.rest.UsersResource]
	at io.quarkus.arc.processor.Beans.resolveInjectionPoint(Beans.java:545)
	at io.quarkus.arc.processor.BeanInfo.init(BeanInfo.java:667)
	at io.quarkus.arc.processor.BeanDeployment.init(BeanDeployment.java:323)
	... 11 more

	at io.quarkus.builder.Execution.run(Execution.java:123)
	at io.quarkus.builder.BuildExecutionBuilder.execute(BuildExecutionBuilder.java:79)
	at io.quarkus.deployment.QuarkusAugmentor.run(QuarkusAugmentor.java:161)
	at io.quarkus.runner.bootstrap.AugmentActionImpl.runAugment(AugmentActionImpl.java:350)
	... 6 more
Caused by: jakarta.enterprise.inject.spi.DeploymentException: jakarta.enterprise.inject.UnsatisfiedResolutionException: Unsatisfied dependency for type org.account.service.Session and qualifiers [@Default]
	- injection target: parameter 'session' of org.account.rest.UsersResource constructor
	- declared on CLASS bean [types=[java.lang.Object, org.account.rest.UsersResource], qualifiers=[@Default, @Any], target=org.account.rest.UsersResource]
	at io.quarkus.arc.processor.BeanDeployment.processErrors(BeanDeployment.java:1551)
	at io.quarkus.arc.processor.BeanDeployment.init(BeanDeployment.java:338)
	at io.quarkus.arc.processor.BeanProcessor.initialize(BeanProcessor.java:167)
	at io.quarkus.arc.deployment.ArcProcessor.validate(ArcProcessor.java:490)
	at java.base/java.lang.invoke.MethodHandle.invokeWithArguments(MethodHandle.java:732)
	at io.quarkus.deployment.ExtensionLoader$3.execute(ExtensionLoader.java:856)
	at io.quarkus.builder.BuildContext.run(BuildContext.java:256)
	at org.jboss.threads.ContextHandler$1.runWith(ContextHandler.java:18)
	at org.jboss.threads.EnhancedQueueExecutor$Task.doRunWith(EnhancedQueueExecutor.java:2516)
	at org.jboss.threads.EnhancedQueueExecutor$Task.run(EnhancedQueueExecutor.java:2495)
	at org.jboss.threads.EnhancedQueueExecutor$ThreadBody.run(EnhancedQueueExecutor.java:1521)
	at java.base/java.lang.Thread.run(Thread.java:840)
	at org.jboss.threads.JBossThread.run(JBossThread.java:483)
Caused by: jakarta.enterprise.inject.UnsatisfiedResolutionException: Unsatisfied dependency for type org.account.service.Session and qualifiers [@Default]
	- injection target: parameter 'session' of org.account.rest.UsersResource constructor
	- declared on CLASS bean [types=[java.lang.Object, org.account.rest.UsersResource], qualifiers=[@Default, @Any], target=org.account.rest.UsersResource]
	at io.quarkus.arc.processor.Beans.resolveInjectionPoint(Beans.java:545)
	at io.quarkus.arc.processor.BeanInfo.init(BeanInfo.java:667)
	at io.quarkus.arc.processor.BeanDeployment.init(BeanDeployment.java:323)
	... 11 more
]]></error>
    <system-out><![CDATA[2024-10-01 13:45:05,662 ERROR [resteasy-problem] (build-46) `quarkus-resteasy-problem` extension is useless without RESTeasy Json Provider. Please add `quarkus-resteasy-jackson` or `quarkus-resteasy-jsonb` (or reactive versions) to your pom.xml.
]]></system-out>
  </testcase>
</testsuite>