<?xml version="1.0" encoding="UTF-8"?>
<testsuite xmlns:xsi="http://www.w3.org/2001/XMLSchema-instance" xsi:noNamespaceSchemaLocation="https://maven.apache.org/surefire/maven-surefire-plugin/xsd/surefire-test-report-3.0.xsd" version="3.0" name="org.springframework.samples.petclinic.PostgresIntegrationTests" time="20.605" tests="2" errors="2" skipped="0" failures="0">
  <properties>
    <property name="git.tags" value=""/>
    <property name="java.specification.version" value="17"/>
    <property name="sun.jnu.encoding" value="UTF-8"/>
    <property name="git.build.version" value="3.3.0-SNAPSHOT"/>
    <property name="java.class.path" value="/home/ung/IdeaProjects/social-microservice/spring-web-flow/spring-petclinic/spring-petclinic/target/test-classes:/home/ung/IdeaProjects/social-microservice/spring-web-flow/spring-petclinic/spring-petclinic/target/classes:/home/ung/.m2/repository/org/springframework/boot/spring-boot-starter-actuator/3.3.4/spring-boot-starter-actuator-3.3.4.jar:/home/ung/.m2/repository/org/springframework/boot/spring-boot-starter/3.3.4/spring-boot-starter-3.3.4.jar:/home/ung/.m2/repository/org/springframework/boot/spring-boot-starter-logging/3.3.4/spring-boot-starter-logging-3.3.4.jar:/home/ung/.m2/repository/ch/qos/logback/logback-classic/1.5.8/logback-classic-1.5.8.jar:/home/ung/.m2/repository/ch/qos/logback/logback-core/1.5.8/logback-core-1.5.8.jar:/home/ung/.m2/repository/org/apache/logging/log4j/log4j-to-slf4j/2.23.1/log4j-to-slf4j-2.23.1.jar:/home/ung/.m2/repository/org/apache/logging/log4j/log4j-api/2.23.1/log4j-api-2.23.1.jar:/home/ung/.m2/repository/org/slf4j/jul-to-slf4j/2.0.16/jul-to-slf4j-2.0.16.jar:/home/ung/.m2/repository/jakarta/annotation/jakarta.annotation-api/2.1.1/jakarta.annotation-api-2.1.1.jar:/home/ung/.m2/repository/org/yaml/snakeyaml/2.2/snakeyaml-2.2.jar:/home/ung/.m2/repository/org/springframework/boot/spring-boot-actuator-autoconfigure/3.3.4/spring-boot-actuator-autoconfigure-3.3.4.jar:/home/ung/.m2/repository/org/springframework/boot/spring-boot-actuator/3.3.4/spring-boot-actuator-3.3.4.jar:/home/ung/.m2/repository/com/fasterxml/jackson/datatype/jackson-datatype-jsr310/2.17.2/jackson-datatype-jsr310-2.17.2.jar:/home/ung/.m2/repository/io/micrometer/micrometer-observation/1.13.4/micrometer-observation-1.13.4.jar:/home/ung/.m2/repository/io/micrometer/micrometer-commons/1.13.4/micrometer-commons-1.13.4.jar:/home/ung/.m2/repository/io/micrometer/micrometer-jakarta9/1.13.4/micrometer-jakarta9-1.13.4.jar:/home/ung/.m2/repository/io/micrometer/micrometer-core/1.13.4/micrometer-core-1.13.4.jar:/home/ung/.m2/repository/org/hdrhistogram/HdrHistogram/2.2.2/HdrHistogram-2.2.2.jar:/home/ung/.m2/repository/org/latencyutils/LatencyUtils/2.0.3/LatencyUtils-2.0.3.jar:/home/ung/.m2/repository/org/springframework/boot/spring-boot-starter-cache/3.3.4/spring-boot-starter-cache-3.3.4.jar:/home/ung/.m2/repository/org/springframework/spring-context-support/6.1.13/spring-context-support-6.1.13.jar:/home/ung/.m2/repository/org/springframework/spring-beans/6.1.13/spring-beans-6.1.13.jar:/home/ung/.m2/repository/org/springframework/spring-context/6.1.13/spring-context-6.1.13.jar:/home/ung/.m2/repository/org/springframework/boot/spring-boot-starter-data-jpa/3.3.4/spring-boot-starter-data-jpa-3.3.4.jar:/home/ung/.m2/repository/org/springframework/boot/spring-boot-starter-aop/3.3.4/spring-boot-starter-aop-3.3.4.jar:/home/ung/.m2/repository/org/springframework/spring-aop/6.1.13/spring-aop-6.1.13.jar:/home/ung/.m2/repository/org/aspectj/aspectjweaver/1.9.22.1/aspectjweaver-1.9.22.1.jar:/home/ung/.m2/repository/org/springframework/boot/spring-boot-starter-jdbc/3.3.4/spring-boot-starter-jdbc-3.3.4.jar:/home/ung/.m2/repository/com/zaxxer/HikariCP/5.1.0/HikariCP-5.1.0.jar:/home/ung/.m2/repository/org/springframework/spring-jdbc/6.1.13/spring-jdbc-6.1.13.jar:/home/ung/.m2/repository/org/hibernate/orm/hibernate-core/6.5.3.Final/hibernate-core-6.5.3.Final.jar:/home/ung/.m2/repository/jakarta/persistence/jakarta.persistence-api/3.1.0/jakarta.persistence-api-3.1.0.jar:/home/ung/.m2/repository/jakarta/transaction/jakarta.transaction-api/2.0.1/jakarta.transaction-api-2.0.1.jar:/home/ung/.m2/repository/org/jboss/logging/jboss-logging/3.5.3.Final/jboss-logging-3.5.3.Final.jar:/home/ung/.m2/repository/org/hibernate/common/hibernate-commons-annotations/6.0.6.Final/hibernate-commons-annotations-6.0.6.Final.jar:/home/ung/.m2/repository/io/smallrye/jandex/3.1.2/jandex-3.1.2.jar:/home/ung/.m2/repository/com/fasterxml/classmate/1.7.0/classmate-1.7.0.jar:/home/ung/.m2/repository/net/bytebuddy/byte-buddy/1.14.19/byte-buddy-1.14.19.jar:/home/ung/.m2/repository/org/glassfish/jaxb/jaxb-runtime/4.0.5/jaxb-runtime-4.0.5.jar:/home/ung/.m2/repository/org/glassfish/jaxb/jaxb-core/4.0.5/jaxb-core-4.0.5.jar:/home/ung/.m2/repository/org/eclipse/angus/angus-activation/2.0.2/angus-activation-2.0.2.jar:/home/ung/.m2/repository/org/glassfish/jaxb/txw2/4.0.5/txw2-4.0.5.jar:/home/ung/.m2/repository/com/sun/istack/istack-commons-runtime/4.1.2/istack-commons-runtime-4.1.2.jar:/home/ung/.m2/repository/jakarta/inject/jakarta.inject-api/2.0.1/jakarta.inject-api-2.0.1.jar:/home/ung/.m2/repository/org/antlr/antlr4-runtime/4.13.0/antlr4-runtime-4.13.0.jar:/home/ung/.m2/repository/org/springframework/data/spring-data-jpa/3.3.4/spring-data-jpa-3.3.4.jar:/home/ung/.m2/repository/org/springframework/data/spring-data-commons/3.3.4/spring-data-commons-3.3.4.jar:/home/ung/.m2/repository/org/springframework/spring-orm/6.1.13/spring-orm-6.1.13.jar:/home/ung/.m2/repository/org/springframework/spring-tx/6.1.13/spring-tx-6.1.13.jar:/home/ung/.m2/repository/org/slf4j/slf4j-api/2.0.16/slf4j-api-2.0.16.jar:/home/ung/.m2/repository/org/springframework/spring-aspects/6.1.13/spring-aspects-6.1.13.jar:/home/ung/.m2/repository/org/springframework/boot/spring-boot-starter-web/3.3.4/spring-boot-starter-web-3.3.4.jar:/home/ung/.m2/repository/org/springframework/boot/spring-boot-starter-json/3.3.4/spring-boot-starter-json-3.3.4.jar:/home/ung/.m2/repository/com/fasterxml/jackson/datatype/jackson-datatype-jdk8/2.17.2/jackson-datatype-jdk8-2.17.2.jar:/home/ung/.m2/repository/org/springframework/boot/spring-boot-starter-tomcat/3.3.4/spring-boot-starter-tomcat-3.3.4.jar:/home/ung/.m2/repository/org/apache/tomcat/embed/tomcat-embed-core/10.1.30/tomcat-embed-core-10.1.30.jar:/home/ung/.m2/repository/org/apache/tomcat/embed/tomcat-embed-websocket/10.1.30/tomcat-embed-websocket-10.1.30.jar:/home/ung/.m2/repository/org/springframework/spring-web/6.1.13/spring-web-6.1.13.jar:/home/ung/.m2/repository/org/springframework/spring-webmvc/6.1.13/spring-webmvc-6.1.13.jar:/home/ung/.m2/repository/org/springframework/spring-expression/6.1.13/spring-expression-6.1.13.jar:/home/ung/.m2/repository/org/springframework/boot/spring-boot-starter-validation/3.3.4/spring-boot-starter-validation-3.3.4.jar:/home/ung/.m2/repository/org/apache/tomcat/embed/tomcat-embed-el/10.1.30/tomcat-embed-el-10.1.30.jar:/home/ung/.m2/repository/org/hibernate/validator/hibernate-validator/8.0.1.Final/hibernate-validator-8.0.1.Final.jar:/home/ung/.m2/repository/jakarta/validation/jakarta.validation-api/3.0.2/jakarta.validation-api-3.0.2.jar:/home/ung/.m2/repository/org/springframework/boot/spring-boot-starter-thymeleaf/3.3.4/spring-boot-starter-thymeleaf-3.3.4.jar:/home/ung/.m2/repository/org/thymeleaf/thymeleaf-spring6/3.1.2.RELEASE/thymeleaf-spring6-3.1.2.RELEASE.jar:/home/ung/.m2/repository/org/thymeleaf/thymeleaf/3.1.2.RELEASE/thymeleaf-3.1.2.RELEASE.jar:/home/ung/.m2/repository/org/attoparser/attoparser/2.0.7.RELEASE/attoparser-2.0.7.RELEASE.jar:/home/ung/.m2/repository/org/unbescape/unbescape/1.1.6.RELEASE/unbescape-1.1.6.RELEASE.jar:/home/ung/.m2/repository/org/springframework/boot/spring-boot-starter-test/3.3.4/spring-boot-starter-test-3.3.4.jar:/home/ung/.m2/repository/org/springframework/boot/spring-boot-test/3.3.4/spring-boot-test-3.3.4.jar:/home/ung/.m2/repository/org/springframework/boot/spring-boot-test-autoconfigure/3.3.4/spring-boot-test-autoconfigure-3.3.4.jar:/home/ung/.m2/repository/com/jayway/jsonpath/json-path/2.9.0/json-path-2.9.0.jar:/home/ung/.m2/repository/net/minidev/json-smart/2.5.1/json-smart-2.5.1.jar:/home/ung/.m2/repository/net/minidev/accessors-smart/2.5.1/accessors-smart-2.5.1.jar:/home/ung/.m2/repository/org/ow2/asm/asm/9.6/asm-9.6.jar:/home/ung/.m2/repository/org/assertj/assertj-core/3.25.3/assertj-core-3.25.3.jar:/home/ung/.m2/repository/org/awaitility/awaitility/4.2.2/awaitility-4.2.2.jar:/home/ung/.m2/repository/org/hamcrest/hamcrest/2.2/hamcrest-2.2.jar:/home/ung/.m2/repository/org/junit/jupiter/junit-jupiter/5.10.3/junit-jupiter-5.10.3.jar:/home/ung/.m2/repository/org/junit/jupiter/junit-jupiter-api/5.10.3/junit-jupiter-api-5.10.3.jar:/home/ung/.m2/repository/org/opentest4j/opentest4j/1.3.0/opentest4j-1.3.0.jar:/home/ung/.m2/repository/org/junit/platform/junit-platform-commons/1.10.3/junit-platform-commons-1.10.3.jar:/home/ung/.m2/repository/org/apiguardian/apiguardian-api/1.1.2/apiguardian-api-1.1.2.jar:/home/ung/.m2/repository/org/junit/jupiter/junit-jupiter-params/5.10.3/junit-jupiter-params-5.10.3.jar:/home/ung/.m2/repository/org/junit/jupiter/junit-jupiter-engine/5.10.3/junit-jupiter-engine-5.10.3.jar:/home/ung/.m2/repository/org/junit/platform/junit-platform-engine/1.10.3/junit-platform-engine-1.10.3.jar:/home/ung/.m2/repository/org/mockito/mockito-core/5.11.0/mockito-core-5.11.0.jar:/home/ung/.m2/repository/net/bytebuddy/byte-buddy-agent/1.14.19/byte-buddy-agent-1.14.19.jar:/home/ung/.m2/repository/org/objenesis/objenesis/3.3/objenesis-3.3.jar:/home/ung/.m2/repository/org/mockito/mockito-junit-jupiter/5.11.0/mockito-junit-jupiter-5.11.0.jar:/home/ung/.m2/repository/org/skyscreamer/jsonassert/1.5.3/jsonassert-1.5.3.jar:/home/ung/.m2/repository/com/vaadin/external/google/android-json/0.0.20131108.vaadin1/android-json-0.0.20131108.vaadin1.jar:/home/ung/.m2/repository/org/springframework/spring-core/6.1.13/spring-core-6.1.13.jar:/home/ung/.m2/repository/org/springframework/spring-jcl/6.1.13/spring-jcl-6.1.13.jar:/home/ung/.m2/repository/org/springframework/spring-test/6.1.13/spring-test-6.1.13.jar:/home/ung/.m2/repository/org/xmlunit/xmlunit-core/2.9.1/xmlunit-core-2.9.1.jar:/home/ung/.m2/repository/com/h2database/h2/2.2.224/h2-2.2.224.jar:/home/ung/.m2/repository/com/mysql/mysql-connector-j/8.3.0/mysql-connector-j-8.3.0.jar:/home/ung/.m2/repository/org/postgresql/postgresql/42.7.4/postgresql-42.7.4.jar:/home/ung/.m2/repository/org/checkerframework/checker-qual/3.42.0/checker-qual-3.42.0.jar:/home/ung/.m2/repository/javax/cache/cache-api/1.1.1/cache-api-1.1.1.jar:/home/ung/.m2/repository/com/github/ben-manes/caffeine/caffeine/3.1.8/caffeine-3.1.8.jar:/home/ung/.m2/repository/com/google/errorprone/error_prone_annotations/2.21.1/error_prone_annotations-2.21.1.jar:/home/ung/.m2/repository/org/webjars/npm/bootstrap/5.3.3/bootstrap-5.3.3.jar:/home/ung/.m2/repository/org/webjars/npm/font-awesome/4.7.0/font-awesome-4.7.0.jar:/home/ung/.m2/repository/org/springframework/boot/spring-boot-devtools/3.3.4/spring-boot-devtools-3.3.4.jar:/home/ung/.m2/repository/org/springframework/boot/spring-boot/3.3.4/spring-boot-3.3.4.jar:/home/ung/.m2/repository/org/springframework/boot/spring-boot-autoconfigure/3.3.4/spring-boot-autoconfigure-3.3.4.jar:/home/ung/.m2/repository/org/springframework/boot/spring-boot-testcontainers/3.3.4/spring-boot-testcontainers-3.3.4.jar:/home/ung/.m2/repository/org/testcontainers/testcontainers/1.19.8/testcontainers-1.19.8.jar:/home/ung/.m2/repository/junit/junit/4.13.2/junit-4.13.2.jar:/home/ung/.m2/repository/org/hamcrest/hamcrest-core/2.2/hamcrest-core-2.2.jar:/home/ung/.m2/repository/org/apache/commons/commons-compress/1.24.0/commons-compress-1.24.0.jar:/home/ung/.m2/repository/org/rnorth/duct-tape/duct-tape/1.0.8/duct-tape-1.0.8.jar:/home/ung/.m2/repository/org/jetbrains/annotations/17.0.0/annotations-17.0.0.jar:/home/ung/.m2/repository/com/github/docker-java/docker-java-api/3.3.6/docker-java-api-3.3.6.jar:/home/ung/.m2/repository/com/github/docker-java/docker-java-transport-zerodep/3.3.6/docker-java-transport-zerodep-3.3.6.jar:/home/ung/.m2/repository/com/github/docker-java/docker-java-transport/3.3.6/docker-java-transport-3.3.6.jar:/home/ung/.m2/repository/net/java/dev/jna/jna/5.13.0/jna-5.13.0.jar:/home/ung/.m2/repository/org/springframework/boot/spring-boot-docker-compose/3.3.4/spring-boot-docker-compose-3.3.4.jar:/home/ung/.m2/repository/com/fasterxml/jackson/core/jackson-databind/2.17.2/jackson-databind-2.17.2.jar:/home/ung/.m2/repository/com/fasterxml/jackson/core/jackson-annotations/2.17.2/jackson-annotations-2.17.2.jar:/home/ung/.m2/repository/com/fasterxml/jackson/core/jackson-core/2.17.2/jackson-core-2.17.2.jar:/home/ung/.m2/repository/com/fasterxml/jackson/module/jackson-module-parameter-names/2.17.2/jackson-module-parameter-names-2.17.2.jar:/home/ung/.m2/repository/org/testcontainers/junit-jupiter/1.19.8/junit-jupiter-1.19.8.jar:/home/ung/.m2/repository/org/testcontainers/mysql/1.19.8/mysql-1.19.8.jar:/home/ung/.m2/repository/org/testcontainers/jdbc/1.19.8/jdbc-1.19.8.jar:/home/ung/.m2/repository/org/testcontainers/database-commons/1.19.8/database-commons-1.19.8.jar:/home/ung/.m2/repository/jakarta/xml/bind/jakarta.xml.bind-api/4.0.2/jakarta.xml.bind-api-4.0.2.jar:/home/ung/.m2/repository/jakarta/activation/jakarta.activation-api/2.1.3/jakarta.activation-api-2.1.3.jar:"/>
    <property name="git.branch" value="main"/>
    <property name="git.build.host" value="ung-Ubuntu"/>
    <property name="java.vm.vendor" value="Ubuntu"/>
    <property name="sun.arch.data.model" value="64"/>
    <property name="git.commit.id" value="62dbfa8e9ae6486833a9b03ff63ba330349ae48f"/>
    <property name="java.vendor.url" value="https://ubuntu.com/"/>
    <property name="user.timezone" value="Asia/Seoul"/>
    <property name="org.jboss.logging.provider" value="slf4j"/>
    <property name="java.vm.specification.version" value="17"/>
    <property name="os.name" value="Linux"/>
    <property name="git.commit.author.time" value="2024-10-10T05:41:48+09:00"/>
    <property name="sun.java.launcher" value="SUN_STANDARD"/>
    <property name="user.country" value="US"/>
    <property name="git.build.user.name" value="kuyeol"/>
    <property name="sun.boot.library.path" value="/usr/lib/jvm/java-17-openjdk-amd64/lib"/>
    <property name="sun.java.command" value="/home/ung/IdeaProjects/social-microservice/spring-web-flow/spring-petclinic/spring-petclinic/target/surefire/surefirebooter-20241015234506142_3.jar /home/ung/IdeaProjects/social-microservice/spring-web-flow/spring-petclinic/spring-petclinic/target/surefire 2024-10-15T23-45-06_080-jvmRun1 surefire-20241015234506142_1tmp surefire_0-20241015234506142_2tmp"/>
    <property name="jdk.debug" value="release"/>
    <property name="surefire.test.class.path" value="/home/ung/IdeaProjects/social-microservice/spring-web-flow/spring-petclinic/spring-petclinic/target/test-classes:/home/ung/IdeaProjects/social-microservice/spring-web-flow/spring-petclinic/spring-petclinic/target/classes:/home/ung/.m2/repository/org/springframework/boot/spring-boot-starter-actuator/3.3.4/spring-boot-starter-actuator-3.3.4.jar:/home/ung/.m2/repository/org/springframework/boot/spring-boot-starter/3.3.4/spring-boot-starter-3.3.4.jar:/home/ung/.m2/repository/org/springframework/boot/spring-boot-starter-logging/3.3.4/spring-boot-starter-logging-3.3.4.jar:/home/ung/.m2/repository/ch/qos/logback/logback-classic/1.5.8/logback-classic-1.5.8.jar:/home/ung/.m2/repository/ch/qos/logback/logback-core/1.5.8/logback-core-1.5.8.jar:/home/ung/.m2/repository/org/apache/logging/log4j/log4j-to-slf4j/2.23.1/log4j-to-slf4j-2.23.1.jar:/home/ung/.m2/repository/org/apache/logging/log4j/log4j-api/2.23.1/log4j-api-2.23.1.jar:/home/ung/.m2/repository/org/slf4j/jul-to-slf4j/2.0.16/jul-to-slf4j-2.0.16.jar:/home/ung/.m2/repository/jakarta/annotation/jakarta.annotation-api/2.1.1/jakarta.annotation-api-2.1.1.jar:/home/ung/.m2/repository/org/yaml/snakeyaml/2.2/snakeyaml-2.2.jar:/home/ung/.m2/repository/org/springframework/boot/spring-boot-actuator-autoconfigure/3.3.4/spring-boot-actuator-autoconfigure-3.3.4.jar:/home/ung/.m2/repository/org/springframework/boot/spring-boot-actuator/3.3.4/spring-boot-actuator-3.3.4.jar:/home/ung/.m2/repository/com/fasterxml/jackson/datatype/jackson-datatype-jsr310/2.17.2/jackson-datatype-jsr310-2.17.2.jar:/home/ung/.m2/repository/io/micrometer/micrometer-observation/1.13.4/micrometer-observation-1.13.4.jar:/home/ung/.m2/repository/io/micrometer/micrometer-commons/1.13.4/micrometer-commons-1.13.4.jar:/home/ung/.m2/repository/io/micrometer/micrometer-jakarta9/1.13.4/micrometer-jakarta9-1.13.4.jar:/home/ung/.m2/repository/io/micrometer/micrometer-core/1.13.4/micrometer-core-1.13.4.jar:/home/ung/.m2/repository/org/hdrhistogram/HdrHistogram/2.2.2/HdrHistogram-2.2.2.jar:/home/ung/.m2/repository/org/latencyutils/LatencyUtils/2.0.3/LatencyUtils-2.0.3.jar:/home/ung/.m2/repository/org/springframework/boot/spring-boot-starter-cache/3.3.4/spring-boot-starter-cache-3.3.4.jar:/home/ung/.m2/repository/org/springframework/spring-context-support/6.1.13/spring-context-support-6.1.13.jar:/home/ung/.m2/repository/org/springframework/spring-beans/6.1.13/spring-beans-6.1.13.jar:/home/ung/.m2/repository/org/springframework/spring-context/6.1.13/spring-context-6.1.13.jar:/home/ung/.m2/repository/org/springframework/boot/spring-boot-starter-data-jpa/3.3.4/spring-boot-starter-data-jpa-3.3.4.jar:/home/ung/.m2/repository/org/springframework/boot/spring-boot-starter-aop/3.3.4/spring-boot-starter-aop-3.3.4.jar:/home/ung/.m2/repository/org/springframework/spring-aop/6.1.13/spring-aop-6.1.13.jar:/home/ung/.m2/repository/org/aspectj/aspectjweaver/1.9.22.1/aspectjweaver-1.9.22.1.jar:/home/ung/.m2/repository/org/springframework/boot/spring-boot-starter-jdbc/3.3.4/spring-boot-starter-jdbc-3.3.4.jar:/home/ung/.m2/repository/com/zaxxer/HikariCP/5.1.0/HikariCP-5.1.0.jar:/home/ung/.m2/repository/org/springframework/spring-jdbc/6.1.13/spring-jdbc-6.1.13.jar:/home/ung/.m2/repository/org/hibernate/orm/hibernate-core/6.5.3.Final/hibernate-core-6.5.3.Final.jar:/home/ung/.m2/repository/jakarta/persistence/jakarta.persistence-api/3.1.0/jakarta.persistence-api-3.1.0.jar:/home/ung/.m2/repository/jakarta/transaction/jakarta.transaction-api/2.0.1/jakarta.transaction-api-2.0.1.jar:/home/ung/.m2/repository/org/jboss/logging/jboss-logging/3.5.3.Final/jboss-logging-3.5.3.Final.jar:/home/ung/.m2/repository/org/hibernate/common/hibernate-commons-annotations/6.0.6.Final/hibernate-commons-annotations-6.0.6.Final.jar:/home/ung/.m2/repository/io/smallrye/jandex/3.1.2/jandex-3.1.2.jar:/home/ung/.m2/repository/com/fasterxml/classmate/1.7.0/classmate-1.7.0.jar:/home/ung/.m2/repository/net/bytebuddy/byte-buddy/1.14.19/byte-buddy-1.14.19.jar:/home/ung/.m2/repository/org/glassfish/jaxb/jaxb-runtime/4.0.5/jaxb-runtime-4.0.5.jar:/home/ung/.m2/repository/org/glassfish/jaxb/jaxb-core/4.0.5/jaxb-core-4.0.5.jar:/home/ung/.m2/repository/org/eclipse/angus/angus-activation/2.0.2/angus-activation-2.0.2.jar:/home/ung/.m2/repository/org/glassfish/jaxb/txw2/4.0.5/txw2-4.0.5.jar:/home/ung/.m2/repository/com/sun/istack/istack-commons-runtime/4.1.2/istack-commons-runtime-4.1.2.jar:/home/ung/.m2/repository/jakarta/inject/jakarta.inject-api/2.0.1/jakarta.inject-api-2.0.1.jar:/home/ung/.m2/repository/org/antlr/antlr4-runtime/4.13.0/antlr4-runtime-4.13.0.jar:/home/ung/.m2/repository/org/springframework/data/spring-data-jpa/3.3.4/spring-data-jpa-3.3.4.jar:/home/ung/.m2/repository/org/springframework/data/spring-data-commons/3.3.4/spring-data-commons-3.3.4.jar:/home/ung/.m2/repository/org/springframework/spring-orm/6.1.13/spring-orm-6.1.13.jar:/home/ung/.m2/repository/org/springframework/spring-tx/6.1.13/spring-tx-6.1.13.jar:/home/ung/.m2/repository/org/slf4j/slf4j-api/2.0.16/slf4j-api-2.0.16.jar:/home/ung/.m2/repository/org/springframework/spring-aspects/6.1.13/spring-aspects-6.1.13.jar:/home/ung/.m2/repository/org/springframework/boot/spring-boot-starter-web/3.3.4/spring-boot-starter-web-3.3.4.jar:/home/ung/.m2/repository/org/springframework/boot/spring-boot-starter-json/3.3.4/spring-boot-starter-json-3.3.4.jar:/home/ung/.m2/repository/com/fasterxml/jackson/datatype/jackson-datatype-jdk8/2.17.2/jackson-datatype-jdk8-2.17.2.jar:/home/ung/.m2/repository/org/springframework/boot/spring-boot-starter-tomcat/3.3.4/spring-boot-starter-tomcat-3.3.4.jar:/home/ung/.m2/repository/org/apache/tomcat/embed/tomcat-embed-core/10.1.30/tomcat-embed-core-10.1.30.jar:/home/ung/.m2/repository/org/apache/tomcat/embed/tomcat-embed-websocket/10.1.30/tomcat-embed-websocket-10.1.30.jar:/home/ung/.m2/repository/org/springframework/spring-web/6.1.13/spring-web-6.1.13.jar:/home/ung/.m2/repository/org/springframework/spring-webmvc/6.1.13/spring-webmvc-6.1.13.jar:/home/ung/.m2/repository/org/springframework/spring-expression/6.1.13/spring-expression-6.1.13.jar:/home/ung/.m2/repository/org/springframework/boot/spring-boot-starter-validation/3.3.4/spring-boot-starter-validation-3.3.4.jar:/home/ung/.m2/repository/org/apache/tomcat/embed/tomcat-embed-el/10.1.30/tomcat-embed-el-10.1.30.jar:/home/ung/.m2/repository/org/hibernate/validator/hibernate-validator/8.0.1.Final/hibernate-validator-8.0.1.Final.jar:/home/ung/.m2/repository/jakarta/validation/jakarta.validation-api/3.0.2/jakarta.validation-api-3.0.2.jar:/home/ung/.m2/repository/org/springframework/boot/spring-boot-starter-thymeleaf/3.3.4/spring-boot-starter-thymeleaf-3.3.4.jar:/home/ung/.m2/repository/org/thymeleaf/thymeleaf-spring6/3.1.2.RELEASE/thymeleaf-spring6-3.1.2.RELEASE.jar:/home/ung/.m2/repository/org/thymeleaf/thymeleaf/3.1.2.RELEASE/thymeleaf-3.1.2.RELEASE.jar:/home/ung/.m2/repository/org/attoparser/attoparser/2.0.7.RELEASE/attoparser-2.0.7.RELEASE.jar:/home/ung/.m2/repository/org/unbescape/unbescape/1.1.6.RELEASE/unbescape-1.1.6.RELEASE.jar:/home/ung/.m2/repository/org/springframework/boot/spring-boot-starter-test/3.3.4/spring-boot-starter-test-3.3.4.jar:/home/ung/.m2/repository/org/springframework/boot/spring-boot-test/3.3.4/spring-boot-test-3.3.4.jar:/home/ung/.m2/repository/org/springframework/boot/spring-boot-test-autoconfigure/3.3.4/spring-boot-test-autoconfigure-3.3.4.jar:/home/ung/.m2/repository/com/jayway/jsonpath/json-path/2.9.0/json-path-2.9.0.jar:/home/ung/.m2/repository/net/minidev/json-smart/2.5.1/json-smart-2.5.1.jar:/home/ung/.m2/repository/net/minidev/accessors-smart/2.5.1/accessors-smart-2.5.1.jar:/home/ung/.m2/repository/org/ow2/asm/asm/9.6/asm-9.6.jar:/home/ung/.m2/repository/org/assertj/assertj-core/3.25.3/assertj-core-3.25.3.jar:/home/ung/.m2/repository/org/awaitility/awaitility/4.2.2/awaitility-4.2.2.jar:/home/ung/.m2/repository/org/hamcrest/hamcrest/2.2/hamcrest-2.2.jar:/home/ung/.m2/repository/org/junit/jupiter/junit-jupiter/5.10.3/junit-jupiter-5.10.3.jar:/home/ung/.m2/repository/org/junit/jupiter/junit-jupiter-api/5.10.3/junit-jupiter-api-5.10.3.jar:/home/ung/.m2/repository/org/opentest4j/opentest4j/1.3.0/opentest4j-1.3.0.jar:/home/ung/.m2/repository/org/junit/platform/junit-platform-commons/1.10.3/junit-platform-commons-1.10.3.jar:/home/ung/.m2/repository/org/apiguardian/apiguardian-api/1.1.2/apiguardian-api-1.1.2.jar:/home/ung/.m2/repository/org/junit/jupiter/junit-jupiter-params/5.10.3/junit-jupiter-params-5.10.3.jar:/home/ung/.m2/repository/org/junit/jupiter/junit-jupiter-engine/5.10.3/junit-jupiter-engine-5.10.3.jar:/home/ung/.m2/repository/org/junit/platform/junit-platform-engine/1.10.3/junit-platform-engine-1.10.3.jar:/home/ung/.m2/repository/org/mockito/mockito-core/5.11.0/mockito-core-5.11.0.jar:/home/ung/.m2/repository/net/bytebuddy/byte-buddy-agent/1.14.19/byte-buddy-agent-1.14.19.jar:/home/ung/.m2/repository/org/objenesis/objenesis/3.3/objenesis-3.3.jar:/home/ung/.m2/repository/org/mockito/mockito-junit-jupiter/5.11.0/mockito-junit-jupiter-5.11.0.jar:/home/ung/.m2/repository/org/skyscreamer/jsonassert/1.5.3/jsonassert-1.5.3.jar:/home/ung/.m2/repository/com/vaadin/external/google/android-json/0.0.20131108.vaadin1/android-json-0.0.20131108.vaadin1.jar:/home/ung/.m2/repository/org/springframework/spring-core/6.1.13/spring-core-6.1.13.jar:/home/ung/.m2/repository/org/springframework/spring-jcl/6.1.13/spring-jcl-6.1.13.jar:/home/ung/.m2/repository/org/springframework/spring-test/6.1.13/spring-test-6.1.13.jar:/home/ung/.m2/repository/org/xmlunit/xmlunit-core/2.9.1/xmlunit-core-2.9.1.jar:/home/ung/.m2/repository/com/h2database/h2/2.2.224/h2-2.2.224.jar:/home/ung/.m2/repository/com/mysql/mysql-connector-j/8.3.0/mysql-connector-j-8.3.0.jar:/home/ung/.m2/repository/org/postgresql/postgresql/42.7.4/postgresql-42.7.4.jar:/home/ung/.m2/repository/org/checkerframework/checker-qual/3.42.0/checker-qual-3.42.0.jar:/home/ung/.m2/repository/javax/cache/cache-api/1.1.1/cache-api-1.1.1.jar:/home/ung/.m2/repository/com/github/ben-manes/caffeine/caffeine/3.1.8/caffeine-3.1.8.jar:/home/ung/.m2/repository/com/google/errorprone/error_prone_annotations/2.21.1/error_prone_annotations-2.21.1.jar:/home/ung/.m2/repository/org/webjars/npm/bootstrap/5.3.3/bootstrap-5.3.3.jar:/home/ung/.m2/repository/org/webjars/npm/font-awesome/4.7.0/font-awesome-4.7.0.jar:/home/ung/.m2/repository/org/springframework/boot/spring-boot-devtools/3.3.4/spring-boot-devtools-3.3.4.jar:/home/ung/.m2/repository/org/springframework/boot/spring-boot/3.3.4/spring-boot-3.3.4.jar:/home/ung/.m2/repository/org/springframework/boot/spring-boot-autoconfigure/3.3.4/spring-boot-autoconfigure-3.3.4.jar:/home/ung/.m2/repository/org/springframework/boot/spring-boot-testcontainers/3.3.4/spring-boot-testcontainers-3.3.4.jar:/home/ung/.m2/repository/org/testcontainers/testcontainers/1.19.8/testcontainers-1.19.8.jar:/home/ung/.m2/repository/junit/junit/4.13.2/junit-4.13.2.jar:/home/ung/.m2/repository/org/hamcrest/hamcrest-core/2.2/hamcrest-core-2.2.jar:/home/ung/.m2/repository/org/apache/commons/commons-compress/1.24.0/commons-compress-1.24.0.jar:/home/ung/.m2/repository/org/rnorth/duct-tape/duct-tape/1.0.8/duct-tape-1.0.8.jar:/home/ung/.m2/repository/org/jetbrains/annotations/17.0.0/annotations-17.0.0.jar:/home/ung/.m2/repository/com/github/docker-java/docker-java-api/3.3.6/docker-java-api-3.3.6.jar:/home/ung/.m2/repository/com/github/docker-java/docker-java-transport-zerodep/3.3.6/docker-java-transport-zerodep-3.3.6.jar:/home/ung/.m2/repository/com/github/docker-java/docker-java-transport/3.3.6/docker-java-transport-3.3.6.jar:/home/ung/.m2/repository/net/java/dev/jna/jna/5.13.0/jna-5.13.0.jar:/home/ung/.m2/repository/org/springframework/boot/spring-boot-docker-compose/3.3.4/spring-boot-docker-compose-3.3.4.jar:/home/ung/.m2/repository/com/fasterxml/jackson/core/jackson-databind/2.17.2/jackson-databind-2.17.2.jar:/home/ung/.m2/repository/com/fasterxml/jackson/core/jackson-annotations/2.17.2/jackson-annotations-2.17.2.jar:/home/ung/.m2/repository/com/fasterxml/jackson/core/jackson-core/2.17.2/jackson-core-2.17.2.jar:/home/ung/.m2/repository/com/fasterxml/jackson/module/jackson-module-parameter-names/2.17.2/jackson-module-parameter-names-2.17.2.jar:/home/ung/.m2/repository/org/testcontainers/junit-jupiter/1.19.8/junit-jupiter-1.19.8.jar:/home/ung/.m2/repository/org/testcontainers/mysql/1.19.8/mysql-1.19.8.jar:/home/ung/.m2/repository/org/testcontainers/jdbc/1.19.8/jdbc-1.19.8.jar:/home/ung/.m2/repository/org/testcontainers/database-commons/1.19.8/database-commons-1.19.8.jar:/home/ung/.m2/repository/jakarta/xml/bind/jakarta.xml.bind-api/4.0.2/jakarta.xml.bind-api-4.0.2.jar:/home/ung/.m2/repository/jakarta/activation/jakarta.activation-api/2.1.3/jakarta.activation-api-2.1.3.jar:"/>
    <property name="sun.cpu.endian" value="little"/>
    <property name="user.home" value="/home/ung"/>
    <property name="user.language" value="en"/>
    <property name="git.closest.tag.commit.count" value=""/>
    <property name="java.specification.vendor" value="Oracle Corporation"/>
    <property name="java.version.date" value="2024-07-16"/>
    <property name="java.home" value="/usr/lib/jvm/java-17-openjdk-amd64"/>
    <property name="git.total.commit.count" value="935"/>
    <property name="file.separator" value="/"/>
    <property name="basedir" value="/home/ung/IdeaProjects/social-microservice/spring-web-flow/spring-petclinic/spring-petclinic"/>
    <property name="java.vm.compressedOopsMode" value="Zero based"/>
    <property name="line.separator" value="&#10;"/>
    <property name="git.build.user.email" value="125532184+kuyeol@users.noreply.github.com"/>
    <property name="git.commit.committer.time" value="2024-10-10T15:53:08+09:00"/>
    <property name="java.specification.name" value="Java Platform API Specification"/>
    <property name="java.vm.specification.vendor" value="Oracle Corporation"/>
    <property name="FILE_LOG_CHARSET" value="UTF-8"/>
    <property name="java.awt.headless" value="true"/>
    <property name="git.tag" value=""/>
    <property name="git.closest.tag.name" value=""/>
    <property name="git.local.branch.ahead" value="0"/>
    <property name="git.build.time" value="2023-05-10T16:42:50+09:00"/>
    <property name="surefire.real.class.path" value="/home/ung/IdeaProjects/social-microservice/spring-web-flow/spring-petclinic/spring-petclinic/target/surefire/surefirebooter-20241015234506142_3.jar"/>
    <property name="git.commit.message.full" value="Remove the unnecessary includeFilters"/>
    <property name="junit.platform.listeners.uid.tracking.enabled" value="true"/>
    <property name="sun.management.compiler" value="HotSpot 64-Bit Tiered Compilers"/>
    <property name="junit.platform.listeners.uid.tracking.output.dir" value="/home/ung/IdeaProjects/social-microservice/spring-web-flow/spring-petclinic/spring-petclinic/target/test-ids"/>
    <property name="java.runtime.version" value="17.0.12+7-Ubuntu-1ubuntu222.04"/>
    <property name="user.name" value="ung"/>
    <property name="path.separator" value=":"/>
    <property name="os.version" value="6.8.0-45-generic"/>
    <property name="java.runtime.name" value="OpenJDK Runtime Environment"/>
    <property name="file.encoding" value="UTF-8"/>
    <property name="git.commit.user.email" value="antoine.rey@free.fr"/>
    <property name="java.vm.name" value="OpenJDK 64-Bit Server VM"/>
    <property name="git.local.branch.behind" value="0"/>
    <property name="git.dirty" value="false"/>
    <property name="localRepository" value="/home/ung/.m2/repository"/>
    <property name="java.vendor.url.bug" value="https://bugs.launchpad.net/ubuntu/+source/openjdk-17"/>
    <property name="java.io.tmpdir" value="/tmp"/>
    <property name="java.version" value="17.0.12"/>
    <property name="user.dir" value="/home/ung/IdeaProjects/social-microservice/spring-web-flow/spring-petclinic/spring-petclinic"/>
    <property name="os.arch" value="amd64"/>
    <property name="git.commit.user.name" value="Antoine Rey"/>
    <property name="git.commit.id.abbrev" value="62dbfa8"/>
    <property name="java.vm.specification.name" value="Java Virtual Machine Specification"/>
    <property name="PID" value="653990"/>
    <property name="git.commit.id.describe-short" value="62dbfa8"/>
    <property name="CONSOLE_LOG_CHARSET" value="UTF-8"/>
    <property name="git.commit.id.describe" value="62dbfa8"/>
    <property name="native.encoding" value="UTF-8"/>
    <property name="java.library.path" value="/usr/java/packages/lib:/usr/lib/x86_64-linux-gnu/jni:/lib/x86_64-linux-gnu:/usr/lib/x86_64-linux-gnu:/usr/lib/jni:/lib:/usr/lib"/>
    <property name="git.commit.message.short" value="Remove the unnecessary includeFilters"/>
    <property name="java.vm.info" value="mixed mode, sharing"/>
    <property name="java.vendor" value="Ubuntu"/>
    <property name="java.vm.version" value="17.0.12+7-Ubuntu-1ubuntu222.04"/>
    <property name="sun.io.unicode.encoding" value="UnicodeLittle"/>
    <property name="java.class.version" value="61.0"/>
    <property name="git.commit.time" value="2024-10-10T15:53:08+09:00"/>
    <property name="git.remote.origin.url" value="https://github.com/spring-projects/spring-petclinic.git"/>
  </properties>
  <testcase name="testFindAll" classname="org.springframework.samples.petclinic.PostgresIntegrationTests" time="0.005">
    <error message="Failed to load ApplicationContext for [WebMergedContextConfiguration@25c756f0 testClass = org.springframework.samples.petclinic.PostgresIntegrationTests, locations = [], classes = [org.springframework.samples.petclinic.PetClinicApplication], contextInitializerClasses = [], activeProfiles = [&quot;postgres&quot;], propertySourceDescriptors = [], propertySourceProperties = [&quot;spring.docker.compose.skip.in-tests=false&quot;, &quot;spring.docker.compose.profiles.active=postgres&quot;, &quot;org.springframework.boot.test.context.SpringBootTestContextBootstrapper=true&quot;, &quot;server.port=0&quot;], contextCustomizers = [org.springframework.boot.test.context.filter.ExcludeFilterContextCustomizer@33abde31, org.springframework.boot.test.json.DuplicateJsonObjectContextCustomizerFactory$DuplicateJsonObjectContextCustomizer@5d1e09bc, org.springframework.boot.test.mock.mockito.MockitoContextCustomizer@0, org.springframework.boot.test.web.client.TestRestTemplateContextCustomizer@231baf51, org.springframework.boot.test.web.reactor.netty.DisableReactorResourceFactoryGlobalResourcesContextCustomizerFactory$DisableReactorResourceFactoryGlobalResourcesContextCustomizerCustomizer@4bb8855f, org.springframework.boot.test.autoconfigure.actuate.observability.ObservabilityContextCustomizerFactory$DisableObservabilityContextCustomizer@1f, org.springframework.boot.test.autoconfigure.properties.PropertyMappingContextCustomizer@0, org.springframework.boot.test.autoconfigure.web.servlet.WebDriverContextCustomizer@4d8126f, org.springframework.boot.testcontainers.service.connection.ServiceConnectionContextCustomizer@0, org.springframework.boot.test.context.SpringBootTestAnnotation@b9bfc741], resourceBasePath = &quot;src/main/webapp&quot;, contextLoader = org.springframework.boot.test.context.SpringBootContextLoader, parent = null]" type="java.lang.IllegalStateException"><![CDATA[java.lang.IllegalStateException: Failed to load ApplicationContext for [WebMergedContextConfiguration@25c756f0 testClass = org.springframework.samples.petclinic.PostgresIntegrationTests, locations = [], classes = [org.springframework.samples.petclinic.PetClinicApplication], contextInitializerClasses = [], activeProfiles = ["postgres"], propertySourceDescriptors = [], propertySourceProperties = ["spring.docker.compose.skip.in-tests=false", "spring.docker.compose.profiles.active=postgres", "org.springframework.boot.test.context.SpringBootTestContextBootstrapper=true", "server.port=0"], contextCustomizers = [org.springframework.boot.test.context.filter.ExcludeFilterContextCustomizer@33abde31, org.springframework.boot.test.json.DuplicateJsonObjectContextCustomizerFactory$DuplicateJsonObjectContextCustomizer@5d1e09bc, org.springframework.boot.test.mock.mockito.MockitoContextCustomizer@0, org.springframework.boot.test.web.client.TestRestTemplateContextCustomizer@231baf51, org.springframework.boot.test.web.reactor.netty.DisableReactorResourceFactoryGlobalResourcesContextCustomizerFactory$DisableReactorResourceFactoryGlobalResourcesContextCustomizerCustomizer@4bb8855f, org.springframework.boot.test.autoconfigure.actuate.observability.ObservabilityContextCustomizerFactory$DisableObservabilityContextCustomizer@1f, org.springframework.boot.test.autoconfigure.properties.PropertyMappingContextCustomizer@0, org.springframework.boot.test.autoconfigure.web.servlet.WebDriverContextCustomizer@4d8126f, org.springframework.boot.testcontainers.service.connection.ServiceConnectionContextCustomizer@0, org.springframework.boot.test.context.SpringBootTestAnnotation@b9bfc741], resourceBasePath = "src/main/webapp", contextLoader = org.springframework.boot.test.context.SpringBootContextLoader, parent = null]
	at org.springframework.test.context.cache.DefaultCacheAwareContextLoaderDelegate.loadContext(DefaultCacheAwareContextLoaderDelegate.java:180)
	at org.springframework.test.context.support.DefaultTestContext.getApplicationContext(DefaultTestContext.java:130)
	at org.springframework.test.context.support.DependencyInjectionTestExecutionListener.injectDependencies(DependencyInjectionTestExecutionListener.java:142)
	at org.springframework.test.context.support.DependencyInjectionTestExecutionListener.prepareTestInstance(DependencyInjectionTestExecutionListener.java:98)
	at org.springframework.test.context.TestContextManager.prepareTestInstance(TestContextManager.java:260)
	at org.springframework.test.context.junit.jupiter.SpringExtension.postProcessTestInstance(SpringExtension.java:163)
	at java.base/java.util.stream.ReferencePipeline$3$1.accept(ReferencePipeline.java:197)
	at java.base/java.util.stream.ReferencePipeline$2$1.accept(ReferencePipeline.java:179)
	at java.base/java.util.ArrayList$ArrayListSpliterator.forEachRemaining(ArrayList.java:1625)
	at java.base/java.util.stream.AbstractPipeline.copyInto(AbstractPipeline.java:509)
	at java.base/java.util.stream.AbstractPipeline.wrapAndCopyInto(AbstractPipeline.java:499)
	at java.base/java.util.stream.StreamSpliterators$WrappingSpliterator.forEachRemaining(StreamSpliterators.java:310)
	at java.base/java.util.stream.Streams$ConcatSpliterator.forEachRemaining(Streams.java:735)
	at java.base/java.util.stream.Streams$ConcatSpliterator.forEachRemaining(Streams.java:734)
	at java.base/java.util.stream.ReferencePipeline$Head.forEach(ReferencePipeline.java:762)
	at java.base/java.util.Optional.orElseGet(Optional.java:364)
	at java.base/java.util.ArrayList.forEach(ArrayList.java:1511)
	at java.base/java.util.ArrayList.forEach(ArrayList.java:1511)
Caused by: org.springframework.boot.docker.compose.core.ProcessExitException: 'docker compose --file /home/ung/IdeaProjects/social-microservice/spring-web-flow/spring-petclinic/spring-petclinic/docker-compose.yml --ansi never --profile postgres up --no-color --detach --wait' failed with exit code 1.

Stdout:


Stderr:
 postgres Pulling 
 302e3ee49805 Pulling fs layer 
 db123f79d191 Pulling fs layer 
 0f8c00fde6b5 Pulling fs layer 
 faa7319453cb Pulling fs layer 
 db22d52fa3c2 Pulling fs layer 
 a75b6bd68f08 Pulling fs layer 
 3bbfa3446e21 Pulling fs layer 
 0b62c3405bb7 Pulling fs layer 
 2b20a8c7ce41 Pulling fs layer 
 e7c88e163985 Pulling fs layer 
 e5a700d882eb Pulling fs layer 
 db22d52fa3c2 Waiting 
 28b27d53d86b Pulling fs layer 
 faa7319453cb Waiting 
 a75b6bd68f08 Waiting 
 bfc263366b3f Pulling fs layer 
 0b62c3405bb7 Waiting 
 3bbfa3446e21 Waiting 
 2b20a8c7ce41 Waiting 
 e5ff51eeda62 Pulling fs layer 
 e7c88e163985 Waiting 
 e5a700d882eb Waiting 
 e5ff51eeda62 Waiting 
 28b27d53d86b Waiting 
 0f8c00fde6b5 Downloading [>                                                  ]  46.46kB/4.534MB
 302e3ee49805 Downloading [>                                                  ]  294.2kB/29.13MB
 db123f79d191 Downloading [==============================>                    ]     707B/1.166kB
 db123f79d191 Downloading [==================================================>]  1.166kB/1.166kB
 db123f79d191 Verifying Checksum 
 db123f79d191 Download complete 
 0f8c00fde6b5 Downloading [===================================>               ]  3.218MB/4.534MB
 302e3ee49805 Downloading [==========>                                        ]  5.946MB/29.13MB
 0f8c00fde6b5 Download complete 
 302e3ee49805 Downloading [========================>                          ]  14.02MB/29.13MB
 302e3ee49805 Downloading [==================================>                ]  20.27MB/29.13MB
 302e3ee49805 Download complete 
 302e3ee49805 Extracting [>                                                  ]  294.9kB/29.13MB
 302e3ee49805 Extracting [=======>                                           ]  4.424MB/29.13MB
 302e3ee49805 Extracting [===============>                                   ]  8.847MB/29.13MB
 faa7319453cb Downloading [>                                                  ]  15.78kB/1.447MB
 302e3ee49805 Extracting [==================>                                ]  10.91MB/29.13MB
 faa7319453cb Downloading [==================================================>]  1.447MB/1.447MB
 faa7319453cb Verifying Checksum 
 faa7319453cb Download complete 
 db22d52fa3c2 Downloading [>                                                  ]  84.39kB/8.066MB
 302e3ee49805 Extracting [=========================>                         ]  14.75MB/29.13MB
 db22d52fa3c2 Verifying Checksum 
 db22d52fa3c2 Download complete 
 302e3ee49805 Extracting [==================================>                ]  20.05MB/29.13MB
 302e3ee49805 Extracting [=========================================>         ]  23.89MB/29.13MB
 a75b6bd68f08 Downloading [>                                                  ]  12.32kB/1.196MB
 a75b6bd68f08 Download complete 
 302e3ee49805 Extracting [==========================================>        ]  24.77MB/29.13MB
 302e3ee49805 Extracting [===============================================>   ]  27.72MB/29.13MB
 3bbfa3446e21 Downloading [==================================================>]     116B/116B
 3bbfa3446e21 Verifying Checksum 
 3bbfa3446e21 Download complete 
 0b62c3405bb7 Downloading [===========>                                       ]     719B/3.143kB
 0b62c3405bb7 Downloading [==================================================>]  3.143kB/3.143kB
 0b62c3405bb7 Download complete 
 302e3ee49805 Extracting [================================================>  ]  28.31MB/29.13MB
 302e3ee49805 Extracting [==================================================>]  29.13MB/29.13MB
 302e3ee49805 Pull complete 
 2b20a8c7ce41 Downloading [>                                                  ]  540.7kB/110.2MB
 db123f79d191 Extracting [==================================================>]  1.166kB/1.166kB
 db123f79d191 Extracting [==================================================>]  1.166kB/1.166kB
 db123f79d191 Pull complete 
 0f8c00fde6b5 Extracting [>                                                  ]  65.54kB/4.534MB
 2b20a8c7ce41 Downloading [===>                                               ]  8.043MB/110.2MB
 0f8c00fde6b5 Extracting [=================================>                 ]   3.08MB/4.534MB
 2b20a8c7ce41 Downloading [========>                                          ]  17.68MB/110.2MB
 0f8c00fde6b5 Extracting [==================================================>]  4.534MB/4.534MB
 2b20a8c7ce41 Downloading [============>                                      ]  27.31MB/110.2MB
 0f8c00fde6b5 Pull complete 
 e7c88e163985 Downloading [======>                                            ]  1.369kB/10.23kB
 e7c88e163985 Downloading [==================================================>]  10.23kB/10.23kB
 e7c88e163985 Verifying Checksum 
 e7c88e163985 Download complete 
 faa7319453cb Extracting [=>                                                 ]  32.77kB/1.447MB
 2b20a8c7ce41 Downloading [================>                                  ]  36.42MB/110.2MB
 faa7319453cb Extracting [==================================================>]  1.447MB/1.447MB
 e5a700d882eb Downloading [==================================================>]     127B/127B
 e5a700d882eb Verifying Checksum 
 e5a700d882eb Download complete 
 faa7319453cb Pull complete 
 db22d52fa3c2 Extracting [>                                                  ]   98.3kB/8.066MB
 2b20a8c7ce41 Downloading [====================>                              ]  44.99MB/110.2MB
 db22d52fa3c2 Extracting [===============>                                   ]  2.458MB/8.066MB
 2b20a8c7ce41 Downloading [========================>                          ]  53.54MB/110.2MB
 db22d52fa3c2 Extracting [=========================>                         ]  4.129MB/8.066MB
 2b20a8c7ce41 Downloading [==========================>                        ]  58.33MB/110.2MB
 db22d52fa3c2 Extracting [===============================>                   ]  5.112MB/8.066MB
 2b20a8c7ce41 Downloading [==============================>                    ]  67.99MB/110.2MB
 db22d52fa3c2 Extracting [=====================================>             ]  5.997MB/8.066MB
 2b20a8c7ce41 Downloading [===================================>               ]  77.62MB/110.2MB
 db22d52fa3c2 Extracting [==============================================>    ]  7.471MB/8.066MB
 db22d52fa3c2 Extracting [==================================================>]  8.066MB/8.066MB
 2b20a8c7ce41 Downloading [=======================================>           ]  86.75MB/110.2MB
 28b27d53d86b Downloading [==================================================>]     166B/166B
 28b27d53d86b Verifying Checksum 
 28b27d53d86b Download complete 
 db22d52fa3c2 Pull complete 
 a75b6bd68f08 Extracting [=>                                                 ]  32.77kB/1.196MB
 2b20a8c7ce41 Downloading [===========================================>       ]   96.4MB/110.2MB
 a75b6bd68f08 Extracting [==================================================>]  1.196MB/1.196MB
 a75b6bd68f08 Extracting [==================================================>]  1.196MB/1.196MB
 bfc263366b3f Downloading [======>                                            ]     719B/5.415kB
 bfc263366b3f Downloading [==================================================>]  5.415kB/5.415kB
 bfc263366b3f Verifying Checksum 
 bfc263366b3f Download complete 
 a75b6bd68f08 Pull complete 
 2b20a8c7ce41 Downloading [================================================>  ]    106MB/110.2MB
 3bbfa3446e21 Extracting [==================================================>]     116B/116B
 3bbfa3446e21 Extracting [==================================================>]     116B/116B
 2b20a8c7ce41 Verifying Checksum 
 2b20a8c7ce41 Download complete 
 3bbfa3446e21 Pull complete 
 0b62c3405bb7 Extracting [==================================================>]  3.143kB/3.143kB
 0b62c3405bb7 Extracting [==================================================>]  3.143kB/3.143kB
 0b62c3405bb7 Pull complete 
 2b20a8c7ce41 Extracting [>                                                  ]  557.1kB/110.2MB
 2b20a8c7ce41 Extracting [==>                                                ]  6.128MB/110.2MB
 2b20a8c7ce41 Extracting [====>                                              ]   9.47MB/110.2MB
 2b20a8c7ce41 Extracting [=====>                                             ]  12.81MB/110.2MB
 2b20a8c7ce41 Extracting [=======>                                           ]  16.15MB/110.2MB
 e5ff51eeda62 Downloading [==================================================>]     183B/183B
 e5ff51eeda62 Download complete 
 2b20a8c7ce41 Extracting [========>                                          ]   19.5MB/110.2MB
 2b20a8c7ce41 Extracting [==========>                                        ]   23.4MB/110.2MB
 2b20a8c7ce41 Extracting [============>                                      ]  26.74MB/110.2MB
 2b20a8c7ce41 Extracting [==============>                                    ]   31.2MB/110.2MB
 2b20a8c7ce41 Extracting [=================>                                 ]  37.88MB/110.2MB
 2b20a8c7ce41 Extracting [===================>                               ]  43.45MB/110.2MB
 2b20a8c7ce41 Extracting [======================>                            ]  49.58MB/110.2MB
 2b20a8c7ce41 Extracting [========================>                          ]  52.92MB/110.2MB
 2b20a8c7ce41 Extracting [========================>                          ]  54.59MB/110.2MB
 2b20a8c7ce41 Extracting [=========================>                         ]  56.82MB/110.2MB
 2b20a8c7ce41 Extracting [===========================>                       ]  60.16MB/110.2MB
 2b20a8c7ce41 Extracting [=============================>                     ]  65.73MB/110.2MB
 2b20a8c7ce41 Extracting [================================>                  ]   71.3MB/110.2MB
 2b20a8c7ce41 Extracting [==================================>                ]  75.76MB/110.2MB
 2b20a8c7ce41 Extracting [====================================>              ]  81.33MB/110.2MB
 2b20a8c7ce41 Extracting [=======================================>           ]  88.01MB/110.2MB
 2b20a8c7ce41 Extracting [==========================================>        ]  93.03MB/110.2MB
 2b20a8c7ce41 Extracting [===========================================>       ]  95.81MB/110.2MB
 2b20a8c7ce41 Extracting [============================================>      ]  98.04MB/110.2MB
 2b20a8c7ce41 Extracting [=============================================>     ]  100.8MB/110.2MB
 2b20a8c7ce41 Extracting [===============================================>   ]  103.6MB/110.2MB
 2b20a8c7ce41 Extracting [===============================================>   ]  105.3MB/110.2MB
 2b20a8c7ce41 Extracting [================================================>  ]    107MB/110.2MB
 2b20a8c7ce41 Extracting [=================================================> ]  108.6MB/110.2MB
 2b20a8c7ce41 Extracting [==================================================>]  110.2MB/110.2MB
 2b20a8c7ce41 Pull complete 
 e7c88e163985 Extracting [==================================================>]  10.23kB/10.23kB
 e7c88e163985 Extracting [==================================================>]  10.23kB/10.23kB
 e7c88e163985 Pull complete 
 e5a700d882eb Extracting [==================================================>]     127B/127B
 e5a700d882eb Extracting [==================================================>]     127B/127B
 e5a700d882eb Pull complete 
 28b27d53d86b Extracting [==================================================>]     166B/166B
 28b27d53d86b Extracting [==================================================>]     166B/166B
 28b27d53d86b Pull complete 
 bfc263366b3f Extracting [==================================================>]  5.415kB/5.415kB
 bfc263366b3f Extracting [==================================================>]  5.415kB/5.415kB
 bfc263366b3f Pull complete 
 e5ff51eeda62 Extracting [==================================================>]     183B/183B
 e5ff51eeda62 Extracting [==================================================>]     183B/183B
 e5ff51eeda62 Pull complete 
 postgres Pulled 
 Network spring-petclinic_default  Creating
 Network spring-petclinic_default  Created
 Container spring-petclinic-postgres-1  Creating
 Container spring-petclinic-postgres-1  Created
 Container spring-petclinic-postgres-1  Starting
Error response from daemon: driver failed programming external connectivity on endpoint spring-petclinic-postgres-1 (f0110fa9739a3b1609eb034983f3fbd1bea0be6713400269943b0b04996cd9f7): Bind for 0.0.0.0:5432 failed: port is already allocated

	at org.springframework.boot.docker.compose.core.ProcessRunner.run(ProcessRunner.java:96)
	at org.springframework.boot.docker.compose.core.DockerCli.run(DockerCli.java:80)
	at org.springframework.boot.docker.compose.core.DefaultDockerCompose.up(DefaultDockerCompose.java:51)
	at org.springframework.boot.docker.compose.lifecycle.StartCommand.applyTo(StartCommand.java:51)
	at org.springframework.boot.docker.compose.lifecycle.DockerComposeLifecycleManager.start(DockerComposeLifecycleManager.java:128)
	at org.springframework.boot.docker.compose.lifecycle.DockerComposeListener.onApplicationEvent(DockerComposeListener.java:53)
	at org.springframework.boot.docker.compose.lifecycle.DockerComposeListener.onApplicationEvent(DockerComposeListener.java:35)
	at org.springframework.context.event.SimpleApplicationEventMulticaster.doInvokeListener(SimpleApplicationEventMulticaster.java:185)
	at org.springframework.context.event.SimpleApplicationEventMulticaster.invokeListener(SimpleApplicationEventMulticaster.java:178)
	at org.springframework.context.event.SimpleApplicationEventMulticaster.multicastEvent(SimpleApplicationEventMulticaster.java:156)
	at org.springframework.context.event.SimpleApplicationEventMulticaster.multicastEvent(SimpleApplicationEventMulticaster.java:138)
	at org.springframework.boot.context.event.EventPublishingRunListener.multicastInitialEvent(EventPublishingRunListener.java:136)
	at org.springframework.boot.context.event.EventPublishingRunListener.contextLoaded(EventPublishingRunListener.java:98)
	at org.springframework.boot.SpringApplicationRunListeners.lambda$contextLoaded$4(SpringApplicationRunListeners.java:72)
	at java.base/java.lang.Iterable.forEach(Iterable.java:75)
	at org.springframework.boot.SpringApplicationRunListeners.doWithListeners(SpringApplicationRunListeners.java:118)
	at org.springframework.boot.SpringApplicationRunListeners.doWithListeners(SpringApplicationRunListeners.java:112)
	at org.springframework.boot.SpringApplicationRunListeners.contextLoaded(SpringApplicationRunListeners.java:72)
	at org.springframework.boot.SpringApplication.prepareContext(SpringApplication.java:433)
	at org.springframework.boot.SpringApplication.run(SpringApplication.java:334)
	at org.springframework.boot.test.context.SpringBootContextLoader.lambda$loadContext$3(SpringBootContextLoader.java:137)
	at org.springframework.util.function.ThrowingSupplier.get(ThrowingSupplier.java:58)
	at org.springframework.util.function.ThrowingSupplier.get(ThrowingSupplier.java:46)
	at org.springframework.boot.SpringApplication.withHook(SpringApplication.java:1463)
	at org.springframework.boot.test.context.SpringBootContextLoader$ContextLoaderHook.run(SpringBootContextLoader.java:553)
	at org.springframework.boot.test.context.SpringBootContextLoader.loadContext(SpringBootContextLoader.java:137)
	at org.springframework.boot.test.context.SpringBootContextLoader.loadContext(SpringBootContextLoader.java:108)
	at org.springframework.test.context.cache.DefaultCacheAwareContextLoaderDelegate.loadContextInternal(DefaultCacheAwareContextLoaderDelegate.java:225)
	at org.springframework.test.context.cache.DefaultCacheAwareContextLoaderDelegate.loadContext(DefaultCacheAwareContextLoaderDelegate.java:152)
	... 17 more
]]></error>
    <system-out><![CDATA[23:45:07.400 [main] INFO org.springframework.test.context.support.AnnotationConfigContextLoaderUtils -- Could not detect default configuration classes for test class [org.springframework.samples.petclinic.PostgresIntegrationTests]: PostgresIntegrationTests does not declare any static, non-private, non-final, nested classes annotated with @Configuration.
23:45:07.624 [main] INFO org.springframework.boot.test.context.SpringBootTestContextBootstrapper -- Found @SpringBootConfiguration org.springframework.samples.petclinic.PetClinicApplication for test class org.springframework.samples.petclinic.PostgresIntegrationTests
23:45:08.444 [main] INFO org.testcontainers.dockerclient.DockerClientProviderStrategy -- Loaded org.testcontainers.dockerclient.UnixSocketClientProviderStrategy from ~/.testcontainers.properties, will try it first
23:45:09.349 [main] INFO org.testcontainers.dockerclient.DockerClientProviderStrategy -- Found Docker environment with local Unix socket (unix:///var/run/docker.sock)
23:45:09.352 [main] INFO org.testcontainers.DockerClientFactory -- Docker host IP address is localhost
23:45:09.379 [main] INFO org.testcontainers.DockerClientFactory -- Connected to docker: 
  Server Version: 27.3.1
  API Version: 1.47
  Operating System: Ubuntu 23.04
  Total Memory: 31953 MB
23:45:09.406 [main] INFO org.testcontainers.images.PullPolicy -- Image pull policy will be performed by: DefaultPullPolicy()
23:45:09.409 [main] INFO org.testcontainers.utility.ImageNameSubstitutor -- Image name substitution will be performed by: DefaultImageNameSubstitutor (composite of 'ConfigurationFileImageNameSubstitutor' and 'PrefixingImageNameSubstitutor')
23:45:09.473 [main] INFO tc.testcontainers/ryuk:0.7.0 -- Creating container for image: testcontainers/ryuk:0.7.0
23:45:09.562 [main] INFO org.testcontainers.utility.RegistryAuthLocator -- Credential helper/store (docker-credential-desktop) does not have credentials for https://index.docker.io/v1/
23:45:09.892 [main] INFO tc.testcontainers/ryuk:0.7.0 -- Container testcontainers/ryuk:0.7.0 is starting: d0866ef5b0bc15619dd25f2b3b7aef05bfd4c26c1be36b8c4ac30964a9308c3c
23:45:10.362 [main] INFO tc.testcontainers/ryuk:0.7.0 -- Container testcontainers/ryuk:0.7.0 started in PT0.888865122S
23:45:10.367 [main] INFO org.testcontainers.utility.RyukResourceReaper -- Ryuk started - will monitor and terminate Testcontainers containers on JVM exit
23:45:10.367 [main] INFO org.testcontainers.DockerClientFactory -- Checking the system...
23:45:10.368 [main] INFO org.testcontainers.DockerClientFactory --  Docker server version should be at least 1.6.0
23:45:10.445 [main] INFO org.springframework.boot.devtools.restart.RestartApplicationListener -- Restart disabled due to context in which it is running


              |\      _,,,--,,_
             /,`.-'`'   ._  \-;;,_
  _______ __|,4-  ) )_   .;.(__`'-'__     ___ __    _ ___ _______
 |       | '---''(_/._)-'(_\_)   |   |   |   |  |  | |   |       |
 |    _  |    ___|_     _|       |   |   |   |   |_| |   |       | __ _ _
 |   |_| |   |___  |   | |       |   |   |   |       |   |       | \ \ \ \
 |    ___|    ___| |   | |      _|   |___|   |  _    |   |      _|  \ \ \ \
 |   |   |   |___  |   | |     |_|       |   | | |   |   |     |_    ) ) ) )
 |___|   |_______| |___| |_______|_______|___|_|  |__|___|_______|  / / / /
 ==================================================================/_/_/_/

:: Built with Spring Boot :: 3.3.4


2024-10-15T23:45:10.911+09:00  INFO 653990 --- [           main] o.s.s.p.PostgresIntegrationTests         : Starting PostgresIntegrationTests using Java 17.0.12 with PID 653990 (started by ung in /home/ung/IdeaProjects/social-microservice/spring-web-flow/spring-petclinic/spring-petclinic)
2024-10-15T23:45:10.913+09:00  INFO 653990 --- [           main] o.s.s.p.PostgresIntegrationTests         : The following 1 profile is active: "postgres"
2024-10-15T23:45:10.980+09:00  INFO 653990 --- [           main] .s.b.d.c.l.DockerComposeLifecycleManager : Using Docker Compose file '/home/ung/IdeaProjects/social-microservice/spring-web-flow/spring-petclinic/spring-petclinic/docker-compose.yml'
2024-10-15T23:45:12.031+09:00  INFO 653990 --- [utReader-stderr] o.s.boot.docker.compose.core.DockerCli   :  postgres Pulling 
2024-10-15T23:45:15.378+09:00  INFO 653990 --- [utReader-stderr] o.s.boot.docker.compose.core.DockerCli   :  302e3ee49805 Pulling fs layer 
2024-10-15T23:45:15.378+09:00  INFO 653990 --- [utReader-stderr] o.s.boot.docker.compose.core.DockerCli   :  db123f79d191 Pulling fs layer 
2024-10-15T23:45:15.378+09:00  INFO 653990 --- [utReader-stderr] o.s.boot.docker.compose.core.DockerCli   :  0f8c00fde6b5 Pulling fs layer 
2024-10-15T23:45:15.378+09:00  INFO 653990 --- [utReader-stderr] o.s.boot.docker.compose.core.DockerCli   :  faa7319453cb Pulling fs layer 
2024-10-15T23:45:15.379+09:00  INFO 653990 --- [utReader-stderr] o.s.boot.docker.compose.core.DockerCli   :  db22d52fa3c2 Pulling fs layer 
2024-10-15T23:45:15.379+09:00  INFO 653990 --- [utReader-stderr] o.s.boot.docker.compose.core.DockerCli   :  a75b6bd68f08 Pulling fs layer 
2024-10-15T23:45:15.379+09:00  INFO 653990 --- [utReader-stderr] o.s.boot.docker.compose.core.DockerCli   :  3bbfa3446e21 Pulling fs layer 
2024-10-15T23:45:15.379+09:00  INFO 653990 --- [utReader-stderr] o.s.boot.docker.compose.core.DockerCli   :  0b62c3405bb7 Pulling fs layer 
2024-10-15T23:45:15.379+09:00  INFO 653990 --- [utReader-stderr] o.s.boot.docker.compose.core.DockerCli   :  2b20a8c7ce41 Pulling fs layer 
2024-10-15T23:45:15.379+09:00  INFO 653990 --- [utReader-stderr] o.s.boot.docker.compose.core.DockerCli   :  e7c88e163985 Pulling fs layer 
2024-10-15T23:45:15.380+09:00  INFO 653990 --- [utReader-stderr] o.s.boot.docker.compose.core.DockerCli   :  e5a700d882eb Pulling fs layer 
2024-10-15T23:45:15.380+09:00  INFO 653990 --- [utReader-stderr] o.s.boot.docker.compose.core.DockerCli   :  db22d52fa3c2 Waiting 
2024-10-15T23:45:15.380+09:00  INFO 653990 --- [utReader-stderr] o.s.boot.docker.compose.core.DockerCli   :  28b27d53d86b Pulling fs layer 
2024-10-15T23:45:15.380+09:00  INFO 653990 --- [utReader-stderr] o.s.boot.docker.compose.core.DockerCli   :  faa7319453cb Waiting 
2024-10-15T23:45:15.380+09:00  INFO 653990 --- [utReader-stderr] o.s.boot.docker.compose.core.DockerCli   :  a75b6bd68f08 Waiting 
2024-10-15T23:45:15.380+09:00  INFO 653990 --- [utReader-stderr] o.s.boot.docker.compose.core.DockerCli   :  bfc263366b3f Pulling fs layer 
2024-10-15T23:45:15.381+09:00  INFO 653990 --- [utReader-stderr] o.s.boot.docker.compose.core.DockerCli   :  0b62c3405bb7 Waiting 
2024-10-15T23:45:15.381+09:00  INFO 653990 --- [utReader-stderr] o.s.boot.docker.compose.core.DockerCli   :  3bbfa3446e21 Waiting 
2024-10-15T23:45:15.381+09:00  INFO 653990 --- [utReader-stderr] o.s.boot.docker.compose.core.DockerCli   :  2b20a8c7ce41 Waiting 
2024-10-15T23:45:15.381+09:00  INFO 653990 --- [utReader-stderr] o.s.boot.docker.compose.core.DockerCli   :  e5ff51eeda62 Pulling fs layer 
2024-10-15T23:45:15.381+09:00  INFO 653990 --- [utReader-stderr] o.s.boot.docker.compose.core.DockerCli   :  e7c88e163985 Waiting 
2024-10-15T23:45:15.381+09:00  INFO 653990 --- [utReader-stderr] o.s.boot.docker.compose.core.DockerCli   :  e5a700d882eb Waiting 
2024-10-15T23:45:15.382+09:00  INFO 653990 --- [utReader-stderr] o.s.boot.docker.compose.core.DockerCli   :  e5ff51eeda62 Waiting 
2024-10-15T23:45:15.382+09:00  INFO 653990 --- [utReader-stderr] o.s.boot.docker.compose.core.DockerCli   :  28b27d53d86b Waiting 
2024-10-15T23:45:16.118+09:00  INFO 653990 --- [utReader-stderr] o.s.boot.docker.compose.core.DockerCli   :  0f8c00fde6b5 Downloading [>                                                  ]  46.46kB/4.534MB
2024-10-15T23:45:16.124+09:00  INFO 653990 --- [utReader-stderr] o.s.boot.docker.compose.core.DockerCli   :  302e3ee49805 Downloading [>                                                  ]  294.2kB/29.13MB
2024-10-15T23:45:16.146+09:00  INFO 653990 --- [utReader-stderr] o.s.boot.docker.compose.core.DockerCli   :  db123f79d191 Downloading [==============================>                    ]     707B/1.166kB
2024-10-15T23:45:16.146+09:00  INFO 653990 --- [utReader-stderr] o.s.boot.docker.compose.core.DockerCli   :  db123f79d191 Downloading [==================================================>]  1.166kB/1.166kB
2024-10-15T23:45:16.146+09:00  INFO 653990 --- [utReader-stderr] o.s.boot.docker.compose.core.DockerCli   :  db123f79d191 Verifying Checksum 
2024-10-15T23:45:16.146+09:00  INFO 653990 --- [utReader-stderr] o.s.boot.docker.compose.core.DockerCli   :  db123f79d191 Download complete 
2024-10-15T23:45:16.218+09:00  INFO 653990 --- [utReader-stderr] o.s.boot.docker.compose.core.DockerCli   :  0f8c00fde6b5 Downloading [===================================>               ]  3.218MB/4.534MB
2024-10-15T23:45:16.229+09:00  INFO 653990 --- [utReader-stderr] o.s.boot.docker.compose.core.DockerCli   :  302e3ee49805 Downloading [==========>                                        ]  5.946MB/29.13MB
2024-10-15T23:45:16.248+09:00  INFO 653990 --- [utReader-stderr] o.s.boot.docker.compose.core.DockerCli   :  0f8c00fde6b5 Download complete 
2024-10-15T23:45:16.332+09:00  INFO 653990 --- [utReader-stderr] o.s.boot.docker.compose.core.DockerCli   :  302e3ee49805 Downloading [========================>                          ]  14.02MB/29.13MB
2024-10-15T23:45:16.434+09:00  INFO 653990 --- [utReader-stderr] o.s.boot.docker.compose.core.DockerCli   :  302e3ee49805 Downloading [==================================>                ]  20.27MB/29.13MB
2024-10-15T23:45:16.532+09:00  INFO 653990 --- [utReader-stderr] o.s.boot.docker.compose.core.DockerCli   :  302e3ee49805 Download complete 
2024-10-15T23:45:16.568+09:00  INFO 653990 --- [utReader-stderr] o.s.boot.docker.compose.core.DockerCli   :  302e3ee49805 Extracting [>                                                  ]  294.9kB/29.13MB
2024-10-15T23:45:16.668+09:00  INFO 653990 --- [utReader-stderr] o.s.boot.docker.compose.core.DockerCli   :  302e3ee49805 Extracting [=======>                                           ]  4.424MB/29.13MB
2024-10-15T23:45:16.769+09:00  INFO 653990 --- [utReader-stderr] o.s.boot.docker.compose.core.DockerCli   :  302e3ee49805 Extracting [===============>                                   ]  8.847MB/29.13MB
2024-10-15T23:45:16.855+09:00  INFO 653990 --- [utReader-stderr] o.s.boot.docker.compose.core.DockerCli   :  faa7319453cb Downloading [>                                                  ]  15.78kB/1.447MB
2024-10-15T23:45:16.875+09:00  INFO 653990 --- [utReader-stderr] o.s.boot.docker.compose.core.DockerCli   :  302e3ee49805 Extracting [==================>                                ]  10.91MB/29.13MB
2024-10-15T23:45:16.885+09:00  INFO 653990 --- [utReader-stderr] o.s.boot.docker.compose.core.DockerCli   :  faa7319453cb Downloading [==================================================>]  1.447MB/1.447MB
2024-10-15T23:45:16.885+09:00  INFO 653990 --- [utReader-stderr] o.s.boot.docker.compose.core.DockerCli   :  faa7319453cb Verifying Checksum 
2024-10-15T23:45:16.885+09:00  INFO 653990 --- [utReader-stderr] o.s.boot.docker.compose.core.DockerCli   :  faa7319453cb Download complete 
2024-10-15T23:45:16.936+09:00  INFO 653990 --- [utReader-stderr] o.s.boot.docker.compose.core.DockerCli   :  db22d52fa3c2 Downloading [>                                                  ]  84.39kB/8.066MB
2024-10-15T23:45:16.978+09:00  INFO 653990 --- [utReader-stderr] o.s.boot.docker.compose.core.DockerCli   :  302e3ee49805 Extracting [=========================>                         ]  14.75MB/29.13MB
2024-10-15T23:45:17.037+09:00  INFO 653990 --- [utReader-stderr] o.s.boot.docker.compose.core.DockerCli   :  db22d52fa3c2 Verifying Checksum 
2024-10-15T23:45:17.037+09:00  INFO 653990 --- [utReader-stderr] o.s.boot.docker.compose.core.DockerCli   :  db22d52fa3c2 Download complete 
2024-10-15T23:45:17.088+09:00  INFO 653990 --- [utReader-stderr] o.s.boot.docker.compose.core.DockerCli   :  302e3ee49805 Extracting [==================================>                ]  20.05MB/29.13MB
2024-10-15T23:45:17.193+09:00  INFO 653990 --- [utReader-stderr] o.s.boot.docker.compose.core.DockerCli   :  302e3ee49805 Extracting [=========================================>         ]  23.89MB/29.13MB
2024-10-15T23:45:17.244+09:00  INFO 653990 --- [utReader-stderr] o.s.boot.docker.compose.core.DockerCli   :  a75b6bd68f08 Downloading [>                                                  ]  12.32kB/1.196MB
2024-10-15T23:45:17.267+09:00  INFO 653990 --- [utReader-stderr] o.s.boot.docker.compose.core.DockerCli   :  a75b6bd68f08 Download complete 
2024-10-15T23:45:17.370+09:00  INFO 653990 --- [utReader-stderr] o.s.boot.docker.compose.core.DockerCli   :  302e3ee49805 Extracting [==========================================>        ]  24.77MB/29.13MB
2024-10-15T23:45:17.511+09:00  INFO 653990 --- [utReader-stderr] o.s.boot.docker.compose.core.DockerCli   :  302e3ee49805 Extracting [===============================================>   ]  27.72MB/29.13MB
2024-10-15T23:45:17.634+09:00  INFO 653990 --- [utReader-stderr] o.s.boot.docker.compose.core.DockerCli   :  3bbfa3446e21 Downloading [==================================================>]     116B/116B
2024-10-15T23:45:17.635+09:00  INFO 653990 --- [utReader-stderr] o.s.boot.docker.compose.core.DockerCli   :  3bbfa3446e21 Verifying Checksum 
2024-10-15T23:45:17.635+09:00  INFO 653990 --- [utReader-stderr] o.s.boot.docker.compose.core.DockerCli   :  3bbfa3446e21 Download complete 
2024-10-15T23:45:17.730+09:00  INFO 653990 --- [utReader-stderr] o.s.boot.docker.compose.core.DockerCli   :  0b62c3405bb7 Downloading [===========>                                       ]     719B/3.143kB
2024-10-15T23:45:17.731+09:00  INFO 653990 --- [utReader-stderr] o.s.boot.docker.compose.core.DockerCli   :  0b62c3405bb7 Downloading [==================================================>]  3.143kB/3.143kB
2024-10-15T23:45:17.731+09:00  INFO 653990 --- [utReader-stderr] o.s.boot.docker.compose.core.DockerCli   :  0b62c3405bb7 Download complete 
2024-10-15T23:45:17.787+09:00  INFO 653990 --- [utReader-stderr] o.s.boot.docker.compose.core.DockerCli   :  302e3ee49805 Extracting [================================================>  ]  28.31MB/29.13MB
2024-10-15T23:45:17.915+09:00  INFO 653990 --- [utReader-stderr] o.s.boot.docker.compose.core.DockerCli   :  302e3ee49805 Extracting [==================================================>]  29.13MB/29.13MB
2024-10-15T23:45:18.014+09:00  INFO 653990 --- [utReader-stderr] o.s.boot.docker.compose.core.DockerCli   :  302e3ee49805 Pull complete 
2024-10-15T23:45:18.016+09:00  INFO 653990 --- [utReader-stderr] o.s.boot.docker.compose.core.DockerCli   :  2b20a8c7ce41 Downloading [>                                                  ]  540.7kB/110.2MB
2024-10-15T23:45:18.027+09:00  INFO 653990 --- [utReader-stderr] o.s.boot.docker.compose.core.DockerCli   :  db123f79d191 Extracting [==================================================>]  1.166kB/1.166kB
2024-10-15T23:45:18.029+09:00  INFO 653990 --- [utReader-stderr] o.s.boot.docker.compose.core.DockerCli   :  db123f79d191 Extracting [==================================================>]  1.166kB/1.166kB
2024-10-15T23:45:18.069+09:00  INFO 653990 --- [utReader-stderr] o.s.boot.docker.compose.core.DockerCli   :  db123f79d191 Pull complete 
2024-10-15T23:45:18.081+09:00  INFO 653990 --- [utReader-stderr] o.s.boot.docker.compose.core.DockerCli   :  0f8c00fde6b5 Extracting [>                                                  ]  65.54kB/4.534MB
2024-10-15T23:45:18.119+09:00  INFO 653990 --- [utReader-stderr] o.s.boot.docker.compose.core.DockerCli   :  2b20a8c7ce41 Downloading [===>                                               ]  8.043MB/110.2MB
2024-10-15T23:45:18.186+09:00  INFO 653990 --- [utReader-stderr] o.s.boot.docker.compose.core.DockerCli   :  0f8c00fde6b5 Extracting [=================================>                 ]   3.08MB/4.534MB
2024-10-15T23:45:18.222+09:00  INFO 653990 --- [utReader-stderr] o.s.boot.docker.compose.core.DockerCli   :  2b20a8c7ce41 Downloading [========>                                          ]  17.68MB/110.2MB
2024-10-15T23:45:18.259+09:00  INFO 653990 --- [utReader-stderr] o.s.boot.docker.compose.core.DockerCli   :  0f8c00fde6b5 Extracting [==================================================>]  4.534MB/4.534MB
2024-10-15T23:45:18.323+09:00  INFO 653990 --- [utReader-stderr] o.s.boot.docker.compose.core.DockerCli   :  2b20a8c7ce41 Downloading [============>                                      ]  27.31MB/110.2MB
2024-10-15T23:45:18.357+09:00  INFO 653990 --- [utReader-stderr] o.s.boot.docker.compose.core.DockerCli   :  0f8c00fde6b5 Pull complete 
2024-10-15T23:45:18.367+09:00  INFO 653990 --- [utReader-stderr] o.s.boot.docker.compose.core.DockerCli   :  e7c88e163985 Downloading [======>                                            ]  1.369kB/10.23kB
2024-10-15T23:45:18.367+09:00  INFO 653990 --- [utReader-stderr] o.s.boot.docker.compose.core.DockerCli   :  e7c88e163985 Downloading [==================================================>]  10.23kB/10.23kB
2024-10-15T23:45:18.367+09:00  INFO 653990 --- [utReader-stderr] o.s.boot.docker.compose.core.DockerCli   :  e7c88e163985 Verifying Checksum 
2024-10-15T23:45:18.367+09:00  INFO 653990 --- [utReader-stderr] o.s.boot.docker.compose.core.DockerCli   :  e7c88e163985 Download complete 
2024-10-15T23:45:18.372+09:00  INFO 653990 --- [utReader-stderr] o.s.boot.docker.compose.core.DockerCli   :  faa7319453cb Extracting [=>                                                 ]  32.77kB/1.447MB
2024-10-15T23:45:18.428+09:00  INFO 653990 --- [utReader-stderr] o.s.boot.docker.compose.core.DockerCli   :  2b20a8c7ce41 Downloading [================>                                  ]  36.42MB/110.2MB
2024-10-15T23:45:18.444+09:00  INFO 653990 --- [utReader-stderr] o.s.boot.docker.compose.core.DockerCli   :  faa7319453cb Extracting [==================================================>]  1.447MB/1.447MB
2024-10-15T23:45:18.447+09:00  INFO 653990 --- [utReader-stderr] o.s.boot.docker.compose.core.DockerCli   :  e5a700d882eb Downloading [==================================================>]     127B/127B
2024-10-15T23:45:18.448+09:00  INFO 653990 --- [utReader-stderr] o.s.boot.docker.compose.core.DockerCli   :  e5a700d882eb Verifying Checksum 
2024-10-15T23:45:18.448+09:00  INFO 653990 --- [utReader-stderr] o.s.boot.docker.compose.core.DockerCli   :  e5a700d882eb Download complete 
2024-10-15T23:45:18.482+09:00  INFO 653990 --- [utReader-stderr] o.s.boot.docker.compose.core.DockerCli   :  faa7319453cb Pull complete 
2024-10-15T23:45:18.494+09:00  INFO 653990 --- [utReader-stderr] o.s.boot.docker.compose.core.DockerCli   :  db22d52fa3c2 Extracting [>                                                  ]   98.3kB/8.066MB
2024-10-15T23:45:18.529+09:00  INFO 653990 --- [utReader-stderr] o.s.boot.docker.compose.core.DockerCli   :  2b20a8c7ce41 Downloading [====================>                              ]  44.99MB/110.2MB
2024-10-15T23:45:18.595+09:00  INFO 653990 --- [utReader-stderr] o.s.boot.docker.compose.core.DockerCli   :  db22d52fa3c2 Extracting [===============>                                   ]  2.458MB/8.066MB
2024-10-15T23:45:18.644+09:00  INFO 653990 --- [utReader-stderr] o.s.boot.docker.compose.core.DockerCli   :  2b20a8c7ce41 Downloading [========================>                          ]  53.54MB/110.2MB
2024-10-15T23:45:18.694+09:00  INFO 653990 --- [utReader-stderr] o.s.boot.docker.compose.core.DockerCli   :  db22d52fa3c2 Extracting [=========================>                         ]  4.129MB/8.066MB
2024-10-15T23:45:18.744+09:00  INFO 653990 --- [utReader-stderr] o.s.boot.docker.compose.core.DockerCli   :  2b20a8c7ce41 Downloading [==========================>                        ]  58.33MB/110.2MB
2024-10-15T23:45:18.795+09:00  INFO 653990 --- [utReader-stderr] o.s.boot.docker.compose.core.DockerCli   :  db22d52fa3c2 Extracting [===============================>                   ]  5.112MB/8.066MB
2024-10-15T23:45:18.849+09:00  INFO 653990 --- [utReader-stderr] o.s.boot.docker.compose.core.DockerCli   :  2b20a8c7ce41 Downloading [==============================>                    ]  67.99MB/110.2MB
2024-10-15T23:45:18.902+09:00  INFO 653990 --- [utReader-stderr] o.s.boot.docker.compose.core.DockerCli   :  db22d52fa3c2 Extracting [=====================================>             ]  5.997MB/8.066MB
2024-10-15T23:45:18.953+09:00  INFO 653990 --- [utReader-stderr] o.s.boot.docker.compose.core.DockerCli   :  2b20a8c7ce41 Downloading [===================================>               ]  77.62MB/110.2MB
2024-10-15T23:45:19.001+09:00  INFO 653990 --- [utReader-stderr] o.s.boot.docker.compose.core.DockerCli   :  db22d52fa3c2 Extracting [==============================================>    ]  7.471MB/8.066MB
2024-10-15T23:45:19.042+09:00  INFO 653990 --- [utReader-stderr] o.s.boot.docker.compose.core.DockerCli   :  db22d52fa3c2 Extracting [==================================================>]  8.066MB/8.066MB
2024-10-15T23:45:19.054+09:00  INFO 653990 --- [utReader-stderr] o.s.boot.docker.compose.core.DockerCli   :  2b20a8c7ce41 Downloading [=======================================>           ]  86.75MB/110.2MB
2024-10-15T23:45:19.108+09:00  INFO 653990 --- [utReader-stderr] o.s.boot.docker.compose.core.DockerCli   :  28b27d53d86b Downloading [==================================================>]     166B/166B
2024-10-15T23:45:19.108+09:00  INFO 653990 --- [utReader-stderr] o.s.boot.docker.compose.core.DockerCli   :  28b27d53d86b Verifying Checksum 
2024-10-15T23:45:19.108+09:00  INFO 653990 --- [utReader-stderr] o.s.boot.docker.compose.core.DockerCli   :  28b27d53d86b Download complete 
2024-10-15T23:45:19.109+09:00  INFO 653990 --- [utReader-stderr] o.s.boot.docker.compose.core.DockerCli   :  db22d52fa3c2 Pull complete 
2024-10-15T23:45:19.125+09:00  INFO 653990 --- [utReader-stderr] o.s.boot.docker.compose.core.DockerCli   :  a75b6bd68f08 Extracting [=>                                                 ]  32.77kB/1.196MB
2024-10-15T23:45:19.156+09:00  INFO 653990 --- [utReader-stderr] o.s.boot.docker.compose.core.DockerCli   :  2b20a8c7ce41 Downloading [===========================================>       ]   96.4MB/110.2MB
2024-10-15T23:45:19.195+09:00  INFO 653990 --- [utReader-stderr] o.s.boot.docker.compose.core.DockerCli   :  a75b6bd68f08 Extracting [==================================================>]  1.196MB/1.196MB
2024-10-15T23:45:19.203+09:00  INFO 653990 --- [utReader-stderr] o.s.boot.docker.compose.core.DockerCli   :  a75b6bd68f08 Extracting [==================================================>]  1.196MB/1.196MB
2024-10-15T23:45:19.220+09:00  INFO 653990 --- [utReader-stderr] o.s.boot.docker.compose.core.DockerCli   :  bfc263366b3f Downloading [======>                                            ]     719B/5.415kB
2024-10-15T23:45:19.221+09:00  INFO 653990 --- [utReader-stderr] o.s.boot.docker.compose.core.DockerCli   :  bfc263366b3f Downloading [==================================================>]  5.415kB/5.415kB
2024-10-15T23:45:19.222+09:00  INFO 653990 --- [utReader-stderr] o.s.boot.docker.compose.core.DockerCli   :  bfc263366b3f Verifying Checksum 
2024-10-15T23:45:19.222+09:00  INFO 653990 --- [utReader-stderr] o.s.boot.docker.compose.core.DockerCli   :  bfc263366b3f Download complete 
2024-10-15T23:45:19.258+09:00  INFO 653990 --- [utReader-stderr] o.s.boot.docker.compose.core.DockerCli   :  a75b6bd68f08 Pull complete 
2024-10-15T23:45:19.261+09:00  INFO 653990 --- [utReader-stderr] o.s.boot.docker.compose.core.DockerCli   :  2b20a8c7ce41 Downloading [================================================>  ]    106MB/110.2MB
2024-10-15T23:45:19.267+09:00  INFO 653990 --- [utReader-stderr] o.s.boot.docker.compose.core.DockerCli   :  3bbfa3446e21 Extracting [==================================================>]     116B/116B
2024-10-15T23:45:19.270+09:00  INFO 653990 --- [utReader-stderr] o.s.boot.docker.compose.core.DockerCli   :  3bbfa3446e21 Extracting [==================================================>]     116B/116B
2024-10-15T23:45:19.304+09:00  INFO 653990 --- [utReader-stderr] o.s.boot.docker.compose.core.DockerCli   :  2b20a8c7ce41 Verifying Checksum 
2024-10-15T23:45:19.305+09:00  INFO 653990 --- [utReader-stderr] o.s.boot.docker.compose.core.DockerCli   :  2b20a8c7ce41 Download complete 
2024-10-15T23:45:19.306+09:00  INFO 653990 --- [utReader-stderr] o.s.boot.docker.compose.core.DockerCli   :  3bbfa3446e21 Pull complete 
2024-10-15T23:45:19.317+09:00  INFO 653990 --- [utReader-stderr] o.s.boot.docker.compose.core.DockerCli   :  0b62c3405bb7 Extracting [==================================================>]  3.143kB/3.143kB
2024-10-15T23:45:19.317+09:00  INFO 653990 --- [utReader-stderr] o.s.boot.docker.compose.core.DockerCli   :  0b62c3405bb7 Extracting [==================================================>]  3.143kB/3.143kB
2024-10-15T23:45:19.354+09:00  INFO 653990 --- [utReader-stderr] o.s.boot.docker.compose.core.DockerCli   :  0b62c3405bb7 Pull complete 
2024-10-15T23:45:19.424+09:00  INFO 653990 --- [utReader-stderr] o.s.boot.docker.compose.core.DockerCli   :  2b20a8c7ce41 Extracting [>                                                  ]  557.1kB/110.2MB
2024-10-15T23:45:19.532+09:00  INFO 653990 --- [utReader-stderr] o.s.boot.docker.compose.core.DockerCli   :  2b20a8c7ce41 Extracting [==>                                                ]  6.128MB/110.2MB
2024-10-15T23:45:19.652+09:00  INFO 653990 --- [utReader-stderr] o.s.boot.docker.compose.core.DockerCli   :  2b20a8c7ce41 Extracting [====>                                              ]   9.47MB/110.2MB
2024-10-15T23:45:19.753+09:00  INFO 653990 --- [utReader-stderr] o.s.boot.docker.compose.core.DockerCli   :  2b20a8c7ce41 Extracting [=====>                                             ]  12.81MB/110.2MB
2024-10-15T23:45:19.856+09:00  INFO 653990 --- [utReader-stderr] o.s.boot.docker.compose.core.DockerCli   :  2b20a8c7ce41 Extracting [=======>                                           ]  16.15MB/110.2MB
2024-10-15T23:45:19.929+09:00  INFO 653990 --- [utReader-stderr] o.s.boot.docker.compose.core.DockerCli   :  e5ff51eeda62 Downloading [==================================================>]     183B/183B
2024-10-15T23:45:19.929+09:00  INFO 653990 --- [utReader-stderr] o.s.boot.docker.compose.core.DockerCli   :  e5ff51eeda62 Download complete 
2024-10-15T23:45:19.966+09:00  INFO 653990 --- [utReader-stderr] o.s.boot.docker.compose.core.DockerCli   :  2b20a8c7ce41 Extracting [========>                                          ]   19.5MB/110.2MB
2024-10-15T23:45:20.069+09:00  INFO 653990 --- [utReader-stderr] o.s.boot.docker.compose.core.DockerCli   :  2b20a8c7ce41 Extracting [==========>                                        ]   23.4MB/110.2MB
2024-10-15T23:45:20.183+09:00  INFO 653990 --- [utReader-stderr] o.s.boot.docker.compose.core.DockerCli   :  2b20a8c7ce41 Extracting [============>                                      ]  26.74MB/110.2MB
2024-10-15T23:45:20.286+09:00  INFO 653990 --- [utReader-stderr] o.s.boot.docker.compose.core.DockerCli   :  2b20a8c7ce41 Extracting [==============>                                    ]   31.2MB/110.2MB
2024-10-15T23:45:20.393+09:00  INFO 653990 --- [utReader-stderr] o.s.boot.docker.compose.core.DockerCli   :  2b20a8c7ce41 Extracting [=================>                                 ]  37.88MB/110.2MB
2024-10-15T23:45:20.496+09:00  INFO 653990 --- [utReader-stderr] o.s.boot.docker.compose.core.DockerCli   :  2b20a8c7ce41 Extracting [===================>                               ]  43.45MB/110.2MB
2024-10-15T23:45:20.600+09:00  INFO 653990 --- [utReader-stderr] o.s.boot.docker.compose.core.DockerCli   :  2b20a8c7ce41 Extracting [======================>                            ]  49.58MB/110.2MB
2024-10-15T23:45:20.710+09:00  INFO 653990 --- [utReader-stderr] o.s.boot.docker.compose.core.DockerCli   :  2b20a8c7ce41 Extracting [========================>                          ]  52.92MB/110.2MB
2024-10-15T23:45:20.822+09:00  INFO 653990 --- [utReader-stderr] o.s.boot.docker.compose.core.DockerCli   :  2b20a8c7ce41 Extracting [========================>                          ]  54.59MB/110.2MB
2024-10-15T23:45:20.924+09:00  INFO 653990 --- [utReader-stderr] o.s.boot.docker.compose.core.DockerCli   :  2b20a8c7ce41 Extracting [=========================>                         ]  56.82MB/110.2MB
2024-10-15T23:45:21.040+09:00  INFO 653990 --- [utReader-stderr] o.s.boot.docker.compose.core.DockerCli   :  2b20a8c7ce41 Extracting [===========================>                       ]  60.16MB/110.2MB
2024-10-15T23:45:21.145+09:00  INFO 653990 --- [utReader-stderr] o.s.boot.docker.compose.core.DockerCli   :  2b20a8c7ce41 Extracting [=============================>                     ]  65.73MB/110.2MB
2024-10-15T23:45:21.248+09:00  INFO 653990 --- [utReader-stderr] o.s.boot.docker.compose.core.DockerCli   :  2b20a8c7ce41 Extracting [================================>                  ]   71.3MB/110.2MB
2024-10-15T23:45:21.353+09:00  INFO 653990 --- [utReader-stderr] o.s.boot.docker.compose.core.DockerCli   :  2b20a8c7ce41 Extracting [==================================>                ]  75.76MB/110.2MB
2024-10-15T23:45:21.460+09:00  INFO 653990 --- [utReader-stderr] o.s.boot.docker.compose.core.DockerCli   :  2b20a8c7ce41 Extracting [====================================>              ]  81.33MB/110.2MB
2024-10-15T23:45:21.569+09:00  INFO 653990 --- [utReader-stderr] o.s.boot.docker.compose.core.DockerCli   :  2b20a8c7ce41 Extracting [=======================================>           ]  88.01MB/110.2MB
2024-10-15T23:45:21.689+09:00  INFO 653990 --- [utReader-stderr] o.s.boot.docker.compose.core.DockerCli   :  2b20a8c7ce41 Extracting [==========================================>        ]  93.03MB/110.2MB
2024-10-15T23:45:21.804+09:00  INFO 653990 --- [utReader-stderr] o.s.boot.docker.compose.core.DockerCli   :  2b20a8c7ce41 Extracting [===========================================>       ]  95.81MB/110.2MB
2024-10-15T23:45:21.907+09:00  INFO 653990 --- [utReader-stderr] o.s.boot.docker.compose.core.DockerCli   :  2b20a8c7ce41 Extracting [============================================>      ]  98.04MB/110.2MB
2024-10-15T23:45:22.009+09:00  INFO 653990 --- [utReader-stderr] o.s.boot.docker.compose.core.DockerCli   :  2b20a8c7ce41 Extracting [=============================================>     ]  100.8MB/110.2MB
2024-10-15T23:45:22.111+09:00  INFO 653990 --- [utReader-stderr] o.s.boot.docker.compose.core.DockerCli   :  2b20a8c7ce41 Extracting [===============================================>   ]  103.6MB/110.2MB
2024-10-15T23:45:22.234+09:00  INFO 653990 --- [utReader-stderr] o.s.boot.docker.compose.core.DockerCli   :  2b20a8c7ce41 Extracting [===============================================>   ]  105.3MB/110.2MB
2024-10-15T23:45:22.373+09:00  INFO 653990 --- [utReader-stderr] o.s.boot.docker.compose.core.DockerCli   :  2b20a8c7ce41 Extracting [================================================>  ]    107MB/110.2MB
2024-10-15T23:45:22.594+09:00  INFO 653990 --- [utReader-stderr] o.s.boot.docker.compose.core.DockerCli   :  2b20a8c7ce41 Extracting [=================================================> ]  108.6MB/110.2MB
2024-10-15T23:45:22.726+09:00  INFO 653990 --- [utReader-stderr] o.s.boot.docker.compose.core.DockerCli   :  2b20a8c7ce41 Extracting [==================================================>]  110.2MB/110.2MB
2024-10-15T23:45:22.790+09:00  INFO 653990 --- [utReader-stderr] o.s.boot.docker.compose.core.DockerCli   :  2b20a8c7ce41 Pull complete 
2024-10-15T23:45:22.799+09:00  INFO 653990 --- [utReader-stderr] o.s.boot.docker.compose.core.DockerCli   :  e7c88e163985 Extracting [==================================================>]  10.23kB/10.23kB
2024-10-15T23:45:22.799+09:00  INFO 653990 --- [utReader-stderr] o.s.boot.docker.compose.core.DockerCli   :  e7c88e163985 Extracting [==================================================>]  10.23kB/10.23kB
2024-10-15T23:45:22.837+09:00  INFO 653990 --- [utReader-stderr] o.s.boot.docker.compose.core.DockerCli   :  e7c88e163985 Pull complete 
2024-10-15T23:45:22.846+09:00  INFO 653990 --- [utReader-stderr] o.s.boot.docker.compose.core.DockerCli   :  e5a700d882eb Extracting [==================================================>]     127B/127B
2024-10-15T23:45:22.846+09:00  INFO 653990 --- [utReader-stderr] o.s.boot.docker.compose.core.DockerCli   :  e5a700d882eb Extracting [==================================================>]     127B/127B
2024-10-15T23:45:22.881+09:00  INFO 653990 --- [utReader-stderr] o.s.boot.docker.compose.core.DockerCli   :  e5a700d882eb Pull complete 
2024-10-15T23:45:22.891+09:00  INFO 653990 --- [utReader-stderr] o.s.boot.docker.compose.core.DockerCli   :  28b27d53d86b Extracting [==================================================>]     166B/166B
2024-10-15T23:45:22.891+09:00  INFO 653990 --- [utReader-stderr] o.s.boot.docker.compose.core.DockerCli   :  28b27d53d86b Extracting [==================================================>]     166B/166B
2024-10-15T23:45:22.926+09:00  INFO 653990 --- [utReader-stderr] o.s.boot.docker.compose.core.DockerCli   :  28b27d53d86b Pull complete 
2024-10-15T23:45:22.936+09:00  INFO 653990 --- [utReader-stderr] o.s.boot.docker.compose.core.DockerCli   :  bfc263366b3f Extracting [==================================================>]  5.415kB/5.415kB
2024-10-15T23:45:22.936+09:00  INFO 653990 --- [utReader-stderr] o.s.boot.docker.compose.core.DockerCli   :  bfc263366b3f Extracting [==================================================>]  5.415kB/5.415kB
2024-10-15T23:45:22.972+09:00  INFO 653990 --- [utReader-stderr] o.s.boot.docker.compose.core.DockerCli   :  bfc263366b3f Pull complete 
2024-10-15T23:45:22.982+09:00  INFO 653990 --- [utReader-stderr] o.s.boot.docker.compose.core.DockerCli   :  e5ff51eeda62 Extracting [==================================================>]     183B/183B
2024-10-15T23:45:22.982+09:00  INFO 653990 --- [utReader-stderr] o.s.boot.docker.compose.core.DockerCli   :  e5ff51eeda62 Extracting [==================================================>]     183B/183B
2024-10-15T23:45:23.016+09:00  INFO 653990 --- [utReader-stderr] o.s.boot.docker.compose.core.DockerCli   :  e5ff51eeda62 Pull complete 
2024-10-15T23:45:23.057+09:00  INFO 653990 --- [utReader-stderr] o.s.boot.docker.compose.core.DockerCli   :  postgres Pulled 
2024-10-15T23:45:23.071+09:00  INFO 653990 --- [utReader-stderr] o.s.boot.docker.compose.core.DockerCli   :  Network spring-petclinic_default  Creating
2024-10-15T23:45:23.124+09:00  INFO 653990 --- [utReader-stderr] o.s.boot.docker.compose.core.DockerCli   :  Network spring-petclinic_default  Created
2024-10-15T23:45:23.125+09:00  INFO 653990 --- [utReader-stderr] o.s.boot.docker.compose.core.DockerCli   :  Container spring-petclinic-postgres-1  Creating
2024-10-15T23:45:26.333+09:00  INFO 653990 --- [utReader-stderr] o.s.boot.docker.compose.core.DockerCli   :  Container spring-petclinic-postgres-1  Created
2024-10-15T23:45:26.341+09:00  INFO 653990 --- [utReader-stderr] o.s.boot.docker.compose.core.DockerCli   :  Container spring-petclinic-postgres-1  Starting
2024-10-15T23:45:27.686+09:00  INFO 653990 --- [utReader-stderr] o.s.boot.docker.compose.core.DockerCli   : Error response from daemon: driver failed programming external connectivity on endpoint spring-petclinic-postgres-1 (f0110fa9739a3b1609eb034983f3fbd1bea0be6713400269943b0b04996cd9f7): Bind for 0.0.0.0:5432 failed: port is already allocated
2024-10-15T23:45:27.717+09:00 ERROR 653990 --- [           main] o.s.boot.SpringApplication               : Application run failed

org.springframework.boot.docker.compose.core.ProcessExitException: 'docker compose --file /home/ung/IdeaProjects/social-microservice/spring-web-flow/spring-petclinic/spring-petclinic/docker-compose.yml --ansi never --profile postgres up --no-color --detach --wait' failed with exit code 1.

Stdout:


Stderr:
 postgres Pulling 
 302e3ee49805 Pulling fs layer 
 db123f79d191 Pulling fs layer 
 0f8c00fde6b5 Pulling fs layer 
 faa7319453cb Pulling fs layer 
 db22d52fa3c2 Pulling fs layer 
 a75b6bd68f08 Pulling fs layer 
 3bbfa3446e21 Pulling fs layer 
 0b62c3405bb7 Pulling fs layer 
 2b20a8c7ce41 Pulling fs layer 
 e7c88e163985 Pulling fs layer 
 e5a700d882eb Pulling fs layer 
 db22d52fa3c2 Waiting 
 28b27d53d86b Pulling fs layer 
 faa7319453cb Waiting 
 a75b6bd68f08 Waiting 
 bfc263366b3f Pulling fs layer 
 0b62c3405bb7 Waiting 
 3bbfa3446e21 Waiting 
 2b20a8c7ce41 Waiting 
 e5ff51eeda62 Pulling fs layer 
 e7c88e163985 Waiting 
 e5a700d882eb Waiting 
 e5ff51eeda62 Waiting 
 28b27d53d86b Waiting 
 0f8c00fde6b5 Downloading [>                                                  ]  46.46kB/4.534MB
 302e3ee49805 Downloading [>                                                  ]  294.2kB/29.13MB
 db123f79d191 Downloading [==============================>                    ]     707B/1.166kB
 db123f79d191 Downloading [==================================================>]  1.166kB/1.166kB
 db123f79d191 Verifying Checksum 
 db123f79d191 Download complete 
 0f8c00fde6b5 Downloading [===================================>               ]  3.218MB/4.534MB
 302e3ee49805 Downloading [==========>                                        ]  5.946MB/29.13MB
 0f8c00fde6b5 Download complete 
 302e3ee49805 Downloading [========================>                          ]  14.02MB/29.13MB
 302e3ee49805 Downloading [==================================>                ]  20.27MB/29.13MB
 302e3ee49805 Download complete 
 302e3ee49805 Extracting [>                                                  ]  294.9kB/29.13MB
 302e3ee49805 Extracting [=======>                                           ]  4.424MB/29.13MB
 302e3ee49805 Extracting [===============>                                   ]  8.847MB/29.13MB
 faa7319453cb Downloading [>                                                  ]  15.78kB/1.447MB
 302e3ee49805 Extracting [==================>                                ]  10.91MB/29.13MB
 faa7319453cb Downloading [==================================================>]  1.447MB/1.447MB
 faa7319453cb Verifying Checksum 
 faa7319453cb Download complete 
 db22d52fa3c2 Downloading [>                                                  ]  84.39kB/8.066MB
 302e3ee49805 Extracting [=========================>                         ]  14.75MB/29.13MB
 db22d52fa3c2 Verifying Checksum 
 db22d52fa3c2 Download complete 
 302e3ee49805 Extracting [==================================>                ]  20.05MB/29.13MB
 302e3ee49805 Extracting [=========================================>         ]  23.89MB/29.13MB
 a75b6bd68f08 Downloading [>                                                  ]  12.32kB/1.196MB
 a75b6bd68f08 Download complete 
 302e3ee49805 Extracting [==========================================>        ]  24.77MB/29.13MB
 302e3ee49805 Extracting [===============================================>   ]  27.72MB/29.13MB
 3bbfa3446e21 Downloading [==================================================>]     116B/116B
 3bbfa3446e21 Verifying Checksum 
 3bbfa3446e21 Download complete 
 0b62c3405bb7 Downloading [===========>                                       ]     719B/3.143kB
 0b62c3405bb7 Downloading [==================================================>]  3.143kB/3.143kB
 0b62c3405bb7 Download complete 
 302e3ee49805 Extracting [================================================>  ]  28.31MB/29.13MB
 302e3ee49805 Extracting [==================================================>]  29.13MB/29.13MB
 302e3ee49805 Pull complete 
 2b20a8c7ce41 Downloading [>                                                  ]  540.7kB/110.2MB
 db123f79d191 Extracting [==================================================>]  1.166kB/1.166kB
 db123f79d191 Extracting [==================================================>]  1.166kB/1.166kB
 db123f79d191 Pull complete 
 0f8c00fde6b5 Extracting [>                                                  ]  65.54kB/4.534MB
 2b20a8c7ce41 Downloading [===>                                               ]  8.043MB/110.2MB
 0f8c00fde6b5 Extracting [=================================>                 ]   3.08MB/4.534MB
 2b20a8c7ce41 Downloading [========>                                          ]  17.68MB/110.2MB
 0f8c00fde6b5 Extracting [==================================================>]  4.534MB/4.534MB
 2b20a8c7ce41 Downloading [============>                                      ]  27.31MB/110.2MB
 0f8c00fde6b5 Pull complete 
 e7c88e163985 Downloading [======>                                            ]  1.369kB/10.23kB
 e7c88e163985 Downloading [==================================================>]  10.23kB/10.23kB
 e7c88e163985 Verifying Checksum 
 e7c88e163985 Download complete 
 faa7319453cb Extracting [=>                                                 ]  32.77kB/1.447MB
 2b20a8c7ce41 Downloading [================>                                  ]  36.42MB/110.2MB
 faa7319453cb Extracting [==================================================>]  1.447MB/1.447MB
 e5a700d882eb Downloading [==================================================>]     127B/127B
 e5a700d882eb Verifying Checksum 
 e5a700d882eb Download complete 
 faa7319453cb Pull complete 
 db22d52fa3c2 Extracting [>                                                  ]   98.3kB/8.066MB
 2b20a8c7ce41 Downloading [====================>                              ]  44.99MB/110.2MB
 db22d52fa3c2 Extracting [===============>                                   ]  2.458MB/8.066MB
 2b20a8c7ce41 Downloading [========================>                          ]  53.54MB/110.2MB
 db22d52fa3c2 Extracting [=========================>                         ]  4.129MB/8.066MB
 2b20a8c7ce41 Downloading [==========================>                        ]  58.33MB/110.2MB
 db22d52fa3c2 Extracting [===============================>                   ]  5.112MB/8.066MB
 2b20a8c7ce41 Downloading [==============================>                    ]  67.99MB/110.2MB
 db22d52fa3c2 Extracting [=====================================>             ]  5.997MB/8.066MB
 2b20a8c7ce41 Downloading [===================================>               ]  77.62MB/110.2MB
 db22d52fa3c2 Extracting [==============================================>    ]  7.471MB/8.066MB
 db22d52fa3c2 Extracting [==================================================>]  8.066MB/8.066MB
 2b20a8c7ce41 Downloading [=======================================>           ]  86.75MB/110.2MB
 28b27d53d86b Downloading [==================================================>]     166B/166B
 28b27d53d86b Verifying Checksum 
 28b27d53d86b Download complete 
 db22d52fa3c2 Pull complete 
 a75b6bd68f08 Extracting [=>                                                 ]  32.77kB/1.196MB
 2b20a8c7ce41 Downloading [===========================================>       ]   96.4MB/110.2MB
 a75b6bd68f08 Extracting [==================================================>]  1.196MB/1.196MB
 a75b6bd68f08 Extracting [==================================================>]  1.196MB/1.196MB
 bfc263366b3f Downloading [======>                                            ]     719B/5.415kB
 bfc263366b3f Downloading [==================================================>]  5.415kB/5.415kB
 bfc263366b3f Verifying Checksum 
 bfc263366b3f Download complete 
 a75b6bd68f08 Pull complete 
 2b20a8c7ce41 Downloading [================================================>  ]    106MB/110.2MB
 3bbfa3446e21 Extracting [==================================================>]     116B/116B
 3bbfa3446e21 Extracting [==================================================>]     116B/116B
 2b20a8c7ce41 Verifying Checksum 
 2b20a8c7ce41 Download complete 
 3bbfa3446e21 Pull complete 
 0b62c3405bb7 Extracting [==================================================>]  3.143kB/3.143kB
 0b62c3405bb7 Extracting [==================================================>]  3.143kB/3.143kB
 0b62c3405bb7 Pull complete 
 2b20a8c7ce41 Extracting [>                                                  ]  557.1kB/110.2MB
 2b20a8c7ce41 Extracting [==>                                                ]  6.128MB/110.2MB
 2b20a8c7ce41 Extracting [====>                                              ]   9.47MB/110.2MB
 2b20a8c7ce41 Extracting [=====>                                             ]  12.81MB/110.2MB
 2b20a8c7ce41 Extracting [=======>                                           ]  16.15MB/110.2MB
 e5ff51eeda62 Downloading [==================================================>]     183B/183B
 e5ff51eeda62 Download complete 
 2b20a8c7ce41 Extracting [========>                                          ]   19.5MB/110.2MB
 2b20a8c7ce41 Extracting [==========>                                        ]   23.4MB/110.2MB
 2b20a8c7ce41 Extracting [============>                                      ]  26.74MB/110.2MB
 2b20a8c7ce41 Extracting [==============>                                    ]   31.2MB/110.2MB
 2b20a8c7ce41 Extracting [=================>                                 ]  37.88MB/110.2MB
 2b20a8c7ce41 Extracting [===================>                               ]  43.45MB/110.2MB
 2b20a8c7ce41 Extracting [======================>                            ]  49.58MB/110.2MB
 2b20a8c7ce41 Extracting [========================>                          ]  52.92MB/110.2MB
 2b20a8c7ce41 Extracting [========================>                          ]  54.59MB/110.2MB
 2b20a8c7ce41 Extracting [=========================>                         ]  56.82MB/110.2MB
 2b20a8c7ce41 Extracting [===========================>                       ]  60.16MB/110.2MB
 2b20a8c7ce41 Extracting [=============================>                     ]  65.73MB/110.2MB
 2b20a8c7ce41 Extracting [================================>                  ]   71.3MB/110.2MB
 2b20a8c7ce41 Extracting [==================================>                ]  75.76MB/110.2MB
 2b20a8c7ce41 Extracting [====================================>              ]  81.33MB/110.2MB
 2b20a8c7ce41 Extracting [=======================================>           ]  88.01MB/110.2MB
 2b20a8c7ce41 Extracting [==========================================>        ]  93.03MB/110.2MB
 2b20a8c7ce41 Extracting [===========================================>       ]  95.81MB/110.2MB
 2b20a8c7ce41 Extracting [============================================>      ]  98.04MB/110.2MB
 2b20a8c7ce41 Extracting [=============================================>     ]  100.8MB/110.2MB
 2b20a8c7ce41 Extracting [===============================================>   ]  103.6MB/110.2MB
 2b20a8c7ce41 Extracting [===============================================>   ]  105.3MB/110.2MB
 2b20a8c7ce41 Extracting [================================================>  ]    107MB/110.2MB
 2b20a8c7ce41 Extracting [=================================================> ]  108.6MB/110.2MB
 2b20a8c7ce41 Extracting [==================================================>]  110.2MB/110.2MB
 2b20a8c7ce41 Pull complete 
 e7c88e163985 Extracting [==================================================>]  10.23kB/10.23kB
 e7c88e163985 Extracting [==================================================>]  10.23kB/10.23kB
 e7c88e163985 Pull complete 
 e5a700d882eb Extracting [==================================================>]     127B/127B
 e5a700d882eb Extracting [==================================================>]     127B/127B
 e5a700d882eb Pull complete 
 28b27d53d86b Extracting [==================================================>]     166B/166B
 28b27d53d86b Extracting [==================================================>]     166B/166B
 28b27d53d86b Pull complete 
 bfc263366b3f Extracting [==================================================>]  5.415kB/5.415kB
 bfc263366b3f Extracting [==================================================>]  5.415kB/5.415kB
 bfc263366b3f Pull complete 
 e5ff51eeda62 Extracting [==================================================>]     183B/183B
 e5ff51eeda62 Extracting [==================================================>]     183B/183B
 e5ff51eeda62 Pull complete 
 postgres Pulled 
 Network spring-petclinic_default  Creating
 Network spring-petclinic_default  Created
 Container spring-petclinic-postgres-1  Creating
 Container spring-petclinic-postgres-1  Created
 Container spring-petclinic-postgres-1  Starting
Error response from daemon: driver failed programming external connectivity on endpoint spring-petclinic-postgres-1 (f0110fa9739a3b1609eb034983f3fbd1bea0be6713400269943b0b04996cd9f7): Bind for 0.0.0.0:5432 failed: port is already allocated

	at org.springframework.boot.docker.compose.core.ProcessRunner.run(ProcessRunner.java:96) ~[spring-boot-docker-compose-3.3.4.jar:3.3.4]
	at org.springframework.boot.docker.compose.core.DockerCli.run(DockerCli.java:80) ~[spring-boot-docker-compose-3.3.4.jar:3.3.4]
	at org.springframework.boot.docker.compose.core.DefaultDockerCompose.up(DefaultDockerCompose.java:51) ~[spring-boot-docker-compose-3.3.4.jar:3.3.4]
	at org.springframework.boot.docker.compose.lifecycle.StartCommand.applyTo(StartCommand.java:51) ~[spring-boot-docker-compose-3.3.4.jar:3.3.4]
	at org.springframework.boot.docker.compose.lifecycle.DockerComposeLifecycleManager.start(DockerComposeLifecycleManager.java:128) ~[spring-boot-docker-compose-3.3.4.jar:3.3.4]
	at org.springframework.boot.docker.compose.lifecycle.DockerComposeListener.onApplicationEvent(DockerComposeListener.java:53) ~[spring-boot-docker-compose-3.3.4.jar:3.3.4]
	at org.springframework.boot.docker.compose.lifecycle.DockerComposeListener.onApplicationEvent(DockerComposeListener.java:35) ~[spring-boot-docker-compose-3.3.4.jar:3.3.4]
	at org.springframework.context.event.SimpleApplicationEventMulticaster.doInvokeListener(SimpleApplicationEventMulticaster.java:185) ~[spring-context-6.1.13.jar:6.1.13]
	at org.springframework.context.event.SimpleApplicationEventMulticaster.invokeListener(SimpleApplicationEventMulticaster.java:178) ~[spring-context-6.1.13.jar:6.1.13]
	at org.springframework.context.event.SimpleApplicationEventMulticaster.multicastEvent(SimpleApplicationEventMulticaster.java:156) ~[spring-context-6.1.13.jar:6.1.13]
	at org.springframework.context.event.SimpleApplicationEventMulticaster.multicastEvent(SimpleApplicationEventMulticaster.java:138) ~[spring-context-6.1.13.jar:6.1.13]
	at org.springframework.boot.context.event.EventPublishingRunListener.multicastInitialEvent(EventPublishingRunListener.java:136) ~[spring-boot-3.3.4.jar:3.3.4]
	at org.springframework.boot.context.event.EventPublishingRunListener.contextLoaded(EventPublishingRunListener.java:98) ~[spring-boot-3.3.4.jar:3.3.4]
	at org.springframework.boot.SpringApplicationRunListeners.lambda$contextLoaded$4(SpringApplicationRunListeners.java:72) ~[spring-boot-3.3.4.jar:3.3.4]
	at java.base/java.lang.Iterable.forEach(Iterable.java:75) ~[na:na]
	at org.springframework.boot.SpringApplicationRunListeners.doWithListeners(SpringApplicationRunListeners.java:118) ~[spring-boot-3.3.4.jar:3.3.4]
	at org.springframework.boot.SpringApplicationRunListeners.doWithListeners(SpringApplicationRunListeners.java:112) ~[spring-boot-3.3.4.jar:3.3.4]
	at org.springframework.boot.SpringApplicationRunListeners.contextLoaded(SpringApplicationRunListeners.java:72) ~[spring-boot-3.3.4.jar:3.3.4]
	at org.springframework.boot.SpringApplication.prepareContext(SpringApplication.java:433) ~[spring-boot-3.3.4.jar:3.3.4]
	at org.springframework.boot.SpringApplication.run(SpringApplication.java:334) ~[spring-boot-3.3.4.jar:3.3.4]
	at org.springframework.boot.test.context.SpringBootContextLoader.lambda$loadContext$3(SpringBootContextLoader.java:137) ~[spring-boot-test-3.3.4.jar:3.3.4]
	at org.springframework.util.function.ThrowingSupplier.get(ThrowingSupplier.java:58) ~[spring-core-6.1.13.jar:6.1.13]
	at org.springframework.util.function.ThrowingSupplier.get(ThrowingSupplier.java:46) ~[spring-core-6.1.13.jar:6.1.13]
	at org.springframework.boot.SpringApplication.withHook(SpringApplication.java:1463) ~[spring-boot-3.3.4.jar:3.3.4]
	at org.springframework.boot.test.context.SpringBootContextLoader$ContextLoaderHook.run(SpringBootContextLoader.java:553) ~[spring-boot-test-3.3.4.jar:3.3.4]
	at org.springframework.boot.test.context.SpringBootContextLoader.loadContext(SpringBootContextLoader.java:137) ~[spring-boot-test-3.3.4.jar:3.3.4]
	at org.springframework.boot.test.context.SpringBootContextLoader.loadContext(SpringBootContextLoader.java:108) ~[spring-boot-test-3.3.4.jar:3.3.4]
	at org.springframework.test.context.cache.DefaultCacheAwareContextLoaderDelegate.loadContextInternal(DefaultCacheAwareContextLoaderDelegate.java:225) ~[spring-test-6.1.13.jar:6.1.13]
	at org.springframework.test.context.cache.DefaultCacheAwareContextLoaderDelegate.loadContext(DefaultCacheAwareContextLoaderDelegate.java:152) ~[spring-test-6.1.13.jar:6.1.13]
	at org.springframework.test.context.support.DefaultTestContext.getApplicationContext(DefaultTestContext.java:130) ~[spring-test-6.1.13.jar:6.1.13]
	at org.springframework.test.context.support.DependencyInjectionTestExecutionListener.injectDependencies(DependencyInjectionTestExecutionListener.java:142) ~[spring-test-6.1.13.jar:6.1.13]
	at org.springframework.test.context.support.DependencyInjectionTestExecutionListener.prepareTestInstance(DependencyInjectionTestExecutionListener.java:98) ~[spring-test-6.1.13.jar:6.1.13]
	at org.springframework.test.context.TestContextManager.prepareTestInstance(TestContextManager.java:260) ~[spring-test-6.1.13.jar:6.1.13]
	at org.springframework.test.context.junit.jupiter.SpringExtension.postProcessTestInstance(SpringExtension.java:163) ~[spring-test-6.1.13.jar:6.1.13]
	at org.junit.jupiter.engine.descriptor.ClassBasedTestDescriptor.lambda$invokeTestInstancePostProcessors$10(ClassBasedTestDescriptor.java:378) ~[junit-jupiter-engine-5.10.3.jar:5.10.3]
	at org.junit.jupiter.engine.descriptor.ClassBasedTestDescriptor.executeAndMaskThrowable(ClassBasedTestDescriptor.java:383) ~[junit-jupiter-engine-5.10.3.jar:5.10.3]
	at org.junit.jupiter.engine.descriptor.ClassBasedTestDescriptor.lambda$invokeTestInstancePostProcessors$11(ClassBasedTestDescriptor.java:378) ~[junit-jupiter-engine-5.10.3.jar:5.10.3]
	at java.base/java.util.stream.ReferencePipeline$3$1.accept(ReferencePipeline.java:197) ~[na:na]
	at java.base/java.util.stream.ReferencePipeline$2$1.accept(ReferencePipeline.java:179) ~[na:na]
	at java.base/java.util.ArrayList$ArrayListSpliterator.forEachRemaining(ArrayList.java:1625) ~[na:na]
	at java.base/java.util.stream.AbstractPipeline.copyInto(AbstractPipeline.java:509) ~[na:na]
	at java.base/java.util.stream.AbstractPipeline.wrapAndCopyInto(AbstractPipeline.java:499) ~[na:na]
	at java.base/java.util.stream.StreamSpliterators$WrappingSpliterator.forEachRemaining(StreamSpliterators.java:310) ~[na:na]
	at java.base/java.util.stream.Streams$ConcatSpliterator.forEachRemaining(Streams.java:735) ~[na:na]
	at java.base/java.util.stream.Streams$ConcatSpliterator.forEachRemaining(Streams.java:734) ~[na:na]
	at java.base/java.util.stream.ReferencePipeline$Head.forEach(ReferencePipeline.java:762) ~[na:na]
	at org.junit.jupiter.engine.descriptor.ClassBasedTestDescriptor.invokeTestInstancePostProcessors(ClassBasedTestDescriptor.java:377) ~[junit-jupiter-engine-5.10.3.jar:5.10.3]
	at org.junit.jupiter.engine.descriptor.ClassBasedTestDescriptor.lambda$instantiateAndPostProcessTestInstance$6(ClassBasedTestDescriptor.java:290) ~[junit-jupiter-engine-5.10.3.jar:5.10.3]
	at org.junit.platform.engine.support.hierarchical.ThrowableCollector.execute(ThrowableCollector.java:73) ~[junit-platform-engine-1.10.3.jar:1.10.3]
	at org.junit.jupiter.engine.descriptor.ClassBasedTestDescriptor.instantiateAndPostProcessTestInstance(ClassBasedTestDescriptor.java:289) ~[junit-jupiter-engine-5.10.3.jar:5.10.3]
	at org.junit.jupiter.engine.descriptor.ClassBasedTestDescriptor.lambda$testInstancesProvider$4(ClassBasedTestDescriptor.java:279) ~[junit-jupiter-engine-5.10.3.jar:5.10.3]
	at java.base/java.util.Optional.orElseGet(Optional.java:364) ~[na:na]
	at org.junit.jupiter.engine.descriptor.ClassBasedTestDescriptor.lambda$testInstancesProvider$5(ClassBasedTestDescriptor.java:278) ~[junit-jupiter-engine-5.10.3.jar:5.10.3]
	at org.junit.jupiter.engine.execution.TestInstancesProvider.getTestInstances(TestInstancesProvider.java:31) ~[junit-jupiter-engine-5.10.3.jar:5.10.3]
	at org.junit.jupiter.engine.descriptor.TestMethodTestDescriptor.lambda$prepare$0(TestMethodTestDescriptor.java:106) ~[junit-jupiter-engine-5.10.3.jar:5.10.3]
	at org.junit.platform.engine.support.hierarchical.ThrowableCollector.execute(ThrowableCollector.java:73) ~[junit-platform-engine-1.10.3.jar:1.10.3]
	at org.junit.jupiter.engine.descriptor.TestMethodTestDescriptor.prepare(TestMethodTestDescriptor.java:105) ~[junit-jupiter-engine-5.10.3.jar:5.10.3]
	at org.junit.jupiter.engine.descriptor.TestMethodTestDescriptor.prepare(TestMethodTestDescriptor.java:69) ~[junit-jupiter-engine-5.10.3.jar:5.10.3]
	at org.junit.platform.engine.support.hierarchical.NodeTestTask.lambda$prepare$2(NodeTestTask.java:123) ~[junit-platform-engine-1.10.3.jar:1.10.3]
	at org.junit.platform.engine.support.hierarchical.ThrowableCollector.execute(ThrowableCollector.java:73) ~[junit-platform-engine-1.10.3.jar:1.10.3]
	at org.junit.platform.engine.support.hierarchical.NodeTestTask.prepare(NodeTestTask.java:123) ~[junit-platform-engine-1.10.3.jar:1.10.3]
	at org.junit.platform.engine.support.hierarchical.NodeTestTask.execute(NodeTestTask.java:90) ~[junit-platform-engine-1.10.3.jar:1.10.3]
	at java.base/java.util.ArrayList.forEach(ArrayList.java:1511) ~[na:na]
	at org.junit.platform.engine.support.hierarchical.SameThreadHierarchicalTestExecutorService.invokeAll(SameThreadHierarchicalTestExecutorService.java:41) ~[junit-platform-engine-1.10.3.jar:1.10.3]
	at org.junit.platform.engine.support.hierarchical.NodeTestTask.lambda$executeRecursively$6(NodeTestTask.java:155) ~[junit-platform-engine-1.10.3.jar:1.10.3]
	at org.junit.platform.engine.support.hierarchical.ThrowableCollector.execute(ThrowableCollector.java:73) ~[junit-platform-engine-1.10.3.jar:1.10.3]
	at org.junit.platform.engine.support.hierarchical.NodeTestTask.lambda$executeRecursively$8(NodeTestTask.java:141) ~[junit-platform-engine-1.10.3.jar:1.10.3]
	at org.junit.platform.engine.support.hierarchical.Node.around(Node.java:137) ~[junit-platform-engine-1.10.3.jar:1.10.3]
	at org.junit.platform.engine.support.hierarchical.NodeTestTask.lambda$executeRecursively$9(NodeTestTask.java:139) ~[junit-platform-engine-1.10.3.jar:1.10.3]
	at org.junit.platform.engine.support.hierarchical.ThrowableCollector.execute(ThrowableCollector.java:73) ~[junit-platform-engine-1.10.3.jar:1.10.3]
	at org.junit.platform.engine.support.hierarchical.NodeTestTask.executeRecursively(NodeTestTask.java:138) ~[junit-platform-engine-1.10.3.jar:1.10.3]
	at org.junit.platform.engine.support.hierarchical.NodeTestTask.execute(NodeTestTask.java:95) ~[junit-platform-engine-1.10.3.jar:1.10.3]
	at java.base/java.util.ArrayList.forEach(ArrayList.java:1511) ~[na:na]
	at org.junit.platform.engine.support.hierarchical.SameThreadHierarchicalTestExecutorService.invokeAll(SameThreadHierarchicalTestExecutorService.java:41) ~[junit-platform-engine-1.10.3.jar:1.10.3]
	at org.junit.platform.engine.support.hierarchical.NodeTestTask.lambda$executeRecursively$6(NodeTestTask.java:155) ~[junit-platform-engine-1.10.3.jar:1.10.3]
	at org.junit.platform.engine.support.hierarchical.ThrowableCollector.execute(ThrowableCollector.java:73) ~[junit-platform-engine-1.10.3.jar:1.10.3]
	at org.junit.platform.engine.support.hierarchical.NodeTestTask.lambda$executeRecursively$8(NodeTestTask.java:141) ~[junit-platform-engine-1.10.3.jar:1.10.3]
	at org.junit.platform.engine.support.hierarchical.Node.around(Node.java:137) ~[junit-platform-engine-1.10.3.jar:1.10.3]
	at org.junit.platform.engine.support.hierarchical.NodeTestTask.lambda$executeRecursively$9(NodeTestTask.java:139) ~[junit-platform-engine-1.10.3.jar:1.10.3]
	at org.junit.platform.engine.support.hierarchical.ThrowableCollector.execute(ThrowableCollector.java:73) ~[junit-platform-engine-1.10.3.jar:1.10.3]
	at org.junit.platform.engine.support.hierarchical.NodeTestTask.executeRecursively(NodeTestTask.java:138) ~[junit-platform-engine-1.10.3.jar:1.10.3]
	at org.junit.platform.engine.support.hierarchical.NodeTestTask.execute(NodeTestTask.java:95) ~[junit-platform-engine-1.10.3.jar:1.10.3]
	at org.junit.platform.engine.support.hierarchical.SameThreadHierarchicalTestExecutorService.submit(SameThreadHierarchicalTestExecutorService.java:35) ~[junit-platform-engine-1.10.3.jar:1.10.3]
	at org.junit.platform.engine.support.hierarchical.HierarchicalTestExecutor.execute(HierarchicalTestExecutor.java:57) ~[junit-platform-engine-1.10.3.jar:1.10.3]
	at org.junit.platform.engine.support.hierarchical.HierarchicalTestEngine.execute(HierarchicalTestEngine.java:54) ~[junit-platform-engine-1.10.3.jar:1.10.3]
	at org.junit.platform.launcher.core.EngineExecutionOrchestrator.execute(EngineExecutionOrchestrator.java:198) ~[junit-platform-launcher-1.10.3.jar:1.10.3]
	at org.junit.platform.launcher.core.EngineExecutionOrchestrator.execute(EngineExecutionOrchestrator.java:169) ~[junit-platform-launcher-1.10.3.jar:1.10.3]
	at org.junit.platform.launcher.core.EngineExecutionOrchestrator.execute(EngineExecutionOrchestrator.java:93) ~[junit-platform-launcher-1.10.3.jar:1.10.3]
	at org.junit.platform.launcher.core.EngineExecutionOrchestrator.lambda$execute$0(EngineExecutionOrchestrator.java:58) ~[junit-platform-launcher-1.10.3.jar:1.10.3]
	at org.junit.platform.launcher.core.EngineExecutionOrchestrator.withInterceptedStreams(EngineExecutionOrchestrator.java:141) ~[junit-platform-launcher-1.10.3.jar:1.10.3]
	at org.junit.platform.launcher.core.EngineExecutionOrchestrator.execute(EngineExecutionOrchestrator.java:57) ~[junit-platform-launcher-1.10.3.jar:1.10.3]
	at org.junit.platform.launcher.core.DefaultLauncher.execute(DefaultLauncher.java:103) ~[junit-platform-launcher-1.10.3.jar:1.10.3]
	at org.junit.platform.launcher.core.DefaultLauncher.execute(DefaultLauncher.java:85) ~[junit-platform-launcher-1.10.3.jar:1.10.3]
	at org.junit.platform.launcher.core.DelegatingLauncher.execute(DelegatingLauncher.java:47) ~[junit-platform-launcher-1.10.3.jar:1.10.3]
	at org.apache.maven.surefire.junitplatform.LazyLauncher.execute(LazyLauncher.java:56) ~[surefire-junit-platform-3.2.5.jar:3.2.5]
	at org.apache.maven.surefire.junitplatform.JUnitPlatformProvider.execute(JUnitPlatformProvider.java:184) ~[surefire-junit-platform-3.2.5.jar:3.2.5]
	at org.apache.maven.surefire.junitplatform.JUnitPlatformProvider.invokeAllTests(JUnitPlatformProvider.java:148) ~[surefire-junit-platform-3.2.5.jar:3.2.5]
	at org.apache.maven.surefire.junitplatform.JUnitPlatformProvider.invoke(JUnitPlatformProvider.java:122) ~[surefire-junit-platform-3.2.5.jar:3.2.5]
	at org.apache.maven.surefire.booter.ForkedBooter.runSuitesInProcess(ForkedBooter.java:385) ~[surefire-booter-3.2.5.jar:3.2.5]
	at org.apache.maven.surefire.booter.ForkedBooter.execute(ForkedBooter.java:162) ~[surefire-booter-3.2.5.jar:3.2.5]
	at org.apache.maven.surefire.booter.ForkedBooter.run(ForkedBooter.java:507) ~[surefire-booter-3.2.5.jar:3.2.5]
	at org.apache.maven.surefire.booter.ForkedBooter.main(ForkedBooter.java:495) ~[surefire-booter-3.2.5.jar:3.2.5]

2024-10-15T23:45:27.727+09:00  WARN 653990 --- [           main] o.s.test.context.TestContextManager      : Caught exception while allowing TestExecutionListener [org.springframework.test.context.support.DependencyInjectionTestExecutionListener] to prepare test instance [org.springframework.samples.petclinic.PostgresIntegrationTests@66c9aca2]

java.lang.IllegalStateException: Failed to load ApplicationContext for [WebMergedContextConfiguration@25c756f0 testClass = org.springframework.samples.petclinic.PostgresIntegrationTests, locations = [], classes = [org.springframework.samples.petclinic.PetClinicApplication], contextInitializerClasses = [], activeProfiles = ["postgres"], propertySourceDescriptors = [], propertySourceProperties = ["spring.docker.compose.skip.in-tests=false", "spring.docker.compose.profiles.active=postgres", "org.springframework.boot.test.context.SpringBootTestContextBootstrapper=true", "server.port=0"], contextCustomizers = [org.springframework.boot.test.context.filter.ExcludeFilterContextCustomizer@33abde31, org.springframework.boot.test.json.DuplicateJsonObjectContextCustomizerFactory$DuplicateJsonObjectContextCustomizer@5d1e09bc, org.springframework.boot.test.mock.mockito.MockitoContextCustomizer@0, org.springframework.boot.test.web.client.TestRestTemplateContextCustomizer@231baf51, org.springframework.boot.test.web.reactor.netty.DisableReactorResourceFactoryGlobalResourcesContextCustomizerFactory$DisableReactorResourceFactoryGlobalResourcesContextCustomizerCustomizer@4bb8855f, org.springframework.boot.test.autoconfigure.actuate.observability.ObservabilityContextCustomizerFactory$DisableObservabilityContextCustomizer@1f, org.springframework.boot.test.autoconfigure.properties.PropertyMappingContextCustomizer@0, org.springframework.boot.test.autoconfigure.web.servlet.WebDriverContextCustomizer@4d8126f, org.springframework.boot.testcontainers.service.connection.ServiceConnectionContextCustomizer@0, org.springframework.boot.test.context.SpringBootTestAnnotation@b9bfc741], resourceBasePath = "src/main/webapp", contextLoader = org.springframework.boot.test.context.SpringBootContextLoader, parent = null]
	at org.springframework.test.context.cache.DefaultCacheAwareContextLoaderDelegate.loadContext(DefaultCacheAwareContextLoaderDelegate.java:180) ~[spring-test-6.1.13.jar:6.1.13]
	at org.springframework.test.context.support.DefaultTestContext.getApplicationContext(DefaultTestContext.java:130) ~[spring-test-6.1.13.jar:6.1.13]
	at org.springframework.test.context.support.DependencyInjectionTestExecutionListener.injectDependencies(DependencyInjectionTestExecutionListener.java:142) ~[spring-test-6.1.13.jar:6.1.13]
	at org.springframework.test.context.support.DependencyInjectionTestExecutionListener.prepareTestInstance(DependencyInjectionTestExecutionListener.java:98) ~[spring-test-6.1.13.jar:6.1.13]
	at org.springframework.test.context.TestContextManager.prepareTestInstance(TestContextManager.java:260) ~[spring-test-6.1.13.jar:6.1.13]
	at org.springframework.test.context.junit.jupiter.SpringExtension.postProcessTestInstance(SpringExtension.java:163) ~[spring-test-6.1.13.jar:6.1.13]
	at org.junit.jupiter.engine.descriptor.ClassBasedTestDescriptor.lambda$invokeTestInstancePostProcessors$10(ClassBasedTestDescriptor.java:378) ~[junit-jupiter-engine-5.10.3.jar:5.10.3]
	at org.junit.jupiter.engine.descriptor.ClassBasedTestDescriptor.executeAndMaskThrowable(ClassBasedTestDescriptor.java:383) ~[junit-jupiter-engine-5.10.3.jar:5.10.3]
	at org.junit.jupiter.engine.descriptor.ClassBasedTestDescriptor.lambda$invokeTestInstancePostProcessors$11(ClassBasedTestDescriptor.java:378) ~[junit-jupiter-engine-5.10.3.jar:5.10.3]
	at java.base/java.util.stream.ReferencePipeline$3$1.accept(ReferencePipeline.java:197) ~[na:na]
	at java.base/java.util.stream.ReferencePipeline$2$1.accept(ReferencePipeline.java:179) ~[na:na]
	at java.base/java.util.ArrayList$ArrayListSpliterator.forEachRemaining(ArrayList.java:1625) ~[na:na]
	at java.base/java.util.stream.AbstractPipeline.copyInto(AbstractPipeline.java:509) ~[na:na]
	at java.base/java.util.stream.AbstractPipeline.wrapAndCopyInto(AbstractPipeline.java:499) ~[na:na]
	at java.base/java.util.stream.StreamSpliterators$WrappingSpliterator.forEachRemaining(StreamSpliterators.java:310) ~[na:na]
	at java.base/java.util.stream.Streams$ConcatSpliterator.forEachRemaining(Streams.java:735) ~[na:na]
	at java.base/java.util.stream.Streams$ConcatSpliterator.forEachRemaining(Streams.java:734) ~[na:na]
	at java.base/java.util.stream.ReferencePipeline$Head.forEach(ReferencePipeline.java:762) ~[na:na]
	at org.junit.jupiter.engine.descriptor.ClassBasedTestDescriptor.invokeTestInstancePostProcessors(ClassBasedTestDescriptor.java:377) ~[junit-jupiter-engine-5.10.3.jar:5.10.3]
	at org.junit.jupiter.engine.descriptor.ClassBasedTestDescriptor.lambda$instantiateAndPostProcessTestInstance$6(ClassBasedTestDescriptor.java:290) ~[junit-jupiter-engine-5.10.3.jar:5.10.3]
	at org.junit.platform.engine.support.hierarchical.ThrowableCollector.execute(ThrowableCollector.java:73) ~[junit-platform-engine-1.10.3.jar:1.10.3]
	at org.junit.jupiter.engine.descriptor.ClassBasedTestDescriptor.instantiateAndPostProcessTestInstance(ClassBasedTestDescriptor.java:289) ~[junit-jupiter-engine-5.10.3.jar:5.10.3]
	at org.junit.jupiter.engine.descriptor.ClassBasedTestDescriptor.lambda$testInstancesProvider$4(ClassBasedTestDescriptor.java:279) ~[junit-jupiter-engine-5.10.3.jar:5.10.3]
	at java.base/java.util.Optional.orElseGet(Optional.java:364) ~[na:na]
	at org.junit.jupiter.engine.descriptor.ClassBasedTestDescriptor.lambda$testInstancesProvider$5(ClassBasedTestDescriptor.java:278) ~[junit-jupiter-engine-5.10.3.jar:5.10.3]
	at org.junit.jupiter.engine.execution.TestInstancesProvider.getTestInstances(TestInstancesProvider.java:31) ~[junit-jupiter-engine-5.10.3.jar:5.10.3]
	at org.junit.jupiter.engine.descriptor.TestMethodTestDescriptor.lambda$prepare$0(TestMethodTestDescriptor.java:106) ~[junit-jupiter-engine-5.10.3.jar:5.10.3]
	at org.junit.platform.engine.support.hierarchical.ThrowableCollector.execute(ThrowableCollector.java:73) ~[junit-platform-engine-1.10.3.jar:1.10.3]
	at org.junit.jupiter.engine.descriptor.TestMethodTestDescriptor.prepare(TestMethodTestDescriptor.java:105) ~[junit-jupiter-engine-5.10.3.jar:5.10.3]
	at org.junit.jupiter.engine.descriptor.TestMethodTestDescriptor.prepare(TestMethodTestDescriptor.java:69) ~[junit-jupiter-engine-5.10.3.jar:5.10.3]
	at org.junit.platform.engine.support.hierarchical.NodeTestTask.lambda$prepare$2(NodeTestTask.java:123) ~[junit-platform-engine-1.10.3.jar:1.10.3]
	at org.junit.platform.engine.support.hierarchical.ThrowableCollector.execute(ThrowableCollector.java:73) ~[junit-platform-engine-1.10.3.jar:1.10.3]
	at org.junit.platform.engine.support.hierarchical.NodeTestTask.prepare(NodeTestTask.java:123) ~[junit-platform-engine-1.10.3.jar:1.10.3]
	at org.junit.platform.engine.support.hierarchical.NodeTestTask.execute(NodeTestTask.java:90) ~[junit-platform-engine-1.10.3.jar:1.10.3]
	at java.base/java.util.ArrayList.forEach(ArrayList.java:1511) ~[na:na]
	at org.junit.platform.engine.support.hierarchical.SameThreadHierarchicalTestExecutorService.invokeAll(SameThreadHierarchicalTestExecutorService.java:41) ~[junit-platform-engine-1.10.3.jar:1.10.3]
	at org.junit.platform.engine.support.hierarchical.NodeTestTask.lambda$executeRecursively$6(NodeTestTask.java:155) ~[junit-platform-engine-1.10.3.jar:1.10.3]
	at org.junit.platform.engine.support.hierarchical.ThrowableCollector.execute(ThrowableCollector.java:73) ~[junit-platform-engine-1.10.3.jar:1.10.3]
	at org.junit.platform.engine.support.hierarchical.NodeTestTask.lambda$executeRecursively$8(NodeTestTask.java:141) ~[junit-platform-engine-1.10.3.jar:1.10.3]
	at org.junit.platform.engine.support.hierarchical.Node.around(Node.java:137) ~[junit-platform-engine-1.10.3.jar:1.10.3]
	at org.junit.platform.engine.support.hierarchical.NodeTestTask.lambda$executeRecursively$9(NodeTestTask.java:139) ~[junit-platform-engine-1.10.3.jar:1.10.3]
	at org.junit.platform.engine.support.hierarchical.ThrowableCollector.execute(ThrowableCollector.java:73) ~[junit-platform-engine-1.10.3.jar:1.10.3]
	at org.junit.platform.engine.support.hierarchical.NodeTestTask.executeRecursively(NodeTestTask.java:138) ~[junit-platform-engine-1.10.3.jar:1.10.3]
	at org.junit.platform.engine.support.hierarchical.NodeTestTask.execute(NodeTestTask.java:95) ~[junit-platform-engine-1.10.3.jar:1.10.3]
	at java.base/java.util.ArrayList.forEach(ArrayList.java:1511) ~[na:na]
	at org.junit.platform.engine.support.hierarchical.SameThreadHierarchicalTestExecutorService.invokeAll(SameThreadHierarchicalTestExecutorService.java:41) ~[junit-platform-engine-1.10.3.jar:1.10.3]
	at org.junit.platform.engine.support.hierarchical.NodeTestTask.lambda$executeRecursively$6(NodeTestTask.java:155) ~[junit-platform-engine-1.10.3.jar:1.10.3]
	at org.junit.platform.engine.support.hierarchical.ThrowableCollector.execute(ThrowableCollector.java:73) ~[junit-platform-engine-1.10.3.jar:1.10.3]
	at org.junit.platform.engine.support.hierarchical.NodeTestTask.lambda$executeRecursively$8(NodeTestTask.java:141) ~[junit-platform-engine-1.10.3.jar:1.10.3]
	at org.junit.platform.engine.support.hierarchical.Node.around(Node.java:137) ~[junit-platform-engine-1.10.3.jar:1.10.3]
	at org.junit.platform.engine.support.hierarchical.NodeTestTask.lambda$executeRecursively$9(NodeTestTask.java:139) ~[junit-platform-engine-1.10.3.jar:1.10.3]
	at org.junit.platform.engine.support.hierarchical.ThrowableCollector.execute(ThrowableCollector.java:73) ~[junit-platform-engine-1.10.3.jar:1.10.3]
	at org.junit.platform.engine.support.hierarchical.NodeTestTask.executeRecursively(NodeTestTask.java:138) ~[junit-platform-engine-1.10.3.jar:1.10.3]
	at org.junit.platform.engine.support.hierarchical.NodeTestTask.execute(NodeTestTask.java:95) ~[junit-platform-engine-1.10.3.jar:1.10.3]
	at org.junit.platform.engine.support.hierarchical.SameThreadHierarchicalTestExecutorService.submit(SameThreadHierarchicalTestExecutorService.java:35) ~[junit-platform-engine-1.10.3.jar:1.10.3]
	at org.junit.platform.engine.support.hierarchical.HierarchicalTestExecutor.execute(HierarchicalTestExecutor.java:57) ~[junit-platform-engine-1.10.3.jar:1.10.3]
	at org.junit.platform.engine.support.hierarchical.HierarchicalTestEngine.execute(HierarchicalTestEngine.java:54) ~[junit-platform-engine-1.10.3.jar:1.10.3]
	at org.junit.platform.launcher.core.EngineExecutionOrchestrator.execute(EngineExecutionOrchestrator.java:198) ~[junit-platform-launcher-1.10.3.jar:1.10.3]
	at org.junit.platform.launcher.core.EngineExecutionOrchestrator.execute(EngineExecutionOrchestrator.java:169) ~[junit-platform-launcher-1.10.3.jar:1.10.3]
	at org.junit.platform.launcher.core.EngineExecutionOrchestrator.execute(EngineExecutionOrchestrator.java:93) ~[junit-platform-launcher-1.10.3.jar:1.10.3]
	at org.junit.platform.launcher.core.EngineExecutionOrchestrator.lambda$execute$0(EngineExecutionOrchestrator.java:58) ~[junit-platform-launcher-1.10.3.jar:1.10.3]
	at org.junit.platform.launcher.core.EngineExecutionOrchestrator.withInterceptedStreams(EngineExecutionOrchestrator.java:141) ~[junit-platform-launcher-1.10.3.jar:1.10.3]
	at org.junit.platform.launcher.core.EngineExecutionOrchestrator.execute(EngineExecutionOrchestrator.java:57) ~[junit-platform-launcher-1.10.3.jar:1.10.3]
	at org.junit.platform.launcher.core.DefaultLauncher.execute(DefaultLauncher.java:103) ~[junit-platform-launcher-1.10.3.jar:1.10.3]
	at org.junit.platform.launcher.core.DefaultLauncher.execute(DefaultLauncher.java:85) ~[junit-platform-launcher-1.10.3.jar:1.10.3]
	at org.junit.platform.launcher.core.DelegatingLauncher.execute(DelegatingLauncher.java:47) ~[junit-platform-launcher-1.10.3.jar:1.10.3]
	at org.apache.maven.surefire.junitplatform.LazyLauncher.execute(LazyLauncher.java:56) ~[surefire-junit-platform-3.2.5.jar:3.2.5]
	at org.apache.maven.surefire.junitplatform.JUnitPlatformProvider.execute(JUnitPlatformProvider.java:184) ~[surefire-junit-platform-3.2.5.jar:3.2.5]
	at org.apache.maven.surefire.junitplatform.JUnitPlatformProvider.invokeAllTests(JUnitPlatformProvider.java:148) ~[surefire-junit-platform-3.2.5.jar:3.2.5]
	at org.apache.maven.surefire.junitplatform.JUnitPlatformProvider.invoke(JUnitPlatformProvider.java:122) ~[surefire-junit-platform-3.2.5.jar:3.2.5]
	at org.apache.maven.surefire.booter.ForkedBooter.runSuitesInProcess(ForkedBooter.java:385) ~[surefire-booter-3.2.5.jar:3.2.5]
	at org.apache.maven.surefire.booter.ForkedBooter.execute(ForkedBooter.java:162) ~[surefire-booter-3.2.5.jar:3.2.5]
	at org.apache.maven.surefire.booter.ForkedBooter.run(ForkedBooter.java:507) ~[surefire-booter-3.2.5.jar:3.2.5]
	at org.apache.maven.surefire.booter.ForkedBooter.main(ForkedBooter.java:495) ~[surefire-booter-3.2.5.jar:3.2.5]
Caused by: org.springframework.boot.docker.compose.core.ProcessExitException: 'docker compose --file /home/ung/IdeaProjects/social-microservice/spring-web-flow/spring-petclinic/spring-petclinic/docker-compose.yml --ansi never --profile postgres up --no-color --detach --wait' failed with exit code 1.

Stdout:


Stderr:
 postgres Pulling 
 302e3ee49805 Pulling fs layer 
 db123f79d191 Pulling fs layer 
 0f8c00fde6b5 Pulling fs layer 
 faa7319453cb Pulling fs layer 
 db22d52fa3c2 Pulling fs layer 
 a75b6bd68f08 Pulling fs layer 
 3bbfa3446e21 Pulling fs layer 
 0b62c3405bb7 Pulling fs layer 
 2b20a8c7ce41 Pulling fs layer 
 e7c88e163985 Pulling fs layer 
 e5a700d882eb Pulling fs layer 
 db22d52fa3c2 Waiting 
 28b27d53d86b Pulling fs layer 
 faa7319453cb Waiting 
 a75b6bd68f08 Waiting 
 bfc263366b3f Pulling fs layer 
 0b62c3405bb7 Waiting 
 3bbfa3446e21 Waiting 
 2b20a8c7ce41 Waiting 
 e5ff51eeda62 Pulling fs layer 
 e7c88e163985 Waiting 
 e5a700d882eb Waiting 
 e5ff51eeda62 Waiting 
 28b27d53d86b Waiting 
 0f8c00fde6b5 Downloading [>                                                  ]  46.46kB/4.534MB
 302e3ee49805 Downloading [>                                                  ]  294.2kB/29.13MB
 db123f79d191 Downloading [==============================>                    ]     707B/1.166kB
 db123f79d191 Downloading [==================================================>]  1.166kB/1.166kB
 db123f79d191 Verifying Checksum 
 db123f79d191 Download complete 
 0f8c00fde6b5 Downloading [===================================>               ]  3.218MB/4.534MB
 302e3ee49805 Downloading [==========>                                        ]  5.946MB/29.13MB
 0f8c00fde6b5 Download complete 
 302e3ee49805 Downloading [========================>                          ]  14.02MB/29.13MB
 302e3ee49805 Downloading [==================================>                ]  20.27MB/29.13MB
 302e3ee49805 Download complete 
 302e3ee49805 Extracting [>                                                  ]  294.9kB/29.13MB
 302e3ee49805 Extracting [=======>                                           ]  4.424MB/29.13MB
 302e3ee49805 Extracting [===============>                                   ]  8.847MB/29.13MB
 faa7319453cb Downloading [>                                                  ]  15.78kB/1.447MB
 302e3ee49805 Extracting [==================>                                ]  10.91MB/29.13MB
 faa7319453cb Downloading [==================================================>]  1.447MB/1.447MB
 faa7319453cb Verifying Checksum 
 faa7319453cb Download complete 
 db22d52fa3c2 Downloading [>                                                  ]  84.39kB/8.066MB
 302e3ee49805 Extracting [=========================>                         ]  14.75MB/29.13MB
 db22d52fa3c2 Verifying Checksum 
 db22d52fa3c2 Download complete 
 302e3ee49805 Extracting [==================================>                ]  20.05MB/29.13MB
 302e3ee49805 Extracting [=========================================>         ]  23.89MB/29.13MB
 a75b6bd68f08 Downloading [>                                                  ]  12.32kB/1.196MB
 a75b6bd68f08 Download complete 
 302e3ee49805 Extracting [==========================================>        ]  24.77MB/29.13MB
 302e3ee49805 Extracting [===============================================>   ]  27.72MB/29.13MB
 3bbfa3446e21 Downloading [==================================================>]     116B/116B
 3bbfa3446e21 Verifying Checksum 
 3bbfa3446e21 Download complete 
 0b62c3405bb7 Downloading [===========>                                       ]     719B/3.143kB
 0b62c3405bb7 Downloading [==================================================>]  3.143kB/3.143kB
 0b62c3405bb7 Download complete 
 302e3ee49805 Extracting [================================================>  ]  28.31MB/29.13MB
 302e3ee49805 Extracting [==================================================>]  29.13MB/29.13MB
 302e3ee49805 Pull complete 
 2b20a8c7ce41 Downloading [>                                                  ]  540.7kB/110.2MB
 db123f79d191 Extracting [==================================================>]  1.166kB/1.166kB
 db123f79d191 Extracting [==================================================>]  1.166kB/1.166kB
 db123f79d191 Pull complete 
 0f8c00fde6b5 Extracting [>                                                  ]  65.54kB/4.534MB
 2b20a8c7ce41 Downloading [===>                                               ]  8.043MB/110.2MB
 0f8c00fde6b5 Extracting [=================================>                 ]   3.08MB/4.534MB
 2b20a8c7ce41 Downloading [========>                                          ]  17.68MB/110.2MB
 0f8c00fde6b5 Extracting [==================================================>]  4.534MB/4.534MB
 2b20a8c7ce41 Downloading [============>                                      ]  27.31MB/110.2MB
 0f8c00fde6b5 Pull complete 
 e7c88e163985 Downloading [======>                                            ]  1.369kB/10.23kB
 e7c88e163985 Downloading [==================================================>]  10.23kB/10.23kB
 e7c88e163985 Verifying Checksum 
 e7c88e163985 Download complete 
 faa7319453cb Extracting [=>                                                 ]  32.77kB/1.447MB
 2b20a8c7ce41 Downloading [================>                                  ]  36.42MB/110.2MB
 faa7319453cb Extracting [==================================================>]  1.447MB/1.447MB
 e5a700d882eb Downloading [==================================================>]     127B/127B
 e5a700d882eb Verifying Checksum 
 e5a700d882eb Download complete 
 faa7319453cb Pull complete 
 db22d52fa3c2 Extracting [>                                                  ]   98.3kB/8.066MB
 2b20a8c7ce41 Downloading [====================>                              ]  44.99MB/110.2MB
 db22d52fa3c2 Extracting [===============>                                   ]  2.458MB/8.066MB
 2b20a8c7ce41 Downloading [========================>                          ]  53.54MB/110.2MB
 db22d52fa3c2 Extracting [=========================>                         ]  4.129MB/8.066MB
 2b20a8c7ce41 Downloading [==========================>                        ]  58.33MB/110.2MB
 db22d52fa3c2 Extracting [===============================>                   ]  5.112MB/8.066MB
 2b20a8c7ce41 Downloading [==============================>                    ]  67.99MB/110.2MB
 db22d52fa3c2 Extracting [=====================================>             ]  5.997MB/8.066MB
 2b20a8c7ce41 Downloading [===================================>               ]  77.62MB/110.2MB
 db22d52fa3c2 Extracting [==============================================>    ]  7.471MB/8.066MB
 db22d52fa3c2 Extracting [==================================================>]  8.066MB/8.066MB
 2b20a8c7ce41 Downloading [=======================================>           ]  86.75MB/110.2MB
 28b27d53d86b Downloading [==================================================>]     166B/166B
 28b27d53d86b Verifying Checksum 
 28b27d53d86b Download complete 
 db22d52fa3c2 Pull complete 
 a75b6bd68f08 Extracting [=>                                                 ]  32.77kB/1.196MB
 2b20a8c7ce41 Downloading [===========================================>       ]   96.4MB/110.2MB
 a75b6bd68f08 Extracting [==================================================>]  1.196MB/1.196MB
 a75b6bd68f08 Extracting [==================================================>]  1.196MB/1.196MB
 bfc263366b3f Downloading [======>                                            ]     719B/5.415kB
 bfc263366b3f Downloading [==================================================>]  5.415kB/5.415kB
 bfc263366b3f Verifying Checksum 
 bfc263366b3f Download complete 
 a75b6bd68f08 Pull complete 
 2b20a8c7ce41 Downloading [================================================>  ]    106MB/110.2MB
 3bbfa3446e21 Extracting [==================================================>]     116B/116B
 3bbfa3446e21 Extracting [==================================================>]     116B/116B
 2b20a8c7ce41 Verifying Checksum 
 2b20a8c7ce41 Download complete 
 3bbfa3446e21 Pull complete 
 0b62c3405bb7 Extracting [==================================================>]  3.143kB/3.143kB
 0b62c3405bb7 Extracting [==================================================>]  3.143kB/3.143kB
 0b62c3405bb7 Pull complete 
 2b20a8c7ce41 Extracting [>                                                  ]  557.1kB/110.2MB
 2b20a8c7ce41 Extracting [==>                                                ]  6.128MB/110.2MB
 2b20a8c7ce41 Extracting [====>                                              ]   9.47MB/110.2MB
 2b20a8c7ce41 Extracting [=====>                                             ]  12.81MB/110.2MB
 2b20a8c7ce41 Extracting [=======>                                           ]  16.15MB/110.2MB
 e5ff51eeda62 Downloading [==================================================>]     183B/183B
 e5ff51eeda62 Download complete 
 2b20a8c7ce41 Extracting [========>                                          ]   19.5MB/110.2MB
 2b20a8c7ce41 Extracting [==========>                                        ]   23.4MB/110.2MB
 2b20a8c7ce41 Extracting [============>                                      ]  26.74MB/110.2MB
 2b20a8c7ce41 Extracting [==============>                                    ]   31.2MB/110.2MB
 2b20a8c7ce41 Extracting [=================>                                 ]  37.88MB/110.2MB
 2b20a8c7ce41 Extracting [===================>                               ]  43.45MB/110.2MB
 2b20a8c7ce41 Extracting [======================>                            ]  49.58MB/110.2MB
 2b20a8c7ce41 Extracting [========================>                          ]  52.92MB/110.2MB
 2b20a8c7ce41 Extracting [========================>                          ]  54.59MB/110.2MB
 2b20a8c7ce41 Extracting [=========================>                         ]  56.82MB/110.2MB
 2b20a8c7ce41 Extracting [===========================>                       ]  60.16MB/110.2MB
 2b20a8c7ce41 Extracting [=============================>                     ]  65.73MB/110.2MB
 2b20a8c7ce41 Extracting [================================>                  ]   71.3MB/110.2MB
 2b20a8c7ce41 Extracting [==================================>                ]  75.76MB/110.2MB
 2b20a8c7ce41 Extracting [====================================>              ]  81.33MB/110.2MB
 2b20a8c7ce41 Extracting [=======================================>           ]  88.01MB/110.2MB
 2b20a8c7ce41 Extracting [==========================================>        ]  93.03MB/110.2MB
 2b20a8c7ce41 Extracting [===========================================>       ]  95.81MB/110.2MB
 2b20a8c7ce41 Extracting [============================================>      ]  98.04MB/110.2MB
 2b20a8c7ce41 Extracting [=============================================>     ]  100.8MB/110.2MB
 2b20a8c7ce41 Extracting [===============================================>   ]  103.6MB/110.2MB
 2b20a8c7ce41 Extracting [===============================================>   ]  105.3MB/110.2MB
 2b20a8c7ce41 Extracting [================================================>  ]    107MB/110.2MB
 2b20a8c7ce41 Extracting [=================================================> ]  108.6MB/110.2MB
 2b20a8c7ce41 Extracting [==================================================>]  110.2MB/110.2MB
 2b20a8c7ce41 Pull complete 
 e7c88e163985 Extracting [==================================================>]  10.23kB/10.23kB
 e7c88e163985 Extracting [==================================================>]  10.23kB/10.23kB
 e7c88e163985 Pull complete 
 e5a700d882eb Extracting [==================================================>]     127B/127B
 e5a700d882eb Extracting [==================================================>]     127B/127B
 e5a700d882eb Pull complete 
 28b27d53d86b Extracting [==================================================>]     166B/166B
 28b27d53d86b Extracting [==================================================>]     166B/166B
 28b27d53d86b Pull complete 
 bfc263366b3f Extracting [==================================================>]  5.415kB/5.415kB
 bfc263366b3f Extracting [==================================================>]  5.415kB/5.415kB
 bfc263366b3f Pull complete 
 e5ff51eeda62 Extracting [==================================================>]     183B/183B
 e5ff51eeda62 Extracting [==================================================>]     183B/183B
 e5ff51eeda62 Pull complete 
 postgres Pulled 
 Network spring-petclinic_default  Creating
 Network spring-petclinic_default  Created
 Container spring-petclinic-postgres-1  Creating
 Container spring-petclinic-postgres-1  Created
 Container spring-petclinic-postgres-1  Starting
Error response from daemon: driver failed programming external connectivity on endpoint spring-petclinic-postgres-1 (f0110fa9739a3b1609eb034983f3fbd1bea0be6713400269943b0b04996cd9f7): Bind for 0.0.0.0:5432 failed: port is already allocated

	at org.springframework.boot.docker.compose.core.ProcessRunner.run(ProcessRunner.java:96) ~[spring-boot-docker-compose-3.3.4.jar:3.3.4]
	at org.springframework.boot.docker.compose.core.DockerCli.run(DockerCli.java:80) ~[spring-boot-docker-compose-3.3.4.jar:3.3.4]
	at org.springframework.boot.docker.compose.core.DefaultDockerCompose.up(DefaultDockerCompose.java:51) ~[spring-boot-docker-compose-3.3.4.jar:3.3.4]
	at org.springframework.boot.docker.compose.lifecycle.StartCommand.applyTo(StartCommand.java:51) ~[spring-boot-docker-compose-3.3.4.jar:3.3.4]
	at org.springframework.boot.docker.compose.lifecycle.DockerComposeLifecycleManager.start(DockerComposeLifecycleManager.java:128) ~[spring-boot-docker-compose-3.3.4.jar:3.3.4]
	at org.springframework.boot.docker.compose.lifecycle.DockerComposeListener.onApplicationEvent(DockerComposeListener.java:53) ~[spring-boot-docker-compose-3.3.4.jar:3.3.4]
	at org.springframework.boot.docker.compose.lifecycle.DockerComposeListener.onApplicationEvent(DockerComposeListener.java:35) ~[spring-boot-docker-compose-3.3.4.jar:3.3.4]
	at org.springframework.context.event.SimpleApplicationEventMulticaster.doInvokeListener(SimpleApplicationEventMulticaster.java:185) ~[spring-context-6.1.13.jar:6.1.13]
	at org.springframework.context.event.SimpleApplicationEventMulticaster.invokeListener(SimpleApplicationEventMulticaster.java:178) ~[spring-context-6.1.13.jar:6.1.13]
	at org.springframework.context.event.SimpleApplicationEventMulticaster.multicastEvent(SimpleApplicationEventMulticaster.java:156) ~[spring-context-6.1.13.jar:6.1.13]
	at org.springframework.context.event.SimpleApplicationEventMulticaster.multicastEvent(SimpleApplicationEventMulticaster.java:138) ~[spring-context-6.1.13.jar:6.1.13]
	at org.springframework.boot.context.event.EventPublishingRunListener.multicastInitialEvent(EventPublishingRunListener.java:136) ~[spring-boot-3.3.4.jar:3.3.4]
	at org.springframework.boot.context.event.EventPublishingRunListener.contextLoaded(EventPublishingRunListener.java:98) ~[spring-boot-3.3.4.jar:3.3.4]
	at org.springframework.boot.SpringApplicationRunListeners.lambda$contextLoaded$4(SpringApplicationRunListeners.java:72) ~[spring-boot-3.3.4.jar:3.3.4]
	at java.base/java.lang.Iterable.forEach(Iterable.java:75) ~[na:na]
	at org.springframework.boot.SpringApplicationRunListeners.doWithListeners(SpringApplicationRunListeners.java:118) ~[spring-boot-3.3.4.jar:3.3.4]
	at org.springframework.boot.SpringApplicationRunListeners.doWithListeners(SpringApplicationRunListeners.java:112) ~[spring-boot-3.3.4.jar:3.3.4]
	at org.springframework.boot.SpringApplicationRunListeners.contextLoaded(SpringApplicationRunListeners.java:72) ~[spring-boot-3.3.4.jar:3.3.4]
	at org.springframework.boot.SpringApplication.prepareContext(SpringApplication.java:433) ~[spring-boot-3.3.4.jar:3.3.4]
	at org.springframework.boot.SpringApplication.run(SpringApplication.java:334) ~[spring-boot-3.3.4.jar:3.3.4]
	at org.springframework.boot.test.context.SpringBootContextLoader.lambda$loadContext$3(SpringBootContextLoader.java:137) ~[spring-boot-test-3.3.4.jar:3.3.4]
	at org.springframework.util.function.ThrowingSupplier.get(ThrowingSupplier.java:58) ~[spring-core-6.1.13.jar:6.1.13]
	at org.springframework.util.function.ThrowingSupplier.get(ThrowingSupplier.java:46) ~[spring-core-6.1.13.jar:6.1.13]
	at org.springframework.boot.SpringApplication.withHook(SpringApplication.java:1463) ~[spring-boot-3.3.4.jar:3.3.4]
	at org.springframework.boot.test.context.SpringBootContextLoader$ContextLoaderHook.run(SpringBootContextLoader.java:553) ~[spring-boot-test-3.3.4.jar:3.3.4]
	at org.springframework.boot.test.context.SpringBootContextLoader.loadContext(SpringBootContextLoader.java:137) ~[spring-boot-test-3.3.4.jar:3.3.4]
	at org.springframework.boot.test.context.SpringBootContextLoader.loadContext(SpringBootContextLoader.java:108) ~[spring-boot-test-3.3.4.jar:3.3.4]
	at org.springframework.test.context.cache.DefaultCacheAwareContextLoaderDelegate.loadContextInternal(DefaultCacheAwareContextLoaderDelegate.java:225) ~[spring-test-6.1.13.jar:6.1.13]
	at org.springframework.test.context.cache.DefaultCacheAwareContextLoaderDelegate.loadContext(DefaultCacheAwareContextLoaderDelegate.java:152) ~[spring-test-6.1.13.jar:6.1.13]
	... 73 common frames omitted

]]></system-out>
    <system-err><![CDATA[


============================
CONDITIONS EVALUATION REPORT
============================


Positive matches:
-----------------

    None


Negative matches:
-----------------

    None


Exclusions:
-----------

    None


Unconditional classes:
----------------------

    None



]]></system-err>
  </testcase>
  <testcase name="testOwnerDetails" classname="org.springframework.samples.petclinic.PostgresIntegrationTests" time="0.001">
    <error message="ApplicationContext failure threshold (1) exceeded: skipping repeated attempt to load context for [WebMergedContextConfiguration@25c756f0 testClass = org.springframework.samples.petclinic.PostgresIntegrationTests, locations = [], classes = [org.springframework.samples.petclinic.PetClinicApplication], contextInitializerClasses = [], activeProfiles = [&quot;postgres&quot;], propertySourceDescriptors = [], propertySourceProperties = [&quot;spring.docker.compose.skip.in-tests=false&quot;, &quot;spring.docker.compose.profiles.active=postgres&quot;, &quot;org.springframework.boot.test.context.SpringBootTestContextBootstrapper=true&quot;, &quot;server.port=0&quot;], contextCustomizers = [org.springframework.boot.test.context.filter.ExcludeFilterContextCustomizer@33abde31, org.springframework.boot.test.json.DuplicateJsonObjectContextCustomizerFactory$DuplicateJsonObjectContextCustomizer@5d1e09bc, org.springframework.boot.test.mock.mockito.MockitoContextCustomizer@0, org.springframework.boot.test.web.client.TestRestTemplateContextCustomizer@231baf51, org.springframework.boot.test.web.reactor.netty.DisableReactorResourceFactoryGlobalResourcesContextCustomizerFactory$DisableReactorResourceFactoryGlobalResourcesContextCustomizerCustomizer@4bb8855f, org.springframework.boot.test.autoconfigure.actuate.observability.ObservabilityContextCustomizerFactory$DisableObservabilityContextCustomizer@1f, org.springframework.boot.test.autoconfigure.properties.PropertyMappingContextCustomizer@0, org.springframework.boot.test.autoconfigure.web.servlet.WebDriverContextCustomizer@4d8126f, org.springframework.boot.testcontainers.service.connection.ServiceConnectionContextCustomizer@0, org.springframework.boot.test.context.SpringBootTestAnnotation@b9bfc741], resourceBasePath = &quot;src/main/webapp&quot;, contextLoader = org.springframework.boot.test.context.SpringBootContextLoader, parent = null]" type="java.lang.IllegalStateException"><![CDATA[java.lang.IllegalStateException: ApplicationContext failure threshold (1) exceeded: skipping repeated attempt to load context for [WebMergedContextConfiguration@25c756f0 testClass = org.springframework.samples.petclinic.PostgresIntegrationTests, locations = [], classes = [org.springframework.samples.petclinic.PetClinicApplication], contextInitializerClasses = [], activeProfiles = ["postgres"], propertySourceDescriptors = [], propertySourceProperties = ["spring.docker.compose.skip.in-tests=false", "spring.docker.compose.profiles.active=postgres", "org.springframework.boot.test.context.SpringBootTestContextBootstrapper=true", "server.port=0"], contextCustomizers = [org.springframework.boot.test.context.filter.ExcludeFilterContextCustomizer@33abde31, org.springframework.boot.test.json.DuplicateJsonObjectContextCustomizerFactory$DuplicateJsonObjectContextCustomizer@5d1e09bc, org.springframework.boot.test.mock.mockito.MockitoContextCustomizer@0, org.springframework.boot.test.web.client.TestRestTemplateContextCustomizer@231baf51, org.springframework.boot.test.web.reactor.netty.DisableReactorResourceFactoryGlobalResourcesContextCustomizerFactory$DisableReactorResourceFactoryGlobalResourcesContextCustomizerCustomizer@4bb8855f, org.springframework.boot.test.autoconfigure.actuate.observability.ObservabilityContextCustomizerFactory$DisableObservabilityContextCustomizer@1f, org.springframework.boot.test.autoconfigure.properties.PropertyMappingContextCustomizer@0, org.springframework.boot.test.autoconfigure.web.servlet.WebDriverContextCustomizer@4d8126f, org.springframework.boot.testcontainers.service.connection.ServiceConnectionContextCustomizer@0, org.springframework.boot.test.context.SpringBootTestAnnotation@b9bfc741], resourceBasePath = "src/main/webapp", contextLoader = org.springframework.boot.test.context.SpringBootContextLoader, parent = null]
	at org.springframework.test.context.cache.DefaultCacheAwareContextLoaderDelegate.loadContext(DefaultCacheAwareContextLoaderDelegate.java:145)
	at org.springframework.test.context.support.DefaultTestContext.getApplicationContext(DefaultTestContext.java:130)
	at org.springframework.test.context.support.DependencyInjectionTestExecutionListener.injectDependencies(DependencyInjectionTestExecutionListener.java:142)
	at org.springframework.test.context.support.DependencyInjectionTestExecutionListener.prepareTestInstance(DependencyInjectionTestExecutionListener.java:98)
	at org.springframework.test.context.TestContextManager.prepareTestInstance(TestContextManager.java:260)
	at org.springframework.test.context.junit.jupiter.SpringExtension.postProcessTestInstance(SpringExtension.java:163)
	at java.base/java.util.stream.ReferencePipeline$3$1.accept(ReferencePipeline.java:197)
	at java.base/java.util.stream.ReferencePipeline$2$1.accept(ReferencePipeline.java:179)
	at java.base/java.util.ArrayList$ArrayListSpliterator.forEachRemaining(ArrayList.java:1625)
	at java.base/java.util.stream.AbstractPipeline.copyInto(AbstractPipeline.java:509)
	at java.base/java.util.stream.AbstractPipeline.wrapAndCopyInto(AbstractPipeline.java:499)
	at java.base/java.util.stream.StreamSpliterators$WrappingSpliterator.forEachRemaining(StreamSpliterators.java:310)
	at java.base/java.util.stream.Streams$ConcatSpliterator.forEachRemaining(Streams.java:735)
	at java.base/java.util.stream.Streams$ConcatSpliterator.forEachRemaining(Streams.java:734)
	at java.base/java.util.stream.ReferencePipeline$Head.forEach(ReferencePipeline.java:762)
	at java.base/java.util.Optional.orElseGet(Optional.java:364)
	at java.base/java.util.ArrayList.forEach(ArrayList.java:1511)
	at java.base/java.util.ArrayList.forEach(ArrayList.java:1511)
]]></error>
    <system-out><![CDATA[2024-10-15T23:45:27.740+09:00  WARN 653990 --- [           main] o.s.test.context.TestContextManager      : Caught exception while allowing TestExecutionListener [org.springframework.test.context.support.DependencyInjectionTestExecutionListener] to prepare test instance [org.springframework.samples.petclinic.PostgresIntegrationTests@5ec921f1]

java.lang.IllegalStateException: ApplicationContext failure threshold (1) exceeded: skipping repeated attempt to load context for [WebMergedContextConfiguration@25c756f0 testClass = org.springframework.samples.petclinic.PostgresIntegrationTests, locations = [], classes = [org.springframework.samples.petclinic.PetClinicApplication], contextInitializerClasses = [], activeProfiles = ["postgres"], propertySourceDescriptors = [], propertySourceProperties = ["spring.docker.compose.skip.in-tests=false", "spring.docker.compose.profiles.active=postgres", "org.springframework.boot.test.context.SpringBootTestContextBootstrapper=true", "server.port=0"], contextCustomizers = [org.springframework.boot.test.context.filter.ExcludeFilterContextCustomizer@33abde31, org.springframework.boot.test.json.DuplicateJsonObjectContextCustomizerFactory$DuplicateJsonObjectContextCustomizer@5d1e09bc, org.springframework.boot.test.mock.mockito.MockitoContextCustomizer@0, org.springframework.boot.test.web.client.TestRestTemplateContextCustomizer@231baf51, org.springframework.boot.test.web.reactor.netty.DisableReactorResourceFactoryGlobalResourcesContextCustomizerFactory$DisableReactorResourceFactoryGlobalResourcesContextCustomizerCustomizer@4bb8855f, org.springframework.boot.test.autoconfigure.actuate.observability.ObservabilityContextCustomizerFactory$DisableObservabilityContextCustomizer@1f, org.springframework.boot.test.autoconfigure.properties.PropertyMappingContextCustomizer@0, org.springframework.boot.test.autoconfigure.web.servlet.WebDriverContextCustomizer@4d8126f, org.springframework.boot.testcontainers.service.connection.ServiceConnectionContextCustomizer@0, org.springframework.boot.test.context.SpringBootTestAnnotation@b9bfc741], resourceBasePath = "src/main/webapp", contextLoader = org.springframework.boot.test.context.SpringBootContextLoader, parent = null]
	at org.springframework.test.context.cache.DefaultCacheAwareContextLoaderDelegate.loadContext(DefaultCacheAwareContextLoaderDelegate.java:145) ~[spring-test-6.1.13.jar:6.1.13]
	at org.springframework.test.context.support.DefaultTestContext.getApplicationContext(DefaultTestContext.java:130) ~[spring-test-6.1.13.jar:6.1.13]
	at org.springframework.test.context.support.DependencyInjectionTestExecutionListener.injectDependencies(DependencyInjectionTestExecutionListener.java:142) ~[spring-test-6.1.13.jar:6.1.13]
	at org.springframework.test.context.support.DependencyInjectionTestExecutionListener.prepareTestInstance(DependencyInjectionTestExecutionListener.java:98) ~[spring-test-6.1.13.jar:6.1.13]
	at org.springframework.test.context.TestContextManager.prepareTestInstance(TestContextManager.java:260) ~[spring-test-6.1.13.jar:6.1.13]
	at org.springframework.test.context.junit.jupiter.SpringExtension.postProcessTestInstance(SpringExtension.java:163) ~[spring-test-6.1.13.jar:6.1.13]
	at org.junit.jupiter.engine.descriptor.ClassBasedTestDescriptor.lambda$invokeTestInstancePostProcessors$10(ClassBasedTestDescriptor.java:378) ~[junit-jupiter-engine-5.10.3.jar:5.10.3]
	at org.junit.jupiter.engine.descriptor.ClassBasedTestDescriptor.executeAndMaskThrowable(ClassBasedTestDescriptor.java:383) ~[junit-jupiter-engine-5.10.3.jar:5.10.3]
	at org.junit.jupiter.engine.descriptor.ClassBasedTestDescriptor.lambda$invokeTestInstancePostProcessors$11(ClassBasedTestDescriptor.java:378) ~[junit-jupiter-engine-5.10.3.jar:5.10.3]
	at java.base/java.util.stream.ReferencePipeline$3$1.accept(ReferencePipeline.java:197) ~[na:na]
	at java.base/java.util.stream.ReferencePipeline$2$1.accept(ReferencePipeline.java:179) ~[na:na]
	at java.base/java.util.ArrayList$ArrayListSpliterator.forEachRemaining(ArrayList.java:1625) ~[na:na]
	at java.base/java.util.stream.AbstractPipeline.copyInto(AbstractPipeline.java:509) ~[na:na]
	at java.base/java.util.stream.AbstractPipeline.wrapAndCopyInto(AbstractPipeline.java:499) ~[na:na]
	at java.base/java.util.stream.StreamSpliterators$WrappingSpliterator.forEachRemaining(StreamSpliterators.java:310) ~[na:na]
	at java.base/java.util.stream.Streams$ConcatSpliterator.forEachRemaining(Streams.java:735) ~[na:na]
	at java.base/java.util.stream.Streams$ConcatSpliterator.forEachRemaining(Streams.java:734) ~[na:na]
	at java.base/java.util.stream.ReferencePipeline$Head.forEach(ReferencePipeline.java:762) ~[na:na]
	at org.junit.jupiter.engine.descriptor.ClassBasedTestDescriptor.invokeTestInstancePostProcessors(ClassBasedTestDescriptor.java:377) ~[junit-jupiter-engine-5.10.3.jar:5.10.3]
	at org.junit.jupiter.engine.descriptor.ClassBasedTestDescriptor.lambda$instantiateAndPostProcessTestInstance$6(ClassBasedTestDescriptor.java:290) ~[junit-jupiter-engine-5.10.3.jar:5.10.3]
	at org.junit.platform.engine.support.hierarchical.ThrowableCollector.execute(ThrowableCollector.java:73) ~[junit-platform-engine-1.10.3.jar:1.10.3]
	at org.junit.jupiter.engine.descriptor.ClassBasedTestDescriptor.instantiateAndPostProcessTestInstance(ClassBasedTestDescriptor.java:289) ~[junit-jupiter-engine-5.10.3.jar:5.10.3]
	at org.junit.jupiter.engine.descriptor.ClassBasedTestDescriptor.lambda$testInstancesProvider$4(ClassBasedTestDescriptor.java:279) ~[junit-jupiter-engine-5.10.3.jar:5.10.3]
	at java.base/java.util.Optional.orElseGet(Optional.java:364) ~[na:na]
	at org.junit.jupiter.engine.descriptor.ClassBasedTestDescriptor.lambda$testInstancesProvider$5(ClassBasedTestDescriptor.java:278) ~[junit-jupiter-engine-5.10.3.jar:5.10.3]
	at org.junit.jupiter.engine.execution.TestInstancesProvider.getTestInstances(TestInstancesProvider.java:31) ~[junit-jupiter-engine-5.10.3.jar:5.10.3]
	at org.junit.jupiter.engine.descriptor.TestMethodTestDescriptor.lambda$prepare$0(TestMethodTestDescriptor.java:106) ~[junit-jupiter-engine-5.10.3.jar:5.10.3]
	at org.junit.platform.engine.support.hierarchical.ThrowableCollector.execute(ThrowableCollector.java:73) ~[junit-platform-engine-1.10.3.jar:1.10.3]
	at org.junit.jupiter.engine.descriptor.TestMethodTestDescriptor.prepare(TestMethodTestDescriptor.java:105) ~[junit-jupiter-engine-5.10.3.jar:5.10.3]
	at org.junit.jupiter.engine.descriptor.TestMethodTestDescriptor.prepare(TestMethodTestDescriptor.java:69) ~[junit-jupiter-engine-5.10.3.jar:5.10.3]
	at org.junit.platform.engine.support.hierarchical.NodeTestTask.lambda$prepare$2(NodeTestTask.java:123) ~[junit-platform-engine-1.10.3.jar:1.10.3]
	at org.junit.platform.engine.support.hierarchical.ThrowableCollector.execute(ThrowableCollector.java:73) ~[junit-platform-engine-1.10.3.jar:1.10.3]
	at org.junit.platform.engine.support.hierarchical.NodeTestTask.prepare(NodeTestTask.java:123) ~[junit-platform-engine-1.10.3.jar:1.10.3]
	at org.junit.platform.engine.support.hierarchical.NodeTestTask.execute(NodeTestTask.java:90) ~[junit-platform-engine-1.10.3.jar:1.10.3]
	at java.base/java.util.ArrayList.forEach(ArrayList.java:1511) ~[na:na]
	at org.junit.platform.engine.support.hierarchical.SameThreadHierarchicalTestExecutorService.invokeAll(SameThreadHierarchicalTestExecutorService.java:41) ~[junit-platform-engine-1.10.3.jar:1.10.3]
	at org.junit.platform.engine.support.hierarchical.NodeTestTask.lambda$executeRecursively$6(NodeTestTask.java:155) ~[junit-platform-engine-1.10.3.jar:1.10.3]
	at org.junit.platform.engine.support.hierarchical.ThrowableCollector.execute(ThrowableCollector.java:73) ~[junit-platform-engine-1.10.3.jar:1.10.3]
	at org.junit.platform.engine.support.hierarchical.NodeTestTask.lambda$executeRecursively$8(NodeTestTask.java:141) ~[junit-platform-engine-1.10.3.jar:1.10.3]
	at org.junit.platform.engine.support.hierarchical.Node.around(Node.java:137) ~[junit-platform-engine-1.10.3.jar:1.10.3]
	at org.junit.platform.engine.support.hierarchical.NodeTestTask.lambda$executeRecursively$9(NodeTestTask.java:139) ~[junit-platform-engine-1.10.3.jar:1.10.3]
	at org.junit.platform.engine.support.hierarchical.ThrowableCollector.execute(ThrowableCollector.java:73) ~[junit-platform-engine-1.10.3.jar:1.10.3]
	at org.junit.platform.engine.support.hierarchical.NodeTestTask.executeRecursively(NodeTestTask.java:138) ~[junit-platform-engine-1.10.3.jar:1.10.3]
	at org.junit.platform.engine.support.hierarchical.NodeTestTask.execute(NodeTestTask.java:95) ~[junit-platform-engine-1.10.3.jar:1.10.3]
	at java.base/java.util.ArrayList.forEach(ArrayList.java:1511) ~[na:na]
	at org.junit.platform.engine.support.hierarchical.SameThreadHierarchicalTestExecutorService.invokeAll(SameThreadHierarchicalTestExecutorService.java:41) ~[junit-platform-engine-1.10.3.jar:1.10.3]
	at org.junit.platform.engine.support.hierarchical.NodeTestTask.lambda$executeRecursively$6(NodeTestTask.java:155) ~[junit-platform-engine-1.10.3.jar:1.10.3]
	at org.junit.platform.engine.support.hierarchical.ThrowableCollector.execute(ThrowableCollector.java:73) ~[junit-platform-engine-1.10.3.jar:1.10.3]
	at org.junit.platform.engine.support.hierarchical.NodeTestTask.lambda$executeRecursively$8(NodeTestTask.java:141) ~[junit-platform-engine-1.10.3.jar:1.10.3]
	at org.junit.platform.engine.support.hierarchical.Node.around(Node.java:137) ~[junit-platform-engine-1.10.3.jar:1.10.3]
	at org.junit.platform.engine.support.hierarchical.NodeTestTask.lambda$executeRecursively$9(NodeTestTask.java:139) ~[junit-platform-engine-1.10.3.jar:1.10.3]
	at org.junit.platform.engine.support.hierarchical.ThrowableCollector.execute(ThrowableCollector.java:73) ~[junit-platform-engine-1.10.3.jar:1.10.3]
	at org.junit.platform.engine.support.hierarchical.NodeTestTask.executeRecursively(NodeTestTask.java:138) ~[junit-platform-engine-1.10.3.jar:1.10.3]
	at org.junit.platform.engine.support.hierarchical.NodeTestTask.execute(NodeTestTask.java:95) ~[junit-platform-engine-1.10.3.jar:1.10.3]
	at org.junit.platform.engine.support.hierarchical.SameThreadHierarchicalTestExecutorService.submit(SameThreadHierarchicalTestExecutorService.java:35) ~[junit-platform-engine-1.10.3.jar:1.10.3]
	at org.junit.platform.engine.support.hierarchical.HierarchicalTestExecutor.execute(HierarchicalTestExecutor.java:57) ~[junit-platform-engine-1.10.3.jar:1.10.3]
	at org.junit.platform.engine.support.hierarchical.HierarchicalTestEngine.execute(HierarchicalTestEngine.java:54) ~[junit-platform-engine-1.10.3.jar:1.10.3]
	at org.junit.platform.launcher.core.EngineExecutionOrchestrator.execute(EngineExecutionOrchestrator.java:198) ~[junit-platform-launcher-1.10.3.jar:1.10.3]
	at org.junit.platform.launcher.core.EngineExecutionOrchestrator.execute(EngineExecutionOrchestrator.java:169) ~[junit-platform-launcher-1.10.3.jar:1.10.3]
	at org.junit.platform.launcher.core.EngineExecutionOrchestrator.execute(EngineExecutionOrchestrator.java:93) ~[junit-platform-launcher-1.10.3.jar:1.10.3]
	at org.junit.platform.launcher.core.EngineExecutionOrchestrator.lambda$execute$0(EngineExecutionOrchestrator.java:58) ~[junit-platform-launcher-1.10.3.jar:1.10.3]
	at org.junit.platform.launcher.core.EngineExecutionOrchestrator.withInterceptedStreams(EngineExecutionOrchestrator.java:141) ~[junit-platform-launcher-1.10.3.jar:1.10.3]
	at org.junit.platform.launcher.core.EngineExecutionOrchestrator.execute(EngineExecutionOrchestrator.java:57) ~[junit-platform-launcher-1.10.3.jar:1.10.3]
	at org.junit.platform.launcher.core.DefaultLauncher.execute(DefaultLauncher.java:103) ~[junit-platform-launcher-1.10.3.jar:1.10.3]
	at org.junit.platform.launcher.core.DefaultLauncher.execute(DefaultLauncher.java:85) ~[junit-platform-launcher-1.10.3.jar:1.10.3]
	at org.junit.platform.launcher.core.DelegatingLauncher.execute(DelegatingLauncher.java:47) ~[junit-platform-launcher-1.10.3.jar:1.10.3]
	at org.apache.maven.surefire.junitplatform.LazyLauncher.execute(LazyLauncher.java:56) ~[surefire-junit-platform-3.2.5.jar:3.2.5]
	at org.apache.maven.surefire.junitplatform.JUnitPlatformProvider.execute(JUnitPlatformProvider.java:184) ~[surefire-junit-platform-3.2.5.jar:3.2.5]
	at org.apache.maven.surefire.junitplatform.JUnitPlatformProvider.invokeAllTests(JUnitPlatformProvider.java:148) ~[surefire-junit-platform-3.2.5.jar:3.2.5]
	at org.apache.maven.surefire.junitplatform.JUnitPlatformProvider.invoke(JUnitPlatformProvider.java:122) ~[surefire-junit-platform-3.2.5.jar:3.2.5]
	at org.apache.maven.surefire.booter.ForkedBooter.runSuitesInProcess(ForkedBooter.java:385) ~[surefire-booter-3.2.5.jar:3.2.5]
	at org.apache.maven.surefire.booter.ForkedBooter.execute(ForkedBooter.java:162) ~[surefire-booter-3.2.5.jar:3.2.5]
	at org.apache.maven.surefire.booter.ForkedBooter.run(ForkedBooter.java:507) ~[surefire-booter-3.2.5.jar:3.2.5]
	at org.apache.maven.surefire.booter.ForkedBooter.main(ForkedBooter.java:495) ~[surefire-booter-3.2.5.jar:3.2.5]

]]></system-out>
  </testcase>
</testsuite>