<?xml version="1.0" encoding="UTF-8"?>
<testsuite xmlns:xsi="http://www.w3.org/2001/XMLSchema-instance" xsi:noNamespaceSchemaLocation="https://maven.apache.org/surefire/maven-surefire-plugin/xsd/surefire-test-report-3.0.xsd" version="3.0" name="org.springframework.samples.petclinic.vet.VetControllerTests" time="0.519" tests="2" errors="0" skipped="0" failures="0">
  <properties>
[...]
</properties>
  <testcase name="testShowVetListHtml" classname="org.springframework.samples.petclinic.vet.VetControllerTests" time="0.088">
    <system-out><![CDATA[2024-10-15T23:46:35.923+09:00  INFO 653990 --- [           main] t.c.s.AnnotationConfigContextLoaderUtils : Could not detect default configuration classes for test class [org.springframework.samples.petclinic.vet.VetControllerTests]: VetControllerTests does not declare any static, non-private, non-final, nested classes annotated with @Configuration.
2024-10-15T23:46:35.949+09:00  INFO 653990 --- [           main] .b.t.c.SpringBootTestContextBootstrapper : Found @SpringBootConfiguration org.springframework.samples.petclinic.PetClinicApplication for test class org.springframework.samples.petclinic.vet.VetControllerTests
2024-10-15T23:46:35.957+09:00  INFO 653990 --- [           main] o.s.b.d.r.RestartApplicationListener     : Restart disabled due to context in which it is running


              |\      _,,,--,,_
             /,`.-'`'   ._  \-;;,_
  _______ __|,4-  ) )_   .;.(__`'-'__     ___ __    _ ___ _______
 |       | '---''(_/._)-'(_\_)   |   |   |   |  |  | |   |       |
 |    _  |    ___|_     _|       |   |   |   |   |_| |   |       | __ _ _
 |   |_| |   |___  |   | |       |   |   |   |       |   |       | \ \ \ \
 |    ___|    ___| |   | |      _|   |___|   |  _    |   |      _|  \ \ \ \
 |   |   |   |___  |   | |     |_|       |   | | |   |   |     |_    ) ) ) )
 |___|   |_______| |___| |_______|_______|___|_|  |__|___|_______|  / / / /
 ==================================================================/_/_/_/

:: Built with Spring Boot :: 3.3.4


2024-10-15T23:46:35.978+09:00  INFO 653990 --- [           main] o.s.s.petclinic.vet.VetControllerTests   : Starting VetControllerTests using Java 17.0.12 with PID 653990 (started by ung in /home/ung/IdeaProjects/social-microservice/spring-web-flow/spring-petclinic/spring-petclinic)
2024-10-15T23:46:35.978+09:00  INFO 653990 --- [           main] o.s.s.petclinic.vet.VetControllerTests   : No active profile set, falling back to 1 default profile: "default"
2024-10-15T23:46:36.223+09:00  INFO 653990 --- [           main] o.s.b.t.m.w.SpringBootMockServletContext : Initializing Spring TestDispatcherServlet ''
2024-10-15T23:46:36.224+09:00  INFO 653990 --- [           main] o.s.t.web.servlet.TestDispatcherServlet  : Initializing Servlet ''
2024-10-15T23:46:36.225+09:00  INFO 653990 --- [           main] o.s.t.web.servlet.TestDispatcherServlet  : Completed initialization in 0 ms
2024-10-15T23:46:36.231+09:00  INFO 653990 --- [           main] o.s.s.petclinic.vet.VetControllerTests   : Started VetControllerTests in 0.274 seconds (process running for 90.049)
]]></system-out>
  </testcase>
  <testcase name="testShowResourcesVetList" classname="org.springframework.samples.petclinic.vet.VetControllerTests" time="0.117"/>
</testsuite>