<?xml version="1.0" encoding="UTF-8"?>
<testsuite xmlns:xsi="http://www.w3.org/2001/XMLSchema-instance" xsi:noNamespaceSchemaLocation="https://maven.apache.org/surefire/maven-surefire-plugin/xsd/surefire-test-report.xsd" name="org.springframework.webflow.samples.booking.BookingFlowExecutionTests" time="0.075" tests="3" errors="0" skipped="0" failures="0">
  <properties>
[...]
</properties>
  <testcase name="testStartBookingFlow" classname="org.springframework.webflow.samples.booking.BookingFlowExecutionTests" time="0.04"/>
  <testcase name="testReviewBooking_Confirm" classname="org.springframework.webflow.samples.booking.BookingFlowExecutionTests" time="0.021"/>
  <testcase name="testEnterBookingDetails_Proceed" classname="org.springframework.webflow.samples.booking.BookingFlowExecutionTests" time="0.014"/>
</testsuite>